### ISSUE TITLE
don't zero-pad values in context regs

### ISSUE THREAD

**Issue by Grazfather** [hugsy/gef#295]
I think that it's actually easier to see the values if they aren't padded.

What do you think?

Before
```
$rax   : 0x000000000040052d  →  <main+0> push rbp
$rbx   : 0x0000000000000000
$rcx   : 0x0000000000000000
$rdx   : 0x00007fffffff6fa8  →  0x00007fffffff738e  →  "_fzf_orig_completion_tee=complete -F %s tee #_long[...]"
$rsp   : 0x00007fffffff6eb0  →  0x0000000000000000
$rbp   : 0x00007fffffff6eb0  →  0x0000000000000000
$rsi   : 0x00007fffffff6f98  →  0x00007fffffff736f  →  "/home/graz/code/tmp/hello"
$rdi   : 0x0000000000000001
```

After
```
$rax   : 0x40052d            →  <main+0> push rbp
$rbx   : 0x0
$rcx   : 0x0
$rdx   : 0x7fffffff6fa8      →  0x7fffffff738e      →  "_fzf_orig_completion_tee=complete -F %s tee #_long[...]"
$rsp   : 0x7fffffff6eb0      →  0x0000000000000000
$rbp   : 0x7fffffff6eb0      →  0x0000000000000000
$rsi   : 0x7fffffff6f98      →  0x7fffffff736f      →  "/home/graz/code/tmp/hello"
$rdi   : 0x1
```

**Comment by Grazfather** [comment]
Similarly:

```
$rax     0x000000000040052d $rbx                    0x0 $rcx                    0x0 $rdx     0x00007fffffff6fa8 $rsp     0x00007fffffff6eb0 $rbp     0x00007fffffff6eb0
$rsi     0x00007fffffff6f98 $rdi     0x0000000000000001 $rip     0x0000000000400531 $r8      0x00007ffff7dd4e80 $r9      0x00007ffff7dea600 $r10     0x00007fffffff6d40
$r11     0x00007ffff7a32e50 $r12     0x0000000000400440 $r13     0x00007fffffff6f90 $r14                    0x0 $r15                    0x0 $eflags  582
$cs      0x0000000000000033 $ss      0x000000000000002b $ds                     0x0 $es                     0x0 $fs                     0x0 $gs                     0x0
```

vs
```
$rax               0x40052d $rbx                    0x0 $rcx                    0x0 $rdx             0xffff6fa8 $rsp             0xffff6eb0 $rbp             0xffff6eb0
$rsi             0xffff6f98 $rdi                    0x1 $rip               0x400531 $r8              0xf7dd4e80 $r9              0xf7dea600 $r10             0xffff6d40
$r11             0xf7a32e50 $r12               0x400440 $r13             0xffff6f90 $r14                    0x0 $r15                    0x0 $eflags  582
$cs                    0x33 $ss                    0x2b $ds                     0x0 $es                     0x0 $fs                     0x0 $gs                     0x0
```

**Comment by hugsy** [comment]
Yeah it's good, less confusing.

For the raw register view, maybe aligning the values to the left (not right) might be also better.

Other than that, go for it :sunglasses:

**Comment by Grazfather** [comment]
Actually, in the first I right align, and in the second I right align. I think I prefer left.

**Comment by Grazfather** [comment]
Haha good timing. I agree.

```
$rax     0x40052d           $rbx     0x0                $rcx     0x0                $rdx     0xffff6fa8         $rsp     0xffff6eb0         $rbp     0xffff6eb0
$rsi     0xffff6f98         $rdi     0x1                $rip     0x400531           $r8      0xf7dd4e80         $r9      0xf7dea600         $r10     0xffff6d40
$r11     0xf7a32e50         $r12     0x400440           $r13     0xffff6f90         $r14     0x0                $r15     0x0                $eflags  582
$cs      0x33               $ss      0x2b               $ds      0x0                $es      0x0                $fs      0x0                $gs      0x0
```
