### ISSUE TITLE
Pointers dereferencing while debugging linux kernel 

### ISSUE THREAD

**Issue by rdaneel-olivaw** [hugsy/gef#620]
Your issue will be closed unless you confirm the following (insert `x` in the brackets if done/agreed):
  * [x] Did you use the latest version of GEF from `master` branch?
  * [x] Did you read the [documentation](https://gef.readthedocs.org/en/latest/) first?
  * [x] Did you check [issues](https://github.com/hugsy/gef/issues) (including the closed ones) - and the [PR](https://github.com/hugsy/gef/pulls)?

### Step 1: Describe your environment

  * Operating System / Distribution: Ubuntu Focal
  * Architecture: x86_64
  * GDB version
gef➤  pi import sys;print(gdb.VERSION);print(sys.version)
8.1.50.20180718-git
3.8.6 (default, Mar  9 2021, 13:41:54) 
[GCC 9.3.0]

### Step 2: Describe your problem
When debugging the linux kernel using qemu, dereferencing of pointers is problematic. Null pointers are followed, and
the same value is printed twice in registers and stack panes.
Also, null pointers defined in pcustom structures are followed.

#### Steps to reproduce
[lkmc.tar.zip](https://github.com/hugsy/gef/files/6111851/lkmc.tar.zip)

  1. Prerequisites: Vagrant and VirtualBox. Tested on MacOS. 
  2. untar the attached lkmc.tar.zip file
  3.  you should then have a directory lkmc contains Vagrantfile, gef.rc and skb_t.py
  3. vagrant up
  4. wait until compilation of https://github.com/cirosantilli/linux-kernel-module-cheat.git  is done
  5. the vm will consume about 25 GB of disk space

#### Minimalist test case
vagrant ssh
 cd linux-kernel-module-cheat
 tmux
 ./run --gdb --tmux-args ip_output
 ping www
switch to gdb pane: ctrl-b right-arrow
gef>registers

#### Observed Results
<img width="820" alt="image" src="https://user-images.githubusercontent.com/26674623/110546581-860f1900-80e3-11eb-8649-e8fbb6b1d321.png">
Notice the same value is printed twice.
Similar issue with stack display.

pcustom also following null pointers and getting an error:
<img width="715" alt="image" src="https://user-images.githubusercontent.com/26674623/110546736-ba82d500-80e3-11eb-98ee-58e30f7b662d.png">

#### Expected results

  * Below are my hand-edited expected results
$rax   : 0xffffffff81648080  →  0x8b48559066666666 
$rbx   : 0xff1100000e399200  →  0x0000000000000000
$rcx   : 0x00000000ffff70e9 
$rdx   : 0xff1100000e399200  →  0x0000000000000000 
$rsp   : 0xffa000000040bba8  →  0xffffffff81645711  →  0x5bc35d5d415c415b 
$rbp   : 0xffa000000040bbc8  →  0xffa000000040bbe0  →  0xffa000000040bc20  →  0xffa000000040bdb0  →  0xffa000000040bde8  →  0xffa000000040bf20  →  0xffa000000040bf30  →  0xffa000000040bf48
$rsi   : 0xff1100000e3b8000  →  0x0f02000a0302000a 
$rdi   : 0xffffffff820d4d40  →  0x0000000200000002
$rip   : 0xffffffff81648080  →  0x8b48559066666666 
$r8    : 0x000000000000001d 
$r9    : 0x0000000000000014 
$r10   : 0x0000000000000024
$r11   : 0x0000000037ea9ff7 
$r12   : 0xffffffff820d4d40  →  0x0000000200000002
$r13   : 0xff1100000e3b8000  →  0x0f02000a0302000a 
$r14   : 0xff1100000e3b8000  →  0x0f02000a0302000a 
$r15   : 0x000000000000001d

pcustom skb_t skb
0xff1100000e399200+0x0000 prev :        <skb_t.LP_skb_t object at 0x7f263e46d740> (LP_skb_t) → NULL
0xff1100000e399200+0x0008 next :        <skb_t.LP_skb_t object at 0x7f263e46d640> (LP_skb_t) → NULL

#### Traces

gef config gef.debug 1
Does not print any further information:

gef➤  gef config gef.debug 1
gef➤  pcustom skb_t skb
0xff1100000e399200+0x0000 prev :        <skb_t.LP_skb_t object at 0x7f263e613b40> (LP_skb_t)
[!]  Cannot reach memory 0x0
0xff1100000e399200+0x0008 next :        <skb_t.LP_skb_t object at 0x7f263e46d640> (LP_skb_t)
[!]  Cannot reach memory 0x0

**Comment by Grazfather** [comment]
How should we handle this? If you debug a target where 0 is a valid address you would want the pointer to be followed.

**Comment by rdaneel-olivaw** [comment]
Maybe I am misunderstanding the output, but when gef prints out 
[!] Cannot reach memory 0x0
is 0 a valid address?

**Comment by daniellimws** [comment]
@rdaneel-olivaw I believe you are proposing for the output to be 

```
0xff1100000e399200+0x0000 prev : <skb_t.LP_skb_t object at 0x7f263e46d740> (LP_skb_t) → NULL
0xff1100000e399200+0x0008 next : <skb_t.LP_skb_t object at 0x7f263e46d640> (LP_skb_t) → NULL
```

instead of 

```
0xff1100000e399200+0x0000 prev : <skb_t.LP_skb_t object at 0x7f263e613b40> (LP_skb_t)
[!] Cannot reach memory 0x0
0xff1100000e399200+0x0008 next : <skb_t.LP_skb_t object at 0x7f263e46d640> (LP_skb_t)
[!] Cannot reach memory 0x0
```

Correct?

**Comment by rdaneel-olivaw** [comment]
Yes. The NULL part assumes that the structure has been defined to print that string when the value is 0. 
Like so
from ctypes import *
class skb_t(Structure):
   _values_ = [
               ("prev", [ (0, "NULL")]),
               ("next", [ (0, "NULL")])
             ]

skb_t._fields_ = [
              ("prev", POINTER(skb_t)),
              ("next", POINTER(skb_t)),
            ]

Ideally, <skb_t.LP_skb_t object at 0x7f263e613b40> should not be printed. Or, print the type, but not
"object at 0x7f263e613b40", that just adds clutter, and I don't think 0x7f263e613b40 has any significance on the target, does it? If the value is not 0, try to follow the pointer.

**Comment by rdaneel-olivaw** [comment]
If the field value matches one of the defined _values_, is there a reason to print anything else (and to try to follow a pointer?
