{"meta": {"format": 3, "version": "7.6.4", "timestamp": "2024-10-29T20:21:55.383257", "branch_coverage": true, "show_contexts": false}, "files": {"gef.py": {"executed_lines": [52, 53, 54, 55, 56, 57, 58, 59, 60, 61, 62, 63, 64, 65, 66, 67, 68, 69, 70, 71, 72, 73, 74, 75, 76, 77, 78, 79, 80, 81, 82, 83, 84, 85, 88, 91, 92, 94, 97, 98, 99, 100, 101, 104, 109, 110, 118, 119, 120, 121, 123, 124, 126, 129, 130, 132, 133, 135, 136, 137, 138, 139, 140, 141, 142, 143, 144, 145, 147, 148, 149, 150, 152, 155, 159, 160, 161, 162, 164, 165, 168, 171, 172, 177, 178, 180, 182, 185, 198, 199, 201, 206, 208, 209, 210, 211, 212, 213, 214, 215, 217, 220, 222, 223, 227, 228, 231, 234, 235, 238, 239, 241, 242, 243, 245, 246, 260, 261, 263, 269, 270, 271, 272, 274, 277, 283, 285, 287, 293, 299, 305, 311, 313, 314, 317, 319, 320, 323, 325, 326, 329, 331, 332, 335, 337, 338, 343, 345, 346, 351, 353, 354, 355, 363, 366, 367, 368, 369, 371, 373, 376, 379, 380, 381, 382, 386, 389, 391, 392, 393, 394, 395, 396, 397, 398, 400, 401, 402, 403, 404, 406, 407, 408, 409, 410, 413, 416, 417, 418, 419, 421, 424, 426, 427, 428, 429, 431, 432, 435, 436, 437, 438, 439, 442, 446, 449, 453, 455, 456, 457, 458, 459, 460, 461, 462, 464, 465, 466, 473, 474, 475, 477, 479, 481, 482, 485, 486, 487, 488, 489, 490, 491, 492, 493, 494, 495, 497, 498, 500, 501, 502, 503, 504, 507, 508, 516, 535, 536, 537, 538, 539, 540, 541, 542, 543, 544, 545, 546, 547, 548, 549, 550, 551, 552, 553, 554, 555, 556, 557, 558, 560, 561, 563, 565, 566, 567, 568, 569, 570, 571, 572, 575, 576, 577, 578, 579, 580, 581, 583, 584, 585, 586, 587, 588, 589, 590, 591, 592, 593, 594, 596, 599, 600, 603, 604, 606, 607, 609, 610, 611, 612, 614, 615, 616, 619, 620, 621, 622, 623, 624, 625, 627, 628, 629, 630, 631, 632, 634, 635, 636, 637, 638, 639, 640, 641, 643, 644, 645, 646, 647, 648, 649, 651, 652, 653, 656, 657, 658, 660, 661, 662, 663, 664, 665, 666, 669, 670, 672, 673, 674, 675, 676, 677, 678, 679, 681, 684, 685, 687, 688, 690, 691, 692, 694, 696, 701, 702, 703, 705, 708, 709, 711, 718, 719, 721, 722, 725, 726, 731, 732, 733, 734, 743, 744, 746, 747, 748, 749, 750, 753, 757, 760, 761, 767, 770, 774, 777, 778, 779, 781, 782, 784, 785, 787, 791, 792, 795, 796, 797, 798, 799, 800, 802, 805, 807, 808, 809, 810, 812, 813, 815, 816, 819, 823, 824, 830, 831, 832, 834, 836, 837, 838, 839, 840, 841, 842, 843, 844, 845, 846, 847, 848, 850, 851, 852, 853, 854, 856, 857, 858, 859, 860, 861, 862, 863, 864, 865, 867, 868, 869, 870, 871, 872, 873, 874, 875, 876, 877, 878, 879, 880, 881, 882, 883, 884, 885, 886, 888, 889, 890, 891, 893, 895, 898, 899, 900, 901, 905, 908, 910, 912, 913, 917, 919, 922, 925, 926, 929, 932, 933, 936, 937, 941, 942, 944, 945, 946, 948, 949, 950, 951, 953, 954, 956, 957, 958, 959, 961, 962, 964, 967, 970, 971, 972, 974, 975, 976, 978, 979, 988, 989, 990, 991, 992, 993, 994, 995, 996, 997, 999, 1000, 1001, 1002, 1003, 1004, 1007, 1008, 1009, 1010, 1011, 1013, 1014, 1015, 1017, 1018, 1019, 1021, 1022, 1023, 1025, 1026, 1027, 1029, 1030, 1031, 1033, 1034, 1035, 1037, 1038, 1039, 1041, 1042, 1043, 1045, 1046, 1047, 1049, 1050, 1051, 1054, 1055, 1056, 1057, 1058, 1059, 1060, 1061, 1062, 1063, 1064, 1065, 1066, 1067, 1068, 1069, 1070, 1071, 1072, 1073, 1074, 1075, 1076, 1077, 1079, 1080, 1083, 1084, 1085, 1086, 1088, 1089, 1090, 1091, 1092, 1093, 1094, 1095, 1097, 1098, 1100, 1101, 1102, 1103, 1104, 1105, 1106, 1112, 1113, 1115, 1121, 1122, 1123, 1124, 1125, 1126, 1127, 1128, 1129, 1130, 1131, 1132, 1133, 1134, 1135, 1136, 1137, 1138, 1139, 1140, 1141, 1142, 1143, 1144, 1145, 1146, 1147, 1148, 1149, 1150, 1151, 1152, 1153, 1154, 1155, 1156, 1157, 1158, 1159, 1160, 1161, 1162, 1164, 1165, 1168, 1169, 1170, 1171, 1172, 1173, 1174, 1175, 1176, 1177, 1178, 1179, 1180, 1181, 1182, 1183, 1184, 1186, 1187, 1188, 1190, 1191, 1192, 1193, 1194, 1195, 1196, 1197, 1198, 1199, 1200, 1202, 1203, 1205, 1206, 1207, 1208, 1209, 1210, 1211, 1218, 1219, 1220, 1222, 1223, 1224, 1228, 1229, 1230, 1231, 1232, 1233, 1234, 1235, 1237, 1243, 1244, 1246, 1247, 1249, 1253, 1254, 1257, 1260, 1262, 1263, 1264, 1265, 1268, 1269, 1271, 1272, 1274, 1275, 1277, 1282, 1283, 1284, 1286, 1287, 1289, 1290, 1291, 1292, 1293, 1294, 1295, 1296, 1301, 1302, 1305, 1306, 1307, 1310, 1311, 1314, 1315, 1317, 1318, 1319, 1320, 1322, 1323, 1324, 1325, 1326, 1328, 1329, 1330, 1333, 1336, 1339, 1340, 1341, 1343, 1344, 1347, 1348, 1351, 1352, 1354, 1359, 1360, 1361, 1362, 1368, 1369, 1370, 1373, 1374, 1376, 1377, 1378, 1379, 1380, 1381, 1383, 1384, 1385, 1386, 1390, 1392, 1396, 1405, 1407, 1410, 1414, 1415, 1416, 1418, 1419, 1420, 1425, 1426, 1428, 1429, 1430, 1431, 1432, 1434, 1437, 1438, 1440, 1441, 1442, 1444, 1445, 1447, 1448, 1449, 1451, 1452, 1453, 1455, 1456, 1458, 1459, 1462, 1464, 1467, 1468, 1469, 1471, 1472, 1473, 1475, 1476, 1477, 1479, 1480, 1481, 1483, 1484, 1485, 1487, 1488, 1489, 1491, 1492, 1493, 1495, 1496, 1499, 1500, 1501, 1503, 1504, 1507, 1508, 1511, 1512, 1513, 1515, 1516, 1517, 1519, 1521, 1522, 1523, 1524, 1526, 1527, 1528, 1529, 1530, 1532, 1537, 1538, 1540, 1541, 1542, 1543, 1545, 1546, 1547, 1549, 1551, 1552, 1554, 1555, 1556, 1560, 1562, 1563, 1566, 1569, 1570, 1571, 1572, 1573, 1575, 1576, 1591, 1592, 1596, 1597, 1598, 1599, 1601, 1602, 1608, 1609, 1610, 1611, 1612, 1614, 1622, 1624, 1625, 1626, 1627, 1628, 1629, 1630, 1631, 1632, 1633, 1635, 1636, 1637, 1639, 1640, 1642, 1643, 1646, 1647, 1648, 1650, 1651, 1652, 1654, 1655, 1656, 1658, 1659, 1662, 1663, 1666, 1667, 1670, 1672, 1673, 1674, 1675, 1676, 1678, 1679, 1680, 1682, 1683, 1685, 1686, 1687, 1688, 1690, 1691, 1693, 1694, 1696, 1699, 1701, 1704, 1705, 1708, 1709, 1711, 1712, 1713, 1715, 1716, 1718, 1719, 1721, 1722, 1724, 1725, 1727, 1731, 1734, 1735, 1737, 1738, 1739, 1741, 1742, 1743, 1744, 1748, 1749, 1750, 1751, 1755, 1756, 1758, 1760, 1777, 1778, 1781, 1782, 1786, 1788, 1790, 1791, 1792, 1793, 1794, 1795, 1797, 1800, 1802, 1803, 1804, 1805, 1807, 1809, 1816, 1818, 1819, 1821, 1823, 1824, 1826, 1827, 1830, 1832, 1833, 1834, 1835, 1837, 1840, 1843, 1844, 1845, 1846, 1849, 1850, 1851, 1854, 1855, 1856, 1859, 1860, 1861, 1864, 1865, 1866, 1869, 1871, 1874, 1875, 1878, 1881, 1887, 1888, 1890, 1891, 1892, 1894, 1895, 1897, 1900, 1901, 1903, 1904, 1905, 1906, 1907, 1908, 1909, 1910, 1912, 1913, 1914, 1918, 1919, 1920, 1923, 1925, 1926, 1927, 1928, 1931, 1933, 1936, 1937, 1939, 1940, 1941, 1942, 1945, 1946, 1953, 1954, 1955, 1957, 1958, 1959, 1960, 1962, 1963, 1964, 1965, 1968, 1976, 1977, 1979, 1980, 1981, 1983, 1984, 1985, 1987, 1988, 1989, 1990, 1994, 1995, 1998, 2000, 2003, 2005, 2008, 2010, 2011, 2014, 2016, 2017, 2020, 2021, 2022, 2023, 2025, 2026, 2027, 2030, 2031, 2032, 2033, 2034, 2036, 2038, 2039, 2040, 2042, 2043, 2046, 2048, 2050, 2051, 2054, 2055, 2058, 2072, 2081, 2082, 2090, 2091, 2099, 2100, 2105, 2106, 2107, 2111, 2112, 2113, 2114, 2115, 2116, 2119, 2128, 2129, 2131, 2132, 2133, 2134, 2135, 2136, 2137, 2138, 2139, 2141, 2143, 2144, 2146, 2148, 2151, 2154, 2158, 2162, 2163, 2164, 2165, 2167, 2170, 2175, 2178, 2182, 2183, 2185, 2188, 2189, 2194, 2197, 2200, 2202, 2203, 2206, 2208, 2211, 2213, 2216, 2219, 2221, 2222, 2223, 2224, 2225, 2226, 2227, 2232, 2233, 2236, 2238, 2239, 2242, 2257, 2258, 2262, 2263, 2290, 2291, 2296, 2297, 2300, 2301, 2305, 2306, 2310, 2312, 2313, 2314, 2315, 2318, 2319, 2320, 2321, 2324, 2325, 2326, 2327, 2334, 2335, 2338, 2339, 2340, 2342, 2344, 2345, 2346, 2347, 2348, 2350, 2351, 2354, 2355, 2358, 2359, 2360, 2361, 2362, 2363, 2364, 2365, 2366, 2367, 2368, 2371, 2372, 2373, 2374, 2376, 2377, 2378, 2381, 2384, 2385, 2387, 2390, 2391, 2395, 2397, 2400, 2403, 2406, 2409, 2412, 2415, 2416, 2418, 2419, 2422, 2423, 2424, 2426, 2428, 2429, 2430, 2432, 2433, 2435, 2436, 2437, 2438, 2441, 2442, 2443, 2445, 2446, 2447, 2448, 2450, 2451, 2454, 2455, 2456, 2458, 2459, 2460, 2462, 2463, 2466, 2467, 2468, 2474, 2476, 2477, 2478, 2479, 2480, 2481, 2486, 2488, 2490, 2491, 2492, 2493, 2496, 2497, 2498, 2499, 2500, 2501, 2502, 2503, 2504, 2505, 2506, 2507, 2508, 2511, 2512, 2513, 2514, 2515, 2520, 2521, 2522, 2523, 2524, 2526, 2527, 2529, 2530, 2533, 2536, 2547, 2548, 2551, 2552, 2560, 2563, 2619, 2629, 2634, 2635, 2636, 2637, 2641, 2642, 2643, 2644, 2653, 2654, 2655, 2656, 2658, 2660, 2662, 2663, 2669, 2670, 2675, 2676, 2677, 2679, 2680, 2684, 2685, 2688, 2693, 2705, 2712, 2716, 2749, 2773, 2774, 2791, 2792, 2793, 2794, 2796, 2802, 2803, 2804, 2815, 2816, 2817, 2818, 2820, 2825, 2832, 2836, 2840, 2841, 2851, 2852, 2875, 2882, 2913, 2914, 2915, 2916, 2918, 2919, 2920, 2921, 2922, 2923, 2924, 2925, 2926, 2940, 2941, 2942, 2943, 2945, 2946, 2947, 2948, 2949, 2951, 2952, 2953, 2954, 2956, 2957, 2959, 2960, 2961, 2967, 2969, 3014, 3015, 3016, 3017, 3022, 3024, 3026, 3027, 3042, 3053, 3054, 3055, 3056, 3058, 3061, 3062, 3063, 3064, 3065, 3067, 3068, 3070, 3071, 3096, 3097, 3099, 3100, 3101, 3102, 3104, 3110, 3111, 3112, 3113, 3114, 3125, 3126, 3127, 3128, 3131, 3138, 3141, 3144, 3149, 3162, 3172, 3173, 3198, 3199, 3200, 3201, 3202, 3205, 3206, 3209, 3210, 3211, 3213, 3219, 3220, 3221, 3222, 3223, 3231, 3232, 3233, 3235, 3242, 3245, 3248, 3257, 3281, 3291, 3292, 3311, 3312, 3316, 3317, 3318, 3320, 3327, 3328, 3335, 3337, 3338, 3357, 3358, 3359, 3360, 3363, 3369, 3370, 3371, 3372, 3373, 3374, 3375, 3376, 3377, 3379, 3382, 3385, 3388, 3393, 3415, 3425, 3426, 3442, 3443, 3444, 3445, 3446, 3448, 3449, 3450, 3452, 3455, 3474, 3475, 3476, 3480, 3481, 3482, 3486, 3492, 3498, 3500, 3501, 3504, 3511, 3512, 3516, 3517, 3518, 3519, 3520, 3521, 3524, 3525, 3532, 3533, 3534, 3535, 3536, 3537, 3540, 3542, 3543, 3544, 3545, 3549, 3557, 3558, 3560, 3561, 3562, 3563, 3564, 3567, 3568, 3570, 3571, 3572, 3573, 3575, 3576, 3578, 3580, 3581, 3584, 3587, 3591, 3592, 3595, 3596, 3597, 3599, 3602, 3603, 3606, 3610, 3611, 3612, 3614, 3615, 3616, 3618, 3620, 3621, 3623, 3631, 3634, 3635, 3638, 3639, 3640, 3644, 3645, 3648, 3649, 3650, 3651, 3654, 3655, 3658, 3659, 3660, 3662, 3663, 3666, 3668, 3669, 3672, 3674, 3675, 3676, 3679, 3681, 3684, 3686, 3687, 3688, 3691, 3693, 3694, 3695, 3696, 3697, 3698, 3701, 3702, 3705, 3706, 3707, 3708, 3709, 3710, 3711, 3712, 3714, 3715, 3719, 3723, 3726, 3730, 3733, 3734, 3735, 3736, 3737, 3738, 3741, 3742, 3743, 3757, 3759, 3760, 3763, 3765, 3766, 3769, 3771, 3772, 3797, 3798, 3800, 3803, 3804, 3806, 3809, 3810, 3812, 3815, 3816, 3818, 3821, 3822, 3823, 3826, 3827, 3831, 3839, 3842, 3843, 3844, 3845, 3848, 3851, 3852, 3853, 3854, 3860, 3861, 3862, 3863, 3866, 3871, 3872, 3873, 3874, 3875, 3876, 3879, 3880, 3899, 3902, 3903, 3904, 3917, 3919, 3920, 3921, 3924, 3926, 3927, 3929, 3932, 3935, 3937, 3940, 3945, 3951, 3953, 3954, 3955, 3958, 3959, 3960, 3961, 3964, 3966, 3969, 3971, 3972, 3974, 3975, 3976, 3977, 3978, 3980, 3981, 3983, 3984, 3985, 3987, 3990, 3992, 3993, 3996, 3999, 4000, 4001, 4002, 4003, 4006, 4007, 4009, 4010, 4014, 4016, 4017, 4019, 4020, 4021, 4022, 4023, 4026, 4029, 4030, 4031, 4032, 4033, 4034, 4035, 4038, 4041, 4043, 4044, 4047, 4048, 4062, 4063, 4067, 4068, 4072, 4073, 4077, 4078, 4083, 4084, 4088, 4089, 4093, 4094, 4098, 4099, 4104, 4105, 4109, 4110, 4114, 4115, 4119, 4120, 4127, 4128, 4129, 4132, 4133, 4137, 4138, 4139, 4142, 4143, 4147, 4148, 4149, 4152, 4153, 4154, 4157, 4158, 4159, 4162, 4163, 4164, 4167, 4168, 4172, 4173, 4177, 4178, 4179, 4182, 4183, 4187, 4188, 4189, 4192, 4193, 4201, 4202, 4204, 4207, 4208, 4210, 4211, 4213, 4214, 4217, 4219, 4220, 4223, 4224, 4225, 4230, 4234, 4235, 4236, 4237, 4239, 4252, 4253, 4254, 4255, 4256, 4257, 4258, 4260, 4261, 4262, 4263, 4264, 4266, 4269, 4270, 4271, 4272, 4273, 4274, 4276, 4277, 4282, 4283, 4285, 4286, 4287, 4288, 4290, 4291, 4292, 4293, 4294, 4296, 4297, 4298, 4299, 4301, 4304, 4305, 4308, 4314, 4322, 4323, 4325, 4326, 4327, 4328, 4329, 4331, 4332, 4333, 4334, 4335, 4336, 4339, 4340, 4342, 4343, 4344, 4345, 4346, 4347, 4349, 4350, 4351, 4355, 4356, 4357, 4360, 4370, 4380, 4382, 4384, 4385, 4386, 4387, 4388, 4390, 4404, 4405, 4408, 4409, 4411, 4412, 4413, 4414, 4416, 4417, 4418, 4419, 4420, 4421, 4424, 4425, 4427, 4428, 4429, 4430, 4431, 4432, 4434, 4435, 4436, 4440, 4441, 4442, 4443, 4448, 4450, 4452, 4454, 4460, 4462, 4465, 4466, 4468, 4469, 4470, 4471, 4473, 4474, 4475, 4476, 4477, 4478, 4479, 4480, 4482, 4483, 4492, 4503, 4505, 4506, 4518, 4520, 4521, 4523, 4524, 4527, 4528, 4530, 4531, 4532, 4533, 4534, 4536, 4537, 4538, 4539, 4540, 4543, 4544, 4546, 4547, 4548, 4549, 4550, 4551, 4553, 4574, 4575, 4577, 4578, 4579, 4580, 4582, 4583, 4584, 4587, 4588, 4590, 4591, 4592, 4593, 4594, 4596, 4602, 4603, 4605, 4606, 4607, 4608, 4615, 4636, 4644, 4645, 4649, 4650, 4654, 4655, 4661, 4662, 4664, 4666, 4667, 4668, 4669, 4671, 4672, 4674, 4675, 4676, 4677, 4679, 4680, 4685, 4686, 4688, 4689, 4690, 4691, 4693, 4694, 4695, 4696, 4699, 4700, 4701, 4702, 4703, 4704, 4705, 4706, 4707, 4708, 4709, 4710, 4711, 4712, 4713, 4714, 4716, 4717, 4719, 4720, 4721, 4722, 4723, 4724, 4727, 4728, 4729, 4730, 4733, 4735, 4736, 4737, 4739, 4742, 4743, 4745, 4746, 4748, 4749, 4750, 4752, 4753, 4754, 4755, 4757, 4758, 4760, 4762, 4763, 4766, 4767, 4768, 4770, 4771, 4774, 4775, 4777, 4778, 4781, 4783, 4784, 4785, 4786, 4788, 4789, 4790, 4793, 4796, 4798, 4799, 4800, 4802, 4803, 4806, 4810, 4811, 4812, 4813, 4814, 4823, 4824, 4825, 4827, 4828, 4829, 4831, 4832, 4833, 4835, 4840, 4841, 4842, 4844, 4845, 4846, 4848, 4849, 4850, 4853, 4854, 4855, 4857, 4858, 4859, 4861, 4862, 4864, 4868, 4869, 4870, 4872, 4873, 4874, 4876, 4877, 4878, 4879, 4880, 4882, 4883, 4884, 4885, 4888, 4889, 4890, 4892, 4893, 4894, 4896, 4897, 4898, 4899, 4900, 4902, 4903, 4904, 4905, 4910, 4911, 4912, 4913, 4915, 4916, 4917, 4920, 4921, 4922, 4924, 4925, 4927, 4928, 4929, 4935, 4937, 4938, 4939, 4940, 4942, 4943, 4945, 4952, 4953, 4954, 4956, 4957, 4959, 4960, 4964, 4965, 4966, 4968, 4969, 4970, 4971, 4972, 4974, 4975, 4976, 4977, 4978, 4980, 4982, 4983, 4984, 4985, 4986, 4987, 4988, 4991, 4992, 4993, 4996, 4997, 5001, 5007, 5008, 5011, 5012, 5013, 5015, 5016, 5018, 5019, 5020, 5022, 5023, 5024, 5025, 5028, 5029, 5030, 5032, 5033, 5035, 5036, 5037, 5038, 5042, 5043, 5046, 5051, 5053, 5054, 5055, 5056, 5057, 5060, 5061, 5062, 5064, 5065, 5067, 5068, 5069, 5070, 5072, 5074, 5078, 5079, 5082, 5083, 5086, 5087, 5088, 5090, 5091, 5093, 5094, 5096, 5097, 5102, 5105, 5108, 5109, 5111, 5113, 5116, 5117, 5120, 5121, 5122, 5124, 5125, 5127, 5129, 5130, 5134, 5138, 5142, 5143, 5144, 5145, 5146, 5147, 5148, 5149, 5152, 5153, 5155, 5156, 5160, 5163, 5164, 5165, 5167, 5168, 5170, 5187, 5188, 5189, 5191, 5192, 5194, 5211, 5212, 5213, 5215, 5216, 5217, 5220, 5221, 5222, 5223, 5224, 5226, 5227, 5228, 5230, 5231, 5232, 5233, 5234, 5236, 5237, 5238, 5239, 5240, 5241, 5242, 5243, 5246, 5248, 5249, 5250, 5251, 5252, 5253, 5257, 5258, 5259, 5260, 5265, 5267, 5268, 5269, 5270, 5271, 5274, 5277, 5278, 5279, 5281, 5282, 5284, 5285, 5286, 5288, 5289, 5290, 5291, 5295, 5296, 5300, 5301, 5302, 5305, 5306, 5307, 5310, 5311, 5312, 5314, 5315, 5316, 5318, 5319, 5320, 5321, 5322, 5323, 5324, 5325, 5326, 5328, 5329, 5330, 5331, 5332, 5333, 5334, 5335, 5337, 5338, 5339, 5341, 5342, 5344, 5345, 5346, 5347, 5348, 5349, 5351, 5352, 5353, 5354, 5355, 5358, 5360, 5361, 5362, 5363, 5364, 5365, 5367, 5369, 5370, 5371, 5372, 5373, 5374, 5383, 5384, 5385, 5387, 5388, 5389, 5393, 5394, 5395, 5396, 5397, 5399, 5400, 5401, 5402, 5403, 5404, 5405, 5408, 5410, 5414, 5416, 5431, 5435, 5436, 5437, 5438, 5439, 5440, 5462, 5463, 5464, 5466, 5467, 5469, 5470, 5471, 5472, 5473, 5474, 5475, 5476, 5477, 5478, 5479, 5480, 5481, 5482, 5483, 5484, 5485, 5486, 5487, 5488, 5490, 5491, 5492, 5494, 5495, 5496, 5497, 5498, 5499, 5501, 5502, 5503, 5504, 5506, 5507, 5508, 5509, 5511, 5512, 5513, 5516, 5517, 5518, 5519, 5520, 5521, 5522, 5524, 5526, 5528, 5529, 5531, 5532, 5533, 5534, 5535, 5536, 5537, 5538, 5539, 5540, 5541, 5543, 5545, 5546, 5547, 5548, 5549, 5550, 5551, 5552, 5554, 5556, 5561, 5562, 5563, 5565, 5566, 5572, 5573, 5576, 5577, 5578, 5579, 5580, 5581, 5583, 5589, 5590, 5591, 5592, 5593, 5595, 5597, 5599, 5601, 5602, 5603, 5604, 5605, 5606, 5607, 5609, 5610, 5624, 5625, 5626, 5627, 5628, 5629, 5631, 5632, 5633, 5634, 5636, 5638, 5639, 5640, 5641, 5642, 5643, 5644, 5646, 5649, 5650, 5651, 5652, 5653, 5656, 5657, 5658, 5661, 5664, 5666, 5667, 5668, 5669, 5671, 5672, 5673, 5674, 5675, 5676, 5677, 5679, 5686, 5687, 5688, 5690, 5691, 5692, 5693, 5695, 5696, 5697, 5698, 5699, 5701, 5702, 5703, 5704, 5705, 5707, 5708, 5714, 5715, 5717, 5718, 5719, 5720, 5723, 5724, 5725, 5732, 5733, 5735, 5737, 5738, 5739, 5740, 5741, 5742, 5745, 5747, 5748, 5749, 5750, 5754, 5756, 5757, 5758, 5760, 5764, 5765, 5766, 5767, 5768, 5769, 5771, 5772, 5773, 5775, 5776, 5777, 5778, 5781, 5782, 5783, 5785, 5786, 5788, 5789, 5790, 5792, 5794, 5795, 5796, 5797, 5798, 5799, 5800, 5801, 5802, 5805, 5806, 5807, 5809, 5810, 5811, 5813, 5814, 5815, 5817, 5818, 5822, 5823, 5824, 5825, 5826, 5827, 5829, 5830, 5833, 5834, 5835, 5837, 5838, 5839, 5841, 5842, 5843, 5845, 5854, 5866, 5879, 5880, 5881, 5883, 5884, 5885, 5887, 5888, 5889, 5950, 5956, 5957, 5958, 5961, 5962, 5963, 5964, 5966, 5967, 5968, 5972, 5973, 5975, 5978, 5980, 5981, 5983, 5986, 5987, 5989, 5993, 5997, 5998, 6000, 6001, 6002, 6003, 6005, 6006, 6008, 6009, 6011, 6012, 6013, 6017, 6018, 6019, 6020, 6021, 6022, 6023, 6024, 6028, 6031, 6032, 6033, 6036, 6037, 6038, 6039, 6044, 6045, 6046, 6047, 6048, 6050, 6051, 6052, 6053, 6055, 6056, 6057, 6058, 6060, 6061, 6062, 6064, 6066, 6067, 6068, 6070, 6071, 6072, 6076, 6077, 6081, 6082, 6083, 6084, 6085, 6086, 6090, 6092, 6094, 6096, 6099, 6100, 6102, 6103, 6104, 6108, 6109, 6112, 6113, 6114, 6115, 6116, 6117, 6118, 6119, 6120, 6121, 6123, 6125, 6127, 6129, 6130, 6131, 6132, 6134, 6135, 6136, 6138, 6139, 6140, 6141, 6142, 6143, 6145, 6146, 6148, 6149, 6150, 6151, 6155, 6156, 6157, 6159, 6160, 6162, 6163, 6165, 6167, 6168, 6170, 6174, 6180, 6199, 6200, 6201, 6204, 6205, 6206, 6208, 6209, 6210, 6211, 6214, 6215, 6219, 6220, 6223, 6224, 6226, 6230, 6234, 6235, 6236, 6237, 6238, 6239, 6240, 6241, 6243, 6245, 6247, 6248, 6251, 6252, 6253, 6259, 6260, 6261, 6265, 6266, 6267, 6269, 6270, 6271, 6276, 6277, 6282, 6283, 6284, 6285, 6286, 6296, 6297, 6299, 6300, 6301, 6302, 6303, 6305, 6306, 6307, 6308, 6309, 6312, 6313, 6314, 6316, 6317, 6321, 6326, 6327, 6328, 6330, 6331, 6332, 6333, 6334, 6335, 6337, 6338, 6339, 6341, 6342, 6343, 6346, 6347, 6348, 6350, 6351, 6353, 6354, 6356, 6357, 6358, 6360, 6361, 6362, 6363, 6364, 6365, 6368, 6369, 6370, 6373, 6374, 6380, 6388, 6389, 6390, 6392, 6393, 6394, 6395, 6396, 6397, 6398, 6399, 6400, 6401, 6403, 6404, 6405, 6407, 6408, 6409, 6410, 6411, 6413, 6414, 6415, 6416, 6417, 6418, 6419, 6421, 6422, 6425, 6426, 6427, 6429, 6430, 6431, 6432, 6433, 6434, 6435, 6437, 6439, 6440, 6443, 6444, 6445, 6447, 6448, 6449, 6454, 6455, 6457, 6460, 6461, 6462, 6465, 6466, 6469, 6471, 6472, 6473, 6475, 6476, 6477, 6478, 6479, 6480, 6481, 6484, 6485, 6486, 6488, 6489, 6491, 6492, 6493, 6495, 6496, 6501, 6502, 6503, 6505, 6506, 6507, 6509, 6510, 6511, 6513, 6514, 6515, 6518, 6520, 6524, 6528, 6529, 6534, 6535, 6537, 6541, 6544, 6545, 6546, 6548, 6549, 6551, 6552, 6553, 6554, 6555, 6558, 6559, 6560, 6563, 6564, 6566, 6567, 6568, 6570, 6571, 6572, 6573, 6574, 6579, 6580, 6582, 6583, 6584, 6587, 6588, 6589, 6590, 6592, 6593, 6596, 6598, 6599, 6602, 6603, 6604, 6605, 6606, 6608, 6609, 6610, 6613, 6614, 6615, 6616, 6617, 6623, 6624, 6626, 6627, 6628, 6629, 6630, 6632, 6633, 6634, 6636, 6639, 6640, 6641, 6642, 6643, 6645, 6646, 6647, 6648, 6650, 6651, 6652, 6653, 6654, 6655, 6656, 6657, 6658, 6660, 6661, 6662, 6665, 6666, 6667, 6670, 6671, 6672, 6673, 6675, 6676, 6677, 6678, 6679, 6680, 6681, 6682, 6683, 6684, 6685, 6686, 6687, 6688, 6693, 6694, 6695, 6698, 6700, 6701, 6702, 6704, 6705, 6706, 6708, 6710, 6711, 6712, 6713, 6714, 6715, 6716, 6718, 6719, 6720, 6722, 6724, 6728, 6729, 6731, 6732, 6734, 6735, 6737, 6738, 6739, 6740, 6742, 6744, 6745, 6747, 6749, 6750, 6751, 6753, 6754, 6756, 6759, 6760, 6761, 6764, 6765, 6766, 6768, 6769, 6770, 6772, 6773, 6787, 6788, 6790, 6791, 6795, 6797, 6800, 6802, 6803, 6804, 6805, 6807, 6809, 6810, 6811, 6812, 6813, 6814, 6816, 6817, 6818, 6821, 6822, 6823, 6826, 6827, 6829, 6831, 6832, 6833, 6835, 6836, 6838, 6842, 6843, 6848, 6849, 6850, 6851, 6855, 6857, 6858, 6859, 6861, 6863, 6864, 6868, 6869, 6870, 6871, 6872, 6873, 6874, 6877, 6878, 6879, 6881, 6882, 6883, 6884, 6886, 6890, 6892, 6893, 6894, 6896, 6901, 6902, 6903, 6904, 6905, 6906, 6907, 6909, 6910, 6912, 6913, 6915, 6917, 6920, 6931, 6933, 6938, 6940, 6946, 6957, 6961, 6965, 6966, 6968, 6969, 6970, 6973, 6974, 6975, 6978, 6979, 6981, 6982, 6983, 6985, 6986, 6987, 6988, 6989, 6991, 6992, 6996, 6997, 6998, 7000, 7001, 7005, 7006, 7007, 7008, 7009, 7011, 7012, 7013, 7014, 7016, 7017, 7018, 7022, 7025, 7027, 7028, 7029, 7035, 7036, 7039, 7040, 7041, 7044, 7045, 7047, 7048, 7049, 7051, 7052, 7053, 7054, 7055, 7059, 7060, 7061, 7062, 7063, 7064, 7065, 7066, 7069, 7070, 7071, 7073, 7074, 7076, 7077, 7078, 7080, 7081, 7082, 7083, 7084, 7088, 7089, 7090, 7091, 7092, 7093, 7094, 7095, 7097, 7098, 7099, 7100, 7103, 7104, 7105, 7107, 7108, 7110, 7111, 7112, 7114, 7115, 7116, 7117, 7118, 7122, 7123, 7124, 7125, 7126, 7127, 7128, 7129, 7131, 7132, 7133, 7134, 7137, 7138, 7139, 7141, 7142, 7143, 7146, 7147, 7148, 7149, 7150, 7151, 7152, 7154, 7155, 7156, 7157, 7158, 7159, 7162, 7163, 7164, 7165, 7166, 7168, 7169, 7170, 7173, 7175, 7180, 7181, 7182, 7183, 7184, 7185, 7187, 7190, 7191, 7192, 7193, 7195, 7197, 7198, 7199, 7200, 7202, 7203, 7204, 7206, 7207, 7209, 7210, 7211, 7212, 7215, 7216, 7217, 7218, 7219, 7220, 7221, 7222, 7224, 7226, 7227, 7228, 7231, 7232, 7233, 7236, 7237, 7239, 7240, 7241, 7243, 7244, 7245, 7246, 7249, 7250, 7251, 7253, 7254, 7255, 7257, 7258, 7260, 7261, 7266, 7267, 7269, 7271, 7273, 7274, 7278, 7281, 7282, 7284, 7285, 7286, 7287, 7288, 7289, 7290, 7291, 7292, 7294, 7295, 7298, 7299, 7300, 7302, 7303, 7304, 7306, 7307, 7309, 7310, 7315, 7320, 7321, 7323, 7324, 7325, 7326, 7327, 7328, 7330, 7331, 7332, 7333, 7334, 7335, 7336, 7339, 7340, 7341, 7344, 7345, 7346, 7347, 7349, 7350, 7351, 7352, 7354, 7355, 7356, 7357, 7358, 7359, 7360, 7362, 7363, 7364, 7366, 7367, 7369, 7375, 7380, 7381, 7383, 7385, 7386, 7387, 7389, 7390, 7391, 7393, 7394, 7395, 7397, 7399, 7401, 7404, 7405, 7406, 7409, 7410, 7411, 7413, 7414, 7415, 7417, 7418, 7419, 7421, 7425, 7426, 7429, 7430, 7435, 7452, 7453, 7455, 7456, 7458, 7461, 7462, 7463, 7465, 7468, 7469, 7470, 7473, 7474, 7475, 7477, 7479, 7482, 7483, 7484, 7488, 7489, 7490, 7492, 7493, 7494, 7495, 7497, 7498, 7499, 7503, 7507, 7508, 7509, 7511, 7512, 7514, 7515, 7516, 7522, 7523, 7527, 7530, 7533, 7535, 7537, 7538, 7539, 7540, 7546, 7547, 7548, 7549, 7551, 7552, 7553, 7554, 7555, 7556, 7557, 7558, 7559, 7560, 7563, 7564, 7565, 7567, 7568, 7569, 7570, 7572, 7573, 7574, 7576, 7577, 7578, 7579, 7584, 7585, 7588, 7589, 7590, 7595, 7596, 7597, 7599, 7601, 7602, 7603, 7604, 7605, 7606, 7607, 7608, 7609, 7610, 7611, 7612, 7613, 7614, 7615, 7616, 7617, 7618, 7619, 7620, 7621, 7622, 7623, 7624, 7625, 7627, 7640, 7641, 7643, 7644, 7645, 7646, 7648, 7649, 7650, 7659, 7660, 7661, 7662, 7664, 7668, 7671, 7673, 7676, 7678, 7679, 7682, 7683, 7685, 7686, 7689, 7690, 7691, 7694, 7696, 7704, 7706, 7708, 7710, 7712, 7715, 7716, 7719, 7720, 7721, 7723, 7724, 7725, 7726, 7727, 7728, 7729, 7730, 7731, 7733, 7734, 7735, 7738, 7739, 7740, 7741, 7742, 7804, 7805, 7807, 7808, 7810, 7811, 7812, 7816, 7821, 7823, 7824, 7826, 7827, 7828, 7829, 7830, 7831, 7832, 7833, 7835, 7839, 7841, 7842, 7844, 7846, 7849, 7850, 7851, 7852, 7853, 7855, 7856, 7858, 7859, 7861, 7862, 7864, 7865, 7867, 7876, 7878, 7879, 7882, 7884, 7886, 7887, 7888, 7892, 7897, 7898, 7899, 7901, 7902, 7903, 7904, 7939, 7959, 8021, 8022, 8023, 8025, 8026, 8027, 8028, 8029, 8031, 8032, 8035, 8036, 8037, 8039, 8040, 8042, 8043, 8044, 8045, 8047, 8048, 8050, 8051, 8052, 8057, 8058, 8059, 8060, 8062, 8063, 8064, 8066, 8068, 8069, 8071, 8072, 8073, 8074, 8075, 8076, 8077, 8078, 8080, 8081, 8082, 8083, 8084, 8085, 8087, 8088, 8089, 8090, 8091, 8092, 8093, 8094, 8095, 8096, 8097, 8105, 8106, 8110, 8111, 8112, 8114, 8115, 8118, 8120, 8121, 8123, 8124, 8128, 8132, 8133, 8134, 8135, 8140, 8141, 8142, 8144, 8145, 8146, 8149, 8150, 8151, 8152, 8153, 8154, 8155, 8156, 8157, 8159, 8160, 8161, 8162, 8165, 8166, 8167, 8171, 8173, 8174, 8175, 8176, 8177, 8178, 8179, 8180, 8181, 8182, 8184, 8185, 8187, 8188, 8189, 8190, 8193, 8194, 8195, 8196, 8197, 8199, 8201, 8202, 8203, 8208, 8210, 8211, 8212, 8215, 8218, 8222, 8223, 8225, 8226, 8227, 8228, 8229, 8231, 8232, 8233, 8234, 8235, 8238, 8239, 8240, 8244, 8249, 8250, 8252, 8253, 8254, 8256, 8257, 8258, 8260, 8261, 8262, 8263, 8266, 8268, 8269, 8270, 8271, 8272, 8275, 8277, 8278, 8279, 8280, 8281, 8282, 8283, 8284, 8286, 8287, 8288, 8291, 8292, 8293, 8294, 8295, 8297, 8298, 8299, 8301, 8302, 8307, 8308, 8309, 8310, 8311, 8312, 8315, 8316, 8317, 8319, 8320, 8321, 8325, 8326, 8327, 8329, 8330, 8331, 8336, 8338, 8339, 8341, 8342, 8343, 8346, 8347, 8348, 8349, 8350, 8351, 8354, 8355, 8356, 8358, 8359, 8360, 8364, 8365, 8366, 8367, 8370, 8373, 8374, 8375, 8376, 8377, 8379, 8380, 8381, 8382, 8383, 8386, 8387, 8388, 8389, 8390, 8392, 8393, 8394, 8395, 8396, 8404, 8405, 8406, 8408, 8409, 8410, 8412, 8413, 8414, 8415, 8416, 8417, 8419, 8420, 8421, 8422, 8423, 8427, 8428, 8429, 8430, 8432, 8433, 8434, 8435, 8436, 8438, 8439, 8441, 8442, 8444, 8445, 8446, 8448, 8449, 8451, 8452, 8454, 8460, 8461, 8462, 8463, 8465, 8466, 8467, 8468, 8469, 8470, 8471, 8472, 8473, 8475, 8477, 8479, 8482, 8483, 8484, 8486, 8487, 8488, 8490, 8491, 8492, 8493, 8496, 8497, 8498, 8500, 8501, 8502, 8504, 8505, 8506, 8507, 8510, 8511, 8512, 8514, 8515, 8516, 8518, 8519, 8520, 8521, 8524, 8525, 8526, 8528, 8529, 8530, 8532, 8533, 8534, 8535, 8538, 8539, 8540, 8542, 8543, 8545, 8552, 8553, 8554, 8555, 8557, 8558, 8559, 8560, 8561, 8565, 8569, 8570, 8571, 8573, 8574, 8575, 8576, 8577, 8582, 8583, 8584, 8585, 8586, 8587, 8588, 8591, 8592, 8593, 8595, 8596, 8597, 8599, 8600, 8601, 8602, 8605, 8606, 8607, 8609, 8610, 8611, 8613, 8614, 8615, 8616, 8619, 8620, 8621, 8623, 8624, 8625, 8627, 8628, 8629, 8630, 8633, 8634, 8635, 8637, 8638, 8639, 8641, 8642, 8643, 8644, 8647, 8648, 8649, 8651, 8652, 8653, 8658, 8659, 8660, 8661, 8665, 8666, 8668, 8669, 8670, 8673, 8676, 8677, 8678, 8681, 8682, 8683, 8684, 8685, 8686, 8688, 8689, 8690, 8691, 8692, 8694, 8698, 8699, 8701, 8702, 8704, 8705, 8706, 8707, 8708, 8711, 8712, 8713, 8714, 8715, 8716, 8718, 8719, 8720, 8721, 8722, 8723, 8724, 8726, 8728, 8729, 8732, 8733, 8735, 8738, 8739, 8740, 8743, 8744, 8745, 8746, 8748, 8749, 8750, 8751, 8753, 8754, 8755, 8756, 8758, 8759, 8761, 8762, 8763, 8764, 8765, 8766, 8771, 8773, 8774, 8775, 8776, 8778, 8779, 8780, 8782, 8783, 8785, 8786, 8787, 8788, 8789, 8791, 8792, 8794, 8795, 8797, 8798, 8799, 8801, 8805, 8814, 8815, 8816, 8817, 8819, 8820, 8822, 8823, 8825, 8826, 8827, 8828, 8830, 8833, 8834, 8835, 8838, 8839, 8841, 8842, 8844, 8845, 8846, 8847, 8850, 8851, 8852, 8854, 8856, 8857, 8859, 8860, 8861, 8862, 8863, 8875, 8876, 8877, 8880, 8881, 8883, 8884, 8885, 8888, 8889, 8890, 8893, 8894, 8895, 8897, 8898, 8899, 8900, 8901, 8902, 8906, 8907, 8909, 8910, 8911, 8913, 8916, 8918, 8919, 8920, 8922, 8923, 8924, 8925, 8927, 8930, 8932, 8933, 8935, 8937, 8938, 8939, 8941, 8943, 8944, 8946, 8947, 8948, 8949, 8950, 8951, 8953, 8954, 8956, 8957, 8959, 8960, 8961, 8962, 8963, 8965, 8966, 8968, 8973, 8976, 8978, 8979, 8981, 8982, 8984, 8991, 8992, 8993, 8994, 8995, 8996, 8999, 9000, 9001, 9006, 9007, 9008, 9010, 9011, 9012, 9013, 9014, 9016, 9017, 9019, 9020, 9026, 9032, 9033, 9036, 9037, 9038, 9040, 9041, 9042, 9044, 9045, 9046, 9048, 9049, 9050, 9051, 9052, 9053, 9055, 9056, 9057, 9058, 9059, 9063, 9065, 9066, 9067, 9071, 9072, 9074, 9075, 9082, 9083, 9087, 9088, 9089, 9090, 9091, 9092, 9093, 9095, 9098, 9099, 9100, 9103, 9104, 9106, 9107, 9108, 9110, 9115, 9116, 9117, 9120, 9121, 9122, 9124, 9125, 9126, 9130, 9131, 9132, 9133, 9134, 9136, 9137, 9139, 9140, 9141, 9144, 9145, 9146, 9149, 9150, 9151, 9153, 9154, 9155, 9159, 9160, 9161, 9162, 9163, 9164, 9165, 9166, 9169, 9170, 9171, 9175, 9176, 9177, 9179, 9180, 9181, 9182, 9183, 9185, 9186, 9187, 9191, 9194, 9196, 9197, 9198, 9203, 9204, 9206, 9207, 9208, 9209, 9210, 9211, 9212, 9214, 9215, 9216, 9217, 9218, 9219, 9220, 9221, 9222, 9223, 9225, 9226, 9227, 9229, 9237, 9238, 9239, 9241, 9242, 9244, 9246, 9247, 9249, 9250, 9254, 9256, 9259, 9260, 9261, 9265, 9266, 9268, 9269, 9270, 9271, 9273, 9278, 9279, 9280, 9284, 9285, 9286, 9291, 9292, 9293, 9294, 9295, 9296, 9297, 9298, 9299, 9300, 9303, 9304, 9305, 9310, 9311, 9312, 9315, 9317, 9318, 9319, 9320, 9321, 9325, 9326, 9327, 9330, 9331, 9333, 9334, 9337, 9338, 9339, 9340, 9341, 9343, 9344, 9345, 9346, 9349, 9350, 9352, 9353, 9354, 9355, 9356, 9358, 9360, 9361, 9366, 9367, 9370, 9371, 9372, 9380, 9381, 9382, 9384, 9385, 9386, 9388, 9389, 9391, 9392, 9393, 9405, 9406, 9407, 9409, 9410, 9411, 9412, 9413, 9414, 9415, 9419, 9421, 9422, 9423, 9424, 9427, 9430, 9431, 9432, 9434, 9435, 9436, 9438, 9439, 9440, 9442, 9444, 9446, 9447, 9448, 9449, 9451, 9452, 9453, 9454, 9455, 9456, 9460, 9461, 9463, 9464, 9466, 9467, 9469, 9470, 9471, 9472, 9475, 9476, 9477, 9478, 9480, 9481, 9482, 9484, 9488, 9489, 9491, 9493, 9494, 9497, 9498, 9499, 9501, 9504, 9505, 9508, 9511, 9512, 9514, 9516, 9517, 9518, 9521, 9522, 9523, 9524, 9525, 9526, 9528, 9529, 9530, 9532, 9536, 9537, 9538, 9539, 9540, 9541, 9543, 9554, 9558, 9559, 9560, 9561, 9562, 9563, 9565, 9569, 9570, 9571, 9572, 9573, 9574, 9575, 9577, 9578, 9581, 9582, 9583, 9586, 9587, 9588, 9589, 9590, 9591, 9598, 9600, 9608, 9609, 9610, 9614, 9615, 9616, 9618, 9619, 9627, 9629, 9630, 9631, 9632, 9633, 9635, 9637, 9640, 9641, 9642, 9649, 9650, 9652, 9653, 9654, 9655, 9656, 9657, 9658, 9660, 9661, 9662, 9663, 9664, 9666, 9667, 9668, 9669, 9670, 9671, 9677, 9678, 9679, 9680, 9681, 9682, 9683, 9684, 9686, 9687, 9689, 9691, 9695, 9696, 9698, 9716, 9719, 9720, 9721, 9722, 9723, 9724, 9727, 9729, 9731, 9732, 9734, 9735, 9736, 9738, 9739, 9741, 9742, 9748, 9749, 9754, 9755, 9757, 9758, 9759, 9761, 9762, 9764, 9765, 9766, 9767, 9769, 9770, 9771, 9772, 9773, 9774, 9776, 9780, 9781, 9782, 9783, 9784, 9786, 9787, 9788, 9791, 9794, 9795, 9796, 9797, 9798, 9800, 9801, 9802, 9806, 9809, 9810, 9811, 9813, 9814, 9815, 9817, 9818, 9819, 9820, 9821, 9822, 9823, 9828, 9829, 9830, 9831, 9835, 9838, 9839, 9840, 9841, 9842, 9843, 9845, 9846, 9847, 9849, 9852, 9853, 9854, 9855, 9856, 9857, 9859, 9860, 9861, 9863, 9866, 9867, 9868, 9869, 9870, 9872, 9873, 9874, 9875, 9876, 9878, 9880, 9881, 9883, 9884, 9885, 9886, 9887, 9888, 9889, 9891, 9894, 9895, 9896, 9897, 9899, 9901, 9902, 9904, 9905, 9906, 9907, 9908, 9909, 9911, 9912, 9913, 9914, 9916, 9917, 9923, 9924, 9926, 9927, 9929, 9930, 9931, 9932, 9933, 9934, 9935, 9936, 9937, 9938, 9939, 9940, 9941, 9942, 9943, 9944, 9945, 9946, 9948, 9949, 9950, 9951, 9953, 9954, 9955, 9956, 9958, 9959, 9960, 9961, 9963, 9964, 9965, 9966, 9968, 9969, 9971, 9972, 9973, 9974, 9975, 9976, 9977, 9981, 9982, 9984, 9986, 9997, 10019, 10020, 10021, 10028, 10029, 10030, 10031, 10033, 10034, 10035, 10036, 10038, 10046, 10057, 10059, 10060, 10061, 10062, 10063, 10064, 10067, 10068, 10069, 10070, 10071, 10072, 10075, 10076, 10077, 10078, 10079, 10080, 10083, 10084, 10085, 10086, 10088, 10089, 10094, 10095, 10098, 10099, 10103, 10104, 10109, 10110, 10114, 10117, 10118, 10119, 10120, 10122, 10123, 10124, 10125, 10126, 10127, 10129, 10130, 10131, 10132, 10133, 10135, 10137, 10138, 10140, 10141, 10142, 10143, 10144, 10145, 10147, 10149, 10150, 10152, 10153, 10154, 10155, 10156, 10157, 10159, 10162, 10165, 10166, 10167, 10170, 10171, 10177, 10178, 10180, 10181, 10182, 10184, 10185, 10186, 10187, 10189, 10193, 10194, 10195, 10196, 10198, 10199, 10200, 10201, 10202, 10203, 10204, 10208, 10210, 10211, 10212, 10213, 10214, 10217, 10218, 10220, 10221, 10222, 10223, 10225, 10228, 10229, 10230, 10231, 10233, 10235, 10237, 10238, 10239, 10240, 10242, 10243, 10244, 10245, 10247, 10249, 10251, 10255, 10256, 10257, 10261, 10265, 10268, 10269, 10270, 10271, 10272, 10274, 10276, 10278, 10280, 10281, 10283, 10298, 10299, 10301, 10302, 10304, 10305, 10306, 10308, 10309, 10310, 10311, 10314, 10315, 10316, 10318, 10319, 10320, 10322, 10325, 10326, 10327, 10329, 10330, 10332, 10333, 10336, 10337, 10339, 10340, 10342, 10343, 10344, 10345, 10347, 10354, 10355, 10356, 10358, 10359, 10361, 10362, 10363, 10366, 10369, 10370, 10371, 10372, 10375, 10376, 10377, 10378, 10380, 10382, 10385, 10386, 10390, 10391, 10393, 10394, 10395, 10397, 10409, 10410, 10411, 10412, 10414, 10415, 10416, 10418, 10419, 10420, 10421, 10422, 10423, 10424, 10425, 10429, 10430, 10433, 10434, 10436, 10437, 10439, 10440, 10441, 10443, 10455, 10456, 10458, 10459, 10460, 10463, 10464, 10466, 10467, 10468, 10469, 10470, 10471, 10472, 10473, 10475, 10478, 10479, 10480, 10482, 10485, 10488, 10489, 10490, 10492, 10494, 10495, 10496, 10498, 10501, 10502, 10503, 10505, 10506, 10508, 10509, 10510, 10512, 10517, 10518, 10519, 10521, 10522, 10523, 10525, 10526, 10527, 10529, 10530, 10533, 10534, 10537, 10538, 10539, 10541, 10542, 10544, 10545, 10546, 10548, 10550, 10553, 10554, 10555, 10559, 10560, 10563, 10564, 10565, 10567, 10568, 10570, 10571, 10572, 10574, 10575, 10576, 10577, 10578, 10581, 10582, 10584, 10585, 10586, 10587, 10589, 10605, 10622, 10651, 10652, 10654, 10655, 10657, 10658, 10659, 10660, 10662, 10663, 10664, 10668, 10670, 10674, 10675, 10679, 10680, 10681, 10683, 10686, 10687, 10688, 10689, 10690, 10691, 10692, 10696, 10697, 10698, 10700, 10701, 10702, 10703, 10704, 10705, 10712, 10721, 10722, 10724, 10725, 10726, 10727, 10728, 10730, 10731, 10732, 10735, 10736, 10737, 10738, 10739, 10741, 10742, 10743, 10744, 10746, 10748, 10749, 10751, 10753, 10755, 10757, 10758, 10759, 10760, 10762, 10767, 10768, 10770, 10771, 10791, 10792, 10794, 10795, 10800, 10801, 10802, 10803, 10804, 10806, 10808, 10809, 10810, 10811, 10813, 10814, 10815, 10816, 10817, 10819, 10824, 10827, 10828, 10829, 10830, 10832, 10833, 10834, 10835, 10837, 10838, 10839, 10840, 10842, 10844, 10845, 10847, 10848, 10849, 10850, 10852, 10853, 10854, 10855, 10856, 10857, 10858, 10859, 10861, 10862, 10864, 10865, 10866, 10867, 10868, 10874, 10876, 10877, 10879, 10882, 10883, 10886, 10887, 10888, 10890, 10891, 10892, 10913, 10914, 10915, 10918, 10919, 10920, 10924, 10925, 10926, 10933, 10935, 10936, 10941, 10957, 10958, 10978, 10991, 10995, 10996, 10997, 10998, 10999, 11001, 11002, 11003, 11004, 11005, 11007, 11008, 11009, 11010, 11011, 11012, 11015, 11019, 11021, 11022, 11026, 11027, 11028, 11029, 11030, 11033, 11048, 11049, 11102, 11103, 11104, 11107, 11109, 11110, 11111, 11112, 11114, 11115, 11116, 11118, 11120, 11121, 11122, 11123, 11124, 11125, 11126, 11130, 11132, 11133, 11135, 11136, 11141, 11142, 11143, 11145, 11146, 11147, 11148, 11149, 11155, 11157, 11158, 11160, 11161, 11163, 11165, 11166, 11167, 11170, 11171, 11173, 11174, 11175, 11176, 11177, 11178, 11179, 11181, 11182, 11183, 11185, 11190, 11191, 11193, 11194, 11196, 11197, 11199, 11200, 11201, 11202, 11204, 11205, 11209, 11210, 11211, 11214, 11215, 11219, 11220, 11221, 11222, 11224, 11226, 11228, 11229, 11230, 11231, 11232, 11233, 11234, 11235, 11238, 11239, 11240, 11241, 11242, 11243, 11244, 11245, 11247, 11250, 11251, 11253, 11254, 11256, 11258, 11259, 11260, 11261, 11262, 11265, 11266, 11267, 11270, 11271, 11272, 11273, 11274, 11275, 11276, 11277, 11278, 11279, 11280, 11281, 11282, 11283, 11284, 11285, 11286, 11287, 11288, 11290, 11291, 11292, 11293, 11294, 11295, 11296, 11297, 11298, 11299, 11301, 11305, 11308, 11309, 11310, 11311, 11312, 11314, 11315, 11316, 11317, 11320, 11321, 11322, 11323, 11324, 11325, 11326, 11327, 11328, 11329, 11331, 11332, 11334, 11335, 11336, 11338, 11339, 11341, 11342, 11343, 11344, 11345, 11346, 11348, 11349, 11351, 11352, 11353, 11354, 11355, 11356, 11357, 11358, 11360, 11361, 11362, 11363, 11364, 11366, 11367, 11369, 11370, 11371, 11372, 11373, 11375, 11376, 11380, 11381, 11382, 11383, 11386, 11387, 11389, 11390, 11393, 11394, 11395, 11396, 11397, 11398, 11399, 11401, 11402, 11404, 11405, 11406, 11407, 11408, 11410, 11411, 11413, 11414, 11416, 11417, 11418, 11419, 11420, 11423, 11424, 11427, 11428, 11429, 11430, 11432, 11433, 11435, 11438, 11447, 11448, 11449, 11450, 11451, 11452, 11453, 11455, 11456, 11457, 11460, 11462, 11463, 11464, 11465, 11466, 11469, 11471, 11472, 11474, 11477, 11478, 11479, 11481, 11482, 11483, 11485, 11486, 11488, 11489, 11490, 11492, 11493, 11495, 11496, 11497, 11499, 11500, 11502, 11504, 11505, 11506, 11507, 11508, 11510, 11511, 11512, 11514, 11517, 11518, 11519, 11520, 11522, 11523, 11524, 11525, 11527, 11530, 11531, 11532, 11533, 11535, 11537, 11540, 11541, 11542, 11543, 11544, 11545, 11546, 11547, 11549, 11550, 11551, 11554, 11556, 11558, 11559, 11560, 11561, 11564, 11565, 11566, 11570, 11571, 11572, 11573, 11575, 11577, 11578, 11579, 11580, 11581, 11582, 11585, 11586, 11589, 11590, 11591, 11592, 11595, 11596, 11597, 11598, 11601, 11602, 11603, 11604, 11605, 11606, 11607, 11609, 11611, 11612, 11617, 11618, 11619, 11623, 11625, 11633, 11634, 11635, 11637, 11638, 11639, 11640, 11641, 11642, 11644, 11647, 11648, 11649, 11650, 11651, 11652, 11653, 11654, 11655, 11656, 11659, 11660, 11661, 11662, 11664, 11665, 11666, 11667, 11668, 11670, 11673, 11674, 11675, 11678, 11679, 11682, 11688, 11690, 11691, 11692, 11694, 11695, 11697, 11698, 11702, 11703, 11704, 11705, 11706, 11713, 11714, 11716, 11717, 11718, 11719, 11720, 11721, 11722, 11723, 11724, 11726, 11727, 11728, 11729, 11730, 11731, 11732, 11733, 11735, 11738, 11740, 11741, 11742, 11743, 11745, 11747, 11748, 11749, 11750, 11751, 11753, 11756, 11757, 11758, 11761, 11762, 11763, 11765, 11766, 11769, 11770, 11775, 11785, 11786, 11787, 11793, 11805, 11806, 11807, 11812, 11813, 11814, 11815, 11816, 11819, 11824, 11827, 11828, 11829, 11830, 11831, 11832, 11834, 11835, 11837, 11839, 11841, 11842, 11844, 11845, 11849, 11858, 11859, 11869, 11870, 11875], "summary": {"covered_lines": 6080, "num_statements": 8005, "percent_covered": 71.26615489262463, "percent_covered_display": "71", "missing_lines": 1925, "excluded_lines": 0, "num_branches": 2286, "num_partial_branches": 430, "covered_branches": 1254, "missing_branches": 1032}, "missing_lines": [106, 111, 112, 113, 114, 115, 173, 174, 175, 181, 202, 203, 204, 224, 225, 247, 249, 250, 251, 253, 254, 255, 258, 265, 266, 267, 289, 290, 295, 296, 301, 302, 307, 308, 339, 340, 347, 348, 356, 357, 384, 399, 430, 443, 468, 469, 471, 484, 597, 682, 693, 706, 723, 727, 736, 737, 738, 741, 751, 754, 758, 768, 771, 788, 803, 811, 817, 820, 903, 906, 915, 920, 939, 965, 968, 1006, 1081, 1099, 1108, 1109, 1110, 1116, 1166, 1204, 1213, 1214, 1215, 1216, 1226, 1227, 1238, 1255, 1258, 1278, 1279, 1331, 1334, 1337, 1345, 1349, 1364, 1365, 1366, 1421, 1422, 1435, 1465, 1497, 1505, 1509, 1533, 1534, 1535, 1544, 1548, 1553, 1557, 1558, 1559, 1567, 1578, 1579, 1580, 1581, 1582, 1583, 1584, 1585, 1586, 1587, 1588, 1644, 1660, 1664, 1668, 1697, 1702, 1706, 1732, 1745, 1746, 1752, 1753, 1761, 1762, 1764, 1765, 1766, 1767, 1768, 1770, 1771, 1772, 1773, 1775, 1787, 1806, 1811, 1812, 1813, 1814, 1820, 1828, 1872, 1873, 1882, 1883, 1884, 1885, 1898, 1915, 1916, 1992, 2045, 2053, 2060, 2061, 2062, 2063, 2065, 2066, 2068, 2069, 2074, 2075, 2077, 2078, 2079, 2084, 2085, 2086, 2087, 2093, 2094, 2095, 2096, 2097, 2155, 2171, 2179, 2191, 2228, 2230, 2245, 2246, 2247, 2248, 2250, 2251, 2252, 2253, 2254, 2259, 2265, 2266, 2267, 2269, 2270, 2271, 2272, 2273, 2275, 2276, 2277, 2279, 2280, 2282, 2283, 2284, 2287, 2293, 2302, 2307, 2336, 2382, 2388, 2398, 2401, 2404, 2407, 2410, 2413, 2420, 2452, 2464, 2469, 2470, 2471, 2473, 2482, 2483, 2485, 2531, 2534, 2537, 2538, 2539, 2540, 2542, 2543, 2544, 2545, 2549, 2553, 2554, 2555, 2556, 2557, 2558, 2561, 2564, 2566, 2567, 2568, 2569, 2570, 2571, 2573, 2574, 2576, 2577, 2579, 2581, 2582, 2583, 2584, 2586, 2587, 2589, 2593, 2594, 2595, 2597, 2599, 2600, 2601, 2602, 2603, 2604, 2605, 2606, 2607, 2608, 2609, 2610, 2611, 2612, 2613, 2615, 2617, 2620, 2621, 2622, 2624, 2625, 2626, 2627, 2632, 2664, 2665, 2666, 2667, 2671, 2672, 2673, 2682, 2686, 2689, 2690, 2691, 2694, 2695, 2696, 2697, 2698, 2699, 2700, 2701, 2702, 2703, 2707, 2708, 2709, 2710, 2713, 2714, 2717, 2719, 2720, 2721, 2723, 2724, 2725, 2726, 2727, 2728, 2730, 2731, 2733, 2734, 2735, 2736, 2737, 2738, 2739, 2740, 2741, 2742, 2743, 2744, 2745, 2746, 2747, 2750, 2751, 2752, 2753, 2754, 2757, 2758, 2759, 2760, 2761, 2762, 2763, 2764, 2765, 2766, 2767, 2768, 2769, 2771, 2775, 2776, 2788, 2821, 2822, 2823, 2827, 2828, 2829, 2830, 2834, 2838, 2843, 2844, 2845, 2846, 2847, 2848, 2849, 2853, 2854, 2873, 2878, 2879, 2880, 2883, 2884, 2886, 2887, 2888, 2889, 2890, 2891, 2892, 2893, 2894, 2895, 2898, 2899, 2900, 2901, 2904, 2905, 2906, 2908, 2909, 2910, 2970, 2972, 2973, 2975, 2977, 2978, 2979, 2980, 2981, 2982, 2983, 2984, 2985, 2986, 2987, 2988, 2989, 2990, 2991, 2992, 2993, 2994, 2995, 2996, 2997, 2998, 2999, 3000, 3001, 3002, 3003, 3004, 3005, 3006, 3007, 3008, 3009, 3010, 3011, 3012, 3019, 3020, 3021, 3023, 3028, 3029, 3040, 3043, 3044, 3045, 3046, 3047, 3048, 3049, 3050, 3072, 3073, 3094, 3133, 3134, 3135, 3136, 3139, 3142, 3145, 3146, 3147, 3150, 3151, 3152, 3153, 3154, 3155, 3156, 3157, 3158, 3159, 3160, 3163, 3164, 3165, 3167, 3168, 3169, 3170, 3175, 3176, 3195, 3237, 3238, 3239, 3240, 3243, 3246, 3249, 3251, 3255, 3258, 3259, 3260, 3261, 3263, 3264, 3265, 3266, 3267, 3268, 3269, 3270, 3271, 3272, 3273, 3274, 3275, 3276, 3277, 3278, 3279, 3282, 3283, 3284, 3286, 3287, 3288, 3289, 3293, 3294, 3295, 3296, 3308, 3339, 3340, 3341, 3342, 3354, 3380, 3383, 3386, 3389, 3390, 3391, 3394, 3395, 3397, 3398, 3399, 3400, 3401, 3402, 3403, 3404, 3405, 3406, 3407, 3408, 3409, 3410, 3411, 3412, 3413, 3416, 3417, 3418, 3420, 3421, 3422, 3423, 3427, 3428, 3439, 3451, 3457, 3458, 3459, 3460, 3461, 3462, 3464, 3466, 3467, 3468, 3469, 3470, 3471, 3477, 3483, 3487, 3488, 3489, 3493, 3494, 3495, 3505, 3506, 3507, 3508, 3513, 3526, 3527, 3528, 3529, 3546, 3551, 3552, 3553, 3554, 3565, 3588, 3589, 3593, 3607, 3608, 3624, 3626, 3627, 3629, 3641, 3700, 3720, 3721, 3722, 3745, 3746, 3747, 3749, 3750, 3751, 3752, 3753, 3754, 3774, 3775, 3776, 3777, 3778, 3779, 3780, 3781, 3782, 3783, 3784, 3786, 3788, 3789, 3790, 3791, 3792, 3793, 3794, 3828, 3846, 3847, 3855, 3856, 3857, 3864, 3865, 3868, 3887, 3888, 3889, 3891, 3892, 3893, 3894, 3896, 3908, 3909, 3910, 3911, 3912, 3913, 3914, 3930, 3942, 3947, 3948, 4015, 4037, 4050, 4051, 4052, 4053, 4054, 4055, 4064, 4069, 4074, 4079, 4080, 4085, 4090, 4095, 4100, 4101, 4106, 4111, 4116, 4121, 4134, 4144, 4169, 4174, 4184, 4194, 4216, 4221, 4226, 4227, 4228, 4231, 4232, 4240, 4241, 4242, 4243, 4244, 4245, 4267, 4279, 4309, 4310, 4311, 4312, 4315, 4316, 4317, 4318, 4319, 4353, 4361, 4362, 4363, 4364, 4365, 4366, 4367, 4371, 4372, 4373, 4374, 4375, 4376, 4377, 4378, 4391, 4392, 4394, 4395, 4396, 4397, 4398, 4399, 4400, 4401, 4438, 4445, 4446, 4455, 4456, 4457, 4484, 4485, 4486, 4487, 4488, 4489, 4490, 4493, 4494, 4495, 4496, 4497, 4498, 4499, 4508, 4509, 4510, 4511, 4512, 4513, 4514, 4515, 4555, 4556, 4557, 4558, 4562, 4563, 4564, 4565, 4566, 4567, 4569, 4570, 4571, 4597, 4598, 4599, 4633, 4634, 4637, 4638, 4647, 4652, 4658, 4670, 4678, 4682, 4697, 4732, 4740, 4764, 4772, 4779, 4794, 4797, 4804, 4807, 4808, 4816, 4817, 4818, 4819, 4820, 4836, 4837, 4838, 4865, 4907, 4908, 4909, 4961, 4962, 4989, 4990, 4994, 4995, 4999, 5002, 5003, 5005, 5039, 5040, 5047, 5048, 5049, 5050, 5099, 5100, 5114, 5131, 5132, 5135, 5136, 5139, 5157, 5158, 5159, 5171, 5172, 5173, 5174, 5175, 5178, 5179, 5181, 5182, 5183, 5184, 5195, 5196, 5197, 5198, 5199, 5202, 5203, 5205, 5206, 5207, 5208, 5244, 5245, 5254, 5255, 5262, 5263, 5264, 5272, 5273, 5292, 5293, 5297, 5298, 5376, 5377, 5378, 5379, 5381, 5390, 5391, 5406, 5407, 5411, 5412, 5442, 5443, 5444, 5445, 5446, 5448, 5449, 5450, 5451, 5452, 5453, 5454, 5455, 5456, 5458, 5459, 5525, 5557, 5558, 5567, 5568, 5569, 5587, 5594, 5598, 5611, 5612, 5613, 5614, 5615, 5616, 5617, 5618, 5619, 5620, 5621, 5622, 5647, 5662, 5663, 5681, 5682, 5683, 5684, 5709, 5710, 5711, 5712, 5751, 5752, 5761, 5762, 5819, 5820, 5846, 5847, 5848, 5850, 5851, 5852, 5855, 5856, 5857, 5859, 5860, 5862, 5863, 5864, 5867, 5874, 5875, 5876, 5890, 5891, 5892, 5894, 5895, 5896, 5898, 5899, 5901, 5902, 5903, 5905, 5906, 5907, 5908, 5912, 5913, 5914, 5916, 5917, 5918, 5920, 5921, 5922, 5923, 5924, 5927, 5929, 5930, 5931, 5932, 5934, 5936, 5937, 5938, 5939, 5940, 5942, 5943, 5944, 5945, 5946, 5947, 5948, 5952, 5953, 5969, 5970, 5984, 5990, 5991, 5994, 5995, 5999, 6014, 6015, 6026, 6074, 6078, 6079, 6088, 6089, 6106, 6110, 6111, 6152, 6153, 6171, 6172, 6175, 6176, 6178, 6181, 6183, 6184, 6186, 6187, 6188, 6190, 6191, 6193, 6194, 6195, 6197, 6216, 6217, 6221, 6227, 6228, 6231, 6232, 6272, 6273, 6278, 6279, 6287, 6288, 6289, 6290, 6450, 6452, 6497, 6498, 6521, 6522, 6525, 6526, 6530, 6531, 6532, 6540, 6575, 6576, 6577, 6585, 6594, 6635, 6637, 6689, 6690, 6691, 6696, 6697, 6699, 6707, 6725, 6726, 6774, 6775, 6776, 6777, 6779, 6780, 6781, 6782, 6784, 6785, 6792, 6793, 6796, 6798, 6839, 6840, 6844, 6845, 6853, 6865, 6866, 6887, 6888, 6897, 6898, 6899, 6921, 6926, 6927, 6928, 6929, 6930, 6935, 6936, 6941, 6944, 6962, 6963, 6993, 6994, 7002, 7003, 7019, 7020, 7023, 7031, 7032, 7033, 7034, 7056, 7057, 7085, 7086, 7096, 7119, 7120, 7130, 7160, 7171, 7176, 7178, 7262, 7263, 7264, 7275, 7276, 7311, 7312, 7313, 7316, 7317, 7318, 7370, 7371, 7372, 7373, 7376, 7377, 7378, 7422, 7423, 7427, 7431, 7432, 7433, 7500, 7501, 7504, 7505, 7517, 7518, 7519, 7520, 7525, 7526, 7531, 7542, 7543, 7544, 7580, 7581, 7582, 7651, 7652, 7653, 7654, 7655, 7656, 7657, 7665, 7666, 7669, 7674, 7680, 7687, 7692, 7693, 7695, 7697, 7699, 7700, 7702, 7707, 7713, 7744, 7745, 7746, 7747, 7748, 7749, 7750, 7751, 7753, 7754, 7755, 7757, 7758, 7759, 7760, 7762, 7763, 7765, 7768, 7769, 7771, 7772, 7773, 7775, 7777, 7778, 7779, 7780, 7781, 7783, 7784, 7785, 7787, 7788, 7789, 7791, 7793, 7794, 7795, 7796, 7798, 7799, 7801, 7802, 7813, 7814, 7818, 7819, 7836, 7868, 7869, 7870, 7871, 7872, 7874, 7875, 7877, 7889, 7891, 7893, 7894, 7895, 7906, 7913, 7914, 7915, 7916, 7919, 7920, 7922, 7925, 7927, 7928, 7929, 7930, 7932, 7933, 7934, 7936, 7937, 7941, 7942, 7943, 7944, 7945, 7946, 7947, 7948, 7950, 7952, 7953, 7954, 7956, 7957, 7962, 7963, 7964, 7965, 7966, 7967, 7968, 7969, 7971, 7972, 7973, 7974, 7975, 7977, 7978, 7980, 7981, 7982, 7984, 7985, 7986, 7988, 7989, 7990, 7992, 7994, 7999, 8000, 8001, 8003, 8004, 8006, 8008, 8009, 8010, 8011, 8012, 8014, 8015, 8016, 8017, 8018, 8019, 8033, 8053, 8054, 8055, 8056, 8098, 8099, 8100, 8101, 8103, 8104, 8108, 8116, 8117, 8125, 8129, 8130, 8136, 8137, 8138, 8147, 8168, 8169, 8191, 8198, 8200, 8204, 8206, 8213, 8216, 8219, 8220, 8230, 8241, 8242, 8247, 8248, 8264, 8265, 8273, 8303, 8304, 8322, 8323, 8332, 8333, 8334, 8337, 8361, 8362, 8369, 8398, 8399, 8400, 8401, 8424, 8425, 8474, 8562, 8563, 8566, 8567, 8578, 8579, 8580, 8662, 8663, 8671, 8672, 8679, 8802, 8803, 8806, 8807, 8808, 8809, 8811, 8812, 8848, 8864, 8865, 8866, 8867, 8869, 8871, 8872, 8903, 8904, 8914, 8928, 8964, 8974, 8985, 8986, 8987, 8988, 8989, 9021, 9022, 9023, 9024, 9061, 9062, 9068, 9069, 9111, 9112, 9127, 9128, 9156, 9157, 9188, 9189, 9192, 9199, 9200, 9201, 9274, 9275, 9322, 9323, 9328, 9329, 9342, 9362, 9364, 9394, 9395, 9396, 9397, 9398, 9399, 9400, 9402, 9403, 9416, 9417, 9426, 9485, 9533, 9544, 9545, 9546, 9548, 9549, 9550, 9552, 9555, 9566, 9579, 9601, 9602, 9604, 9605, 9673, 9674, 9675, 9701, 9702, 9703, 9704, 9706, 9708, 9709, 9710, 9711, 9713, 9714, 9751, 9777, 9789, 9803, 9804, 9805, 9824, 9825, 9826, 9832, 9833, 9834, 9848, 9862, 9882, 9892, 9987, 9988, 9989, 9990, 9991, 9992, 9993, 9994, 9995, 9998, 9999, 10000, 10001, 10002, 10004, 10005, 10006, 10007, 10008, 10009, 10010, 10012, 10013, 10015, 10016, 10017, 10022, 10023, 10024, 10025, 10026, 10040, 10041, 10044, 10048, 10049, 10052, 10053, 10055, 10091, 10092, 10111, 10160, 10190, 10191, 10206, 10207, 10226, 10252, 10253, 10258, 10259, 10262, 10263, 10284, 10286, 10288, 10290, 10292, 10295, 10348, 10349, 10350, 10351, 10352, 10364, 10365, 10373, 10374, 10381, 10398, 10399, 10400, 10401, 10402, 10404, 10405, 10406, 10427, 10444, 10445, 10446, 10447, 10449, 10450, 10451, 10452, 10461, 10476, 10483, 10486, 10513, 10514, 10531, 10532, 10551, 10552, 10556, 10557, 10558, 10590, 10592, 10593, 10594, 10595, 10597, 10598, 10599, 10600, 10602, 10603, 10608, 10609, 10611, 10612, 10614, 10615, 10617, 10618, 10619, 10620, 10624, 10625, 10626, 10627, 10628, 10629, 10631, 10632, 10633, 10634, 10635, 10636, 10638, 10640, 10641, 10642, 10643, 10644, 10645, 10646, 10647, 10648, 10665, 10666, 10671, 10672, 10676, 10677, 10682, 10693, 10694, 10714, 10715, 10716, 10717, 10718, 10729, 10772, 10773, 10774, 10775, 10776, 10778, 10779, 10780, 10783, 10785, 10786, 10787, 10788, 10789, 10790, 10796, 10798, 10825, 10880, 10884, 10893, 10916, 10921, 10922, 10943, 10944, 10945, 10946, 10947, 10948, 10949, 10951, 10952, 10961, 10966, 10967, 10968, 10970, 10971, 10973, 10974, 10979, 10980, 10981, 10982, 10984, 10985, 10986, 10987, 10988, 10989, 10992, 11016, 11018, 11023, 11024, 11034, 11035, 11036, 11037, 11038, 11039, 11042, 11043, 11044, 11045, 11050, 11051, 11054, 11055, 11056, 11058, 11060, 11061, 11062, 11063, 11064, 11065, 11067, 11070, 11071, 11073, 11074, 11077, 11078, 11079, 11080, 11082, 11084, 11085, 11087, 11088, 11089, 11090, 11091, 11092, 11093, 11096, 11097, 11098, 11099, 11100, 11106, 11117, 11127, 11129, 11131, 11137, 11138, 11139, 11152, 11186, 11192, 11195, 11206, 11207, 11248, 11255, 11263, 11302, 11303, 11306, 11313, 11318, 11319, 11436, 11439, 11440, 11441, 11442, 11443, 11444, 11445, 11458, 11467, 11468, 11475, 11491, 11494, 11521, 11548, 11562, 11563, 11568, 11613, 11614, 11620, 11621, 11630, 11631, 11636, 11643, 11671, 11676, 11683, 11684, 11685, 11686, 11699, 11707, 11708, 11710, 11736, 11767, 11771, 11772, 11773, 11776, 11779, 11788, 11790, 11808, 11809, 11821, 11861, 11864, 11865, 11866, 11871], "excluded_lines": [], "executed_branches": [[159, 160], [159, 164], [161, 159], [161, 162], [172, 177], [180, 182], [198, 199], [198, 201], [201, 206], [208, 209], [208, 217], [209, 210], [211, 209], [211, 212], [223, 227], [238, 239], [238, 241], [246, 260], [263, 269], [277, -277], [277, 283], [283, -283], [283, 285], [285, -285], [285, 287], [368, 369], [368, 371], [381, 382], [398, 400], [400, 401], [401, 402], [401, 403], [406, 407], [406, 408], [428, 429], [453, -453], [453, 455], [458, 459], [458, 481], [461, 462], [461, 464], [466, 473], [473, 474], [473, 477], [481, 482], [481, 500], [482, 485], [487, 488], [487, 489], [489, 490], [489, 491], [491, 492], [491, 494], [494, 495], [494, 498], [536, -535], [536, 537], [538, -537], [538, 539], [540, -539], [540, 541], [542, -541], [542, 543], [544, 545], [546, 547], [548, -547], [548, 549], [550, 551], [552, -551], [552, 553], [554, 555], [556, 557], [558, 560], [563, -560], [563, 565], [588, 589], [588, 590], [590, 591], [590, 592], [592, 593], [592, 594], [637, 638], [637, 641], [692, 694], [702, 703], [702, 709], [705, 708], [722, 725], [726, 731], [731, 732], [733, 734], [746, 747], [746, 748], [749, 750], [809, 810], [809, 812], [810, 809], [898, 899], [898, 900], [900, 901], [905, 908], [913, 917], [919, 922], [936, 937], [945, 946], [945, 948], [949, 950], [949, 951], [988, 989], [994, 995], [994, 997], [995, 994], [995, 996], [1003, 1004], [1015, -1013], [1015, 1017], [1019, -1017], [1019, 1021], [1023, -1021], [1023, 1025], [1027, -1025], [1027, 1029], [1031, -1029], [1031, 1033], [1035, -1033], [1035, 1037], [1039, -1037], [1039, 1041], [1043, -1041], [1043, 1045], [1047, -1045], [1047, 1049], [1051, -1049], [1051, -823], [1098, 1100], [1103, 1104], [1203, 1205], [1207, 1208], [1222, 1223], [1232, 1233], [1232, 1234], [1254, 1257], [1257, 1260], [1263, 1264], [1263, 1265], [1301, 1302], [1306, 1307], [1329, 1330], [1354, 1359], [1361, 1362], [1390, 1392], [1405, 1407], [1448, 1449], [1448, 1451], [1522, 1523], [1522, 1524], [1541, 1542], [1541, 1546], [1543, 1545], [1547, 1549], [1552, 1554], [1556, 1560], [1566, 1569], [1628, 1629], [1628, 1630], [1674, 1675], [1675, 1676], [1693, 1694], [1693, 1696], [1696, 1699], [1701, 1704], [1705, 1708], [1731, 1734], [1755, 1756], [1786, 1788], [1792, 1793], [1792, 1797], [1794, 1795], [1794, 1797], [1805, 1807], [1819, 1821], [1844, 1845], [1844, 1846], [1871, 1874], [1894, 1895], [1894, 1903], [1897, 1900], [1940, 1941], [1940, 1942], [1954, 1955], [1954, 1957], [1957, 1958], [1957, 1959], [1959, 1960], [1959, 1962], [1963, 1964], [1979, 1980], [1979, 1995], [1983, 1984], [1983, 1987], [1988, 1989], [2032, 2033], [2042, 2043], [2050, 2051], [2106, 2107], [2106, 2111], [2114, 2115], [2114, 2116], [2131, -2119], [2131, 2132], [2137, 2138], [2137, 2141], [2154, 2158], [2162, 2163], [2170, 2175], [2178, 2182], [2182, 2183], [2221, 2222], [2221, 2232], [2224, 2225], [2224, 2232], [2225, 2226], [2225, 2232], [2226, 2227], [2232, -2216], [2232, 2233], [2313, 2314], [2313, 2315], [2345, 2346], [2345, 2351], [2346, 2347], [2347, 2348], [2347, 2350], [2381, -2376], [2446, 2447], [2446, 2448], [2468, 2474], [2478, 2479], [2478, 2486], [2480, 2481], [2947, 2948], [2947, 2949], [3016, 3017], [3022, 3024], [3450, 3452], [3475, 3476], [3476, -3474], [3481, 3482], [3482, -3480], [3518, 3519], [3518, 3520], [3534, 3535], [3534, 3536], [3542, 3543], [3542, 3544], [3544, 3545], [3562, 3563], [3562, 3581], [3564, 3567], [3567, 3568], [3567, 3570], [3575, 3576], [3575, 3578], [3587, 3591], [3591, 3592], [3592, 3595], [3595, 3596], [3595, 3599], [3596, 3595], [3596, 3597], [3606, 3610], [3611, 3612], [3611, 3618], [3614, 3611], [3614, 3615], [3615, 3611], [3615, 3616], [3620, 3621], [3620, 3623], [3623, 3631], [3638, 3639], [3639, 3638], [3639, 3640], [3648, 3649], [3648, 3651], [3649, 3648], [3649, 3650], [3660, 3662], [3660, 3663], [3674, 3675], [3674, 3676], [3695, 3696], [3695, 3697], [3697, 3698], [3702, 3705], [3702, 3706], [3710, 3711], [3710, 3714], [3719, 3723], [3734, 3735], [3734, 3741], [3742, 3743], [3771, 3772], [3842, 3843], [3842, 3851], [3851, 3852], [3851, 3860], [3854, 3860], [3860, 3861], [3902, 3903], [3929, 3932], [3953, 3954], [3953, 3955], [3975, 3976], [3975, 3980], [3976, -3974], [3976, 3977], [3977, -3974], [3977, 3978], [3983, -3974], [3983, 3984], [4014, 4016], [4031, 4032], [4031, 4033], [4033, 4034], [4213, 4214], [4220, 4223], [4225, 4230], [4230, 4234], [4266, 4269], [4269, 4270], [4291, 4292], [4350, 4351], [4360, 4370], [4370, 4380], [4382, 4384], [4386, 4387], [4386, 4404], [4390, 4386], [4435, 4436], [4441, 4442], [4483, 4492], [4492, 4503], [4521, 4523], [4666, 4667], [4666, 4674], [4669, 4671], [4674, 4675], [4677, 4679], [4696, -4693], [4703, 4704], [4703, 4705], [4705, 4706], [4727, 4728], [4729, 4730], [4729, 4733], [4753, -4752], [4753, 4754], [4754, 4753], [4754, 4755], [4783, 4784], [4783, 4785], [4786, 4788], [4786, 4793], [4793, 4796], [4796, 4798], [4798, 4799], [4811, 4812], [4878, -4876], [4878, 4879], [4879, 4880], [4879, 4882], [4883, 4878], [4883, 4884], [4884, 4883], [4884, 4885], [4902, 4903], [4915, 4916], [4915, 4917], [4960, 4964], [4964, 4965], [4964, 4968], [4974, 4975], [4974, 4980], [4975, 4976], [4975, 4978], [4982, 4983], [4982, 4986], [4986, 4987], [4986, 4988], [4988, 4991], [4991, 4992], [4991, 4993], [4993, 4996], [4996, 4997], [5001, 5007], [5023, 5024], [5038, 5042], [5046, 5051], [5070, 5072], [5070, 5074], [5097, 5102], [5111, 5113], [5111, 5117], [5113, 5116], [5130, 5134], [5134, 5138], [5138, 5142], [5152, 5153], [5152, 5155], [5222, 5223], [5222, 5226], [5226, 5227], [5233, -5233], [5233, 5234], [5234, -5234], [5234, 5236], [5249, 5250], [5249, 5257], [5259, 5260], [5291, 5295], [5296, 5300], [5332, 5333], [5332, 5335], [5372, 5373], [5389, 5393], [5393, 5394], [5393, 5397], [5395, 5396], [5403, 5404], [5403, 5408], [5405, 5403], [5438, 5439], [5494, 5495], [5494, 5501], [5495, 5496], [5495, 5499], [5502, 5503], [5502, 5506], [5506, 5507], [5506, 5511], [5524, 5526], [5533, 5534], [5533, 5540], [5556, 5561], [5578, 5579], [5578, 5607], [5583, 5589], [5593, 5595], [5597, 5599], [5599, 5578], [5599, 5601], [5603, 5604], [5610, -5609], [5631, 5632], [5631, 5634], [5651, 5652], [5651, 5664], [5652, 5651], [5652, 5653], [5656, 5657], [5656, 5661], [5661, 5651], [5671, 5672], [5671, 5677], [5672, 5671], [5672, 5673], [5673, 5674], [5674, 5675], [5697, 5698], [5697, 5699], [5703, 5704], [5703, 5705], [5717, 5718], [5717, 5720], [5718, 5717], [5718, 5719], [5750, 5754], [5756, 5757], [5756, 5760], [5760, 5764], [5767, 5768], [5767, 5771], [5798, 5799], [5798, 5802], [5818, 5822], [5825, 5826], [5825, 5829], [5968, 5972], [5980, 5981], [5980, 5983], [5983, 5986], [5989, 5993], [5993, 5997], [5997, 5998], [5997, 6005], [5998, 6000], [6000, 6001], [6000, 6002], [6002, 5997], [6002, 6003], [6011, 6012], [6011, 6028], [6017, 6011], [6017, 6018], [6019, 6017], [6019, 6020], [6020, 6019], [6020, 6021], [6022, 6023], [6052, 6053], [6070, 6071], [6070, 6094], [6071, 6072], [6081, 6082], [6081, 6092], [6084, 6085], [6102, 6103], [6102, 6125], [6103, 6104], [6114, 6115], [6114, 6123], [6118, 6119], [6129, 6130], [6129, 6146], [6130, 6129], [6130, 6131], [6131, 6129], [6131, 6132], [6132, 6134], [6138, 6129], [6138, 6139], [6140, 6141], [6141, 6142], [6151, 6155], [6155, 6156], [6155, 6167], [6162, 6163], [6162, 6165], [6170, 6174], [6174, 6180], [6180, 6199], [6215, 6219], [6219, 6220], [6219, 6247], [6220, 6223], [6226, 6230], [6230, 6234], [6234, 6219], [6234, 6235], [6235, 6236], [6235, 6237], [6238, 6239], [6238, 6240], [6240, 6241], [6240, 6243], [6271, 6276], [6277, 6282], [6283, 6284], [6283, 6296], [6286, 6296], [6300, 6301], [6300, 6305], [6403, 6404], [6403, 6407], [6408, 6409], [6408, 6410], [6410, 6411], [6410, 6413], [6421, 6422], [6421, 6429], [6425, 6426], [6425, 6429], [6431, 6432], [6431, 6437], [6432, 6433], [6432, 6435], [6439, 6440], [6439, 6447], [6443, 6444], [6443, 6447], [6449, 6454], [6520, 6524], [6524, 6528], [6535, 6537], [6553, 6554], [6553, 6555], [6574, 6579], [6582, 6583], [6582, 6598], [6583, 6584], [6584, 6587], [6589, 6590], [6589, 6592], [6593, 6596], [6627, 6628], [6632, 6633], [6634, 6636], [6636, -6623], [6642, 6643], [6642, 6645], [6647, -6639], [6647, 6648], [6680, 6681], [6680, 6685], [6681, 6682], [6683, 6684], [6695, 6698], [6698, 6700], [6700, 6701], [6700, 6704], [6705, 6706], [6705, 6708], [6706, 6705], [6714, 6715], [6714, 6744], [6718, 6719], [6718, 6724], [6719, 6720], [6719, 6722], [6724, 6728], [6728, 6729], [6728, 6731], [6731, 6732], [6731, 6734], [6734, 6735], [6734, 6737], [6738, 6739], [6744, 6745], [6744, 6747], [6750, 6751], [6750, 6753], [6753, 6754], [6753, 6756], [6791, 6795], [6795, 6797], [6797, 6800], [6804, 6805], [6804, 6807], [6810, 6811], [6810, 6816], [6816, 6817], [6838, 6842], [6843, 6848], [6849, 6850], [6849, 6855], [6850, 6851], [6857, 6858], [6857, 6912], [6858, 6859], [6858, 6861], [6864, 6868], [6870, 6871], [6870, 6909], [6878, 6879], [6878, 6881], [6883, 6884], [6883, 6886], [6886, 6890], [6893, 6894], [6893, 6896], [6901, 6870], [6901, 6902], [6909, 6857], [6909, 6910], [6940, 6946], [6961, 6965], [6992, 6996], [7001, 7005], [7006, 7007], [7006, 7036], [7012, 7013], [7012, 7016], [7018, 7022], [7022, 7025], [7028, 7029], [7055, 7059], [7064, 7065], [7084, 7088], [7093, 7094], [7093, 7099], [7095, 7097], [7097, 7093], [7097, 7098], [7118, 7122], [7127, 7128], [7127, 7133], [7129, 7131], [7131, 7127], [7131, 7132], [7155, 7156], [7155, 7162], [7159, 7162], [7168, 7169], [7168, 7226], [7170, 7173], [7175, 7180], [7184, 7185], [7184, 7187], [7190, 7191], [7190, 7195], [7197, 7198], [7197, 7202], [7203, 7204], [7203, 7206], [7209, 7210], [7209, 7215], [7219, 7220], [7219, 7224], [7226, 7227], [7261, 7266], [7274, 7278], [7284, 7285], [7287, 7288], [7287, 7294], [7310, 7315], [7315, 7320], [7326, 7327], [7326, 7330], [7362, 7363], [7362, 7383], [7366, 7367], [7366, 7369], [7369, 7375], [7375, 7380], [7389, 7390], [7389, 7401], [7393, 7394], [7393, 7399], [7394, 7395], [7394, 7397], [7421, 7425], [7426, 7429], [7452, 7453], [7452, 7455], [7461, 7462], [7461, 7468], [7473, 7474], [7473, 7479], [7499, 7503], [7503, 7507], [7507, 7508], [7507, 7511], [7514, 7515], [7514, 7530], [7523, 7527], [7530, 7533], [7537, 7538], [7579, 7584], [7649, 7650], [7661, 7662], [7661, 7664], [7664, 7668], [7668, 7671], [7673, 7676], [7679, 7682], [7682, 7683], [7685, 7686], [7685, 7704], [7686, 7689], [7691, 7694], [7694, 7696], [7706, 7708], [7712, 7715], [7719, 7720], [7719, 7723], [7738, 7739], [7812, 7816], [7835, 7839], [7849, 7850], [7849, 7899], [7855, 7856], [7855, 7858], [7861, 7862], [7861, 7864], [7864, 7865], [7864, 7882], [7867, 7876], [7876, 7878], [7878, 7879], [7878, 7884], [7886, 7849], [7886, 7887], [7903, 7904], [8032, 8035], [8052, 8057], [8062, 8063], [8062, 8085], [8063, 8064], [8063, 8066], [8068, 8069], [8068, 8071], [8071, 8072], [8071, 8080], [8074, 8075], [8076, 8077], [8076, 8078], [8080, 8062], [8080, 8081], [8090, 8091], [8092, 8093], [8092, 8114], [8093, 8094], [8093, 8112], [8095, 8093], [8095, 8096], [8097, 8105], [8105, 8106], [8110, 8111], [8114, 8115], [8114, 8118], [8124, 8128], [8128, 8132], [8135, 8140], [8144, 8145], [8146, 8149], [8153, 8154], [8153, 8159], [8167, 8171], [8178, 8179], [8178, 8180], [8180, 8181], [8180, 8182], [8190, 8193], [8193, 8194], [8195, 8196], [8195, 8197], [8197, 8199], [8199, 8201], [8201, 8202], [8201, 8203], [8203, 8193], [8212, 8215], [8215, 8218], [8218, 8222], [8225, 8226], [8225, 8252], [8227, 8228], [8227, 8229], [8229, 8231], [8231, 8232], [8238, 8239], [8238, 8244], [8240, 8244], [8257, 8258], [8257, 8260], [8261, 8262], [8261, 8266], [8262, 8263], [8263, 8261], [8269, -8268], [8269, 8270], [8272, 8275], [8279, 8280], [8279, 8284], [8321, 8325], [8329, 8330], [8329, 8336], [8331, 8341], [8336, 8338], [8338, 8339], [8360, 8364], [8366, 8367], [8394, 8395], [8423, 8427], [8432, 8433], [8432, 8438], [8441, 8442], [8441, 8444], [8467, 8468], [8467, 8479], [8473, 8475], [8561, 8565], [8565, 8569], [8573, 8574], [8573, 8582], [8574, 8575], [8574, 8582], [8583, 8584], [8583, 8588], [8661, 8665], [8678, 8681], [8688, 8689], [8688, 8735], [8689, 8690], [8689, 8692], [8699, 8701], [8699, 8704], [8705, 8706], [8705, 8711], [8711, 8712], [8712, 8713], [8712, 8718], [8718, 8719], [8719, 8720], [8719, 8732], [8721, 8722], [8721, 8723], [8723, 8724], [8723, 8726], [8773, 8774], [8773, 8778], [8775, 8773], [8775, 8776], [8778, 8779], [8778, 8782], [8797, 8798], [8797, 8801], [8801, 8805], [8805, 8814], [8815, 8816], [8815, 8819], [8827, 8828], [8827, 8830], [8844, 8845], [8844, 8859], [8847, 8850], [8851, 8852], [8851, 8854], [8859, 8860], [8860, 8861], [8902, 8906], [8909, 8910], [8909, 8927], [8910, 8911], [8910, 8913], [8913, 8916], [8918, 8919], [8918, 8922], [8927, 8930], [8937, 8938], [8937, 8953], [8943, 8944], [8943, 8946], [8946, 8937], [8946, 8947], [8947, 8948], [8961, 8962], [8961, 8963], [8963, 8965], [8965, 8966], [8965, 8968], [8973, 8976], [9019, 9020], [9019, 9033], [9020, 9026], [9050, 9051], [9050, 9055], [9055, 9056], [9055, 9063], [9067, 9071], [9074, 9075], [9082, 9083], [9082, 9087], [9088, 9089], [9088, 9095], [9091, 9092], [9126, 9130], [9155, 9159], [9187, 9191], [9191, 9194], [9209, 9210], [9209, 9212], [9237, 9238], [9241, 9242], [9241, 9244], [9321, 9325], [9327, 9330], [9338, 9339], [9338, 9349], [9341, 9343], [9355, 9356], [9355, 9360], [9361, 9366], [9391, 9392], [9393, 9405], [9411, 9412], [9411, 9421], [9412, 9411], [9412, 9413], [9415, 9419], [9421, 9422], [9421, 9423], [9423, 9424], [9460, -9451], [9460, 9461], [9480, 9481], [9480, 9488], [9484, 9488], [9493, 9494], [9493, 9518], [9497, 9498], [9498, 9499], [9498, 9501], [9504, 9505], [9511, 9512], [9511, 9514], [9578, 9581], [9630, 9631], [9630, 9635], [9669, 9670], [9720, 9721], [9720, 9731], [9721, 9722], [9731, 9732], [9731, 9734], [9765, 9766], [9765, 9767], [9788, 9791], [9802, 9806], [9830, 9831], [9847, 9849], [9861, 9863], [9881, 9883], [9886, 9887], [9886, 9888], [9895, 9896], [9901, 9902], [9901, 9904], [10020, 10021], [10067, 10068], [10067, 10075], [10068, 10069], [10069, 10068], [10069, 10070], [10075, 10076], [10075, 10094], [10077, 10078], [10078, 10077], [10078, 10079], [10083, 10084], [10085, 10086], [10085, 10088], [10110, 10114], [10137, 10138], [10137, 10140], [10150, 10152], [10150, 10153], [10165, 10166], [10189, 10193], [10193, 10194], [10193, 10198], [10198, 10199], [10198, 10210], [10201, 10202], [10202, 10203], [10210, 10211], [10210, 10217], [10225, 10228], [10230, 10231], [10230, 10233], [10237, 10238], [10237, 10240], [10243, 10244], [10243, 10245], [10251, 10255], [10257, 10261], [10261, 10265], [10268, 10269], [10268, 10276], [10269, 10270], [10269, 10271], [10271, 10272], [10271, 10274], [10314, 10315], [10314, 10325], [10318, 10319], [10318, 10322], [10326, 10327], [10326, 10329], [10358, 10359], [10358, 10380], [10359, 10361], [10359, 10369], [10361, 10362], [10361, 10366], [10369, 10358], [10369, 10370], [10376, 10377], [10376, 10378], [10380, 10382], [10422, 10423], [10422, 10429], [10423, 10424], [10460, 10463], [10463, 10464], [10463, 10466], [10471, 10472], [10471, 10478], [10475, 10478], [10494, 10495], [10494, 10498], [10495, 10494], [10495, 10496], [10530, 10533], [10550, 10553], [10576, 10577], [10576, 10578], [10664, 10668], [10670, 10674], [10675, 10679], [10679, 10680], [10679, 10683], [10681, 10679], [10688, 10689], [10692, 10696], [10724, 10725], [10724, 10732], [10727, 10728], [10802, 10803], [10802, 10804], [10809, 10810], [10809, 10811], [10815, 10816], [10815, 10817], [10824, 10827], [10848, 10849], [10848, 10852], [10853, 10854], [10853, 10874], [10857, 10858], [10857, 10861], [10879, 10882], [10883, 10886], [10887, 10888], [10887, 10890], [10892, 10913], [10914, 10915], [10914, 10933], [10915, 10918], [10920, 10924], [11009, 11010], [11009, 11019], [11033, 11048], [11104, 11107], [11116, 11118], [11122, 11123], [11122, 11133], [11130, 11132], [11149, 11155], [11178, 11179], [11178, 11181], [11181, 11182], [11181, 11183], [11191, 11193], [11193, 11194], [11193, 11197], [11194, 11196], [11201, -11199], [11201, 11202], [11226, 11228], [11226, 11238], [11229, 11230], [11238, 11239], [11239, 11240], [11240, 11241], [11254, 11256], [11260, 11261], [11260, 11262], [11262, -11258], [11266, -11265], [11266, 11267], [11286, 11287], [11286, 11288], [11310, 11311], [11310, 11312], [11312, 11314], [11314, 11315], [11314, 11329], [11317, 11320], [11320, 11321], [11320, 11328], [11323, 11324], [11323, 11325], [11334, 11335], [11334, 11336], [11341, 11342], [11341, 11346], [11343, 11344], [11343, 11345], [11351, 11352], [11351, 11353], [11356, 11357], [11356, 11358], [11362, 11363], [11362, 11364], [11370, 11371], [11370, 11372], [11394, 11395], [11394, 11396], [11404, 11405], [11404, 11406], [11406, 11407], [11406, 11411], [11407, 11408], [11407, 11410], [11416, 11417], [11416, 11418], [11418, 11419], [11418, 11420], [11455, 11456], [11455, 11457], [11457, 11460], [11488, 11489], [11488, 11497], [11490, 11492], [11493, 11495], [11506, 11507], [11506, 11508], [11517, 11518], [11517, 11519], [11520, 11522], [11547, 11549], [11558, 11559], [11558, 11561], [11561, 11564], [11564, 11565], [11590, 11591], [11596, 11597], [11602, 11603], [11612, 11617], [11617, 11618], [11617, 11623], [11619, 11617], [11635, 11637], [11637, 11638], [11637, 11640], [11640, 11641], [11640, 11644], [11642, 11644], [11675, 11678], [11678, 11679], [11678, 11682], [11682, 11688], [11695, 11697], [11698, 11702], [11705, 11695], [11705, 11706], [11756, 11757], [11756, 11758], [11762, 11763], [11762, 11765], [11766, -11761], [11769, 11770], [11770, 11775], [11775, 11785], [11787, 11793], [11805, 11806], [11805, 11812], [11819, 11824], [11835, 11837], [11841, 11842], [11844, 11845], [11870, 11875]], "missing_branches": [[112, 113], [112, 114], [172, 173], [180, 181], [201, 202], [202, 203], [202, 204], [209, 214], [223, 224], [246, 247], [247, 249], [247, 251], [251, 253], [251, 258], [263, 265], [381, 384], [398, 399], [400, 404], [428, 430], [466, 468], [468, 469], [468, 471], [482, 484], [544, -543], [546, -545], [550, -549], [554, -553], [556, -555], [558, -557], [692, 693], [705, 706], [722, 723], [726, 727], [731, 741], [733, 736], [737, 738], [737, 741], [749, 751], [810, 811], [900, 903], [905, 906], [913, 915], [919, 920], [936, 939], [988, 1011], [1003, 1006], [1098, 1099], [1103, 1108], [1203, 1204], [1207, 1213], [1222, 1226], [1254, 1255], [1257, 1258], [1301, 1306], [1306, 1311], [1329, 1331], [1354, 1366], [1361, 1364], [1390, 1396], [1405, 1410], [1543, 1544], [1547, 1548], [1552, 1553], [1556, 1557], [1566, 1567], [1581, 1582], [1581, 1588], [1582, 1583], [1582, 1584], [1674, -1670], [1675, -1670], [1696, 1697], [1701, 1702], [1705, 1706], [1731, 1732], [1755, 1758], [1786, 1787], [1805, 1806], [1812, 1813], [1812, 1814], [1819, 1820], [1871, 1872], [1897, 1898], [1963, 1965], [1988, 1992], [2032, -2031], [2042, 2045], [2050, 2053], [2060, -2058], [2060, 2061], [2065, 2066], [2065, 2068], [2074, 2075], [2074, 2077], [2085, 2086], [2085, 2087], [2154, 2155], [2162, 2185], [2170, 2171], [2178, 2179], [2182, 2162], [2226, 2232], [2251, 2252], [2251, 2254], [2265, 2266], [2265, 2269], [2271, 2272], [2271, 2275], [2276, 2277], [2276, 2279], [2280, 2282], [2280, 2287], [2282, 2283], [2282, 2284], [2346, 2345], [2381, 2382], [2468, 2469], [2470, 2471], [2470, 2473], [2480, 2482], [2482, 2483], [2482, 2485], [2538, 2539], [2538, 2540], [2540, 2542], [2540, 2543], [2543, 2544], [2543, 2545], [2553, 2554], [2553, 2555], [2555, 2556], [2555, 2558], [2566, 2567], [2566, 2569], [2567, 2568], [2567, 2574], [2569, 2570], [2569, 2573], [2570, 2571], [2570, 2574], [2579, 2581], [2579, 2584], [2584, 2586], [2584, 2589], [2593, 2594], [2593, 2597], [2599, 2600], [2599, 2602], [2600, 2601], [2600, 2617], [2602, 2603], [2602, 2605], [2603, 2604], [2603, 2617], [2605, 2606], [2605, 2608], [2606, 2607], [2606, 2617], [2608, 2609], [2608, 2611], [2609, 2610], [2609, 2617], [2611, 2612], [2611, 2615], [2612, 2613], [2612, 2617], [2621, 2622], [2621, 2624], [2625, 2626], [2625, 2627], [2665, 2666], [2665, 2667], [2671, 2672], [2671, 2673], [2697, 2698], [2697, 2699], [2699, 2700], [2699, 2701], [2701, 2702], [2701, 2703], [2707, 2708], [2707, 2710], [2723, 2724], [2723, 2747], [2724, 2725], [2724, 2747], [2725, 2726], [2725, 2727], [2727, 2728], [2727, 2730], [2730, 2731], [2730, 2733], [2733, 2734], [2733, 2735], [2735, 2736], [2735, 2747], [2736, 2737], [2736, 2747], [2737, 2738], [2737, 2739], [2739, 2740], [2739, 2741], [2741, 2742], [2741, 2743], [2743, 2744], [2743, 2745], [2745, 2746], [2745, 2747], [2750, 2751], [2750, 2757], [2752, 2753], [2752, 2754], [2757, 2758], [2757, 2765], [2759, 2760], [2759, 2761], [2762, 2763], [2762, 2764], [2765, 2766], [2765, 2771], [2767, 2768], [2767, 2769], [2828, 2829], [2828, 2830], [2843, 2844], [2843, 2845], [2845, 2846], [2845, 2847], [2847, 2848], [2847, 2849], [2886, 2887], [2886, 2908], [2889, 2890], [2889, 2892], [2890, 2891], [2890, 2908], [2892, 2893], [2892, 2895], [2893, 2894], [2893, 2908], [2895, 2898], [2895, 2901], [2899, 2900], [2899, 2908], [2901, 2904], [2901, 2908], [2905, 2906], [2905, 2908], [2908, 2909], [2908, 2910], [2977, 2978], [2977, 2979], [2979, 2980], [2979, 2981], [2981, 2982], [2981, 2983], [2983, 2984], [2983, 2985], [2985, 2986], [2985, 2988], [2988, 2989], [2988, 2990], [2990, 2991], [2990, 2992], [2992, 2993], [2992, 2994], [2994, 2995], [2994, 2996], [2996, 2997], [2996, 2998], [2998, 2999], [2998, 3000], [3000, 3001], [3000, 3002], [3002, 3003], [3002, 3004], [3004, 3005], [3004, 3006], [3006, 3007], [3006, 3008], [3008, 3009], [3008, 3010], [3010, 3011], [3010, 3012], [3016, 3019], [3020, 3021], [3020, 3022], [3022, 3023], [3043, 3044], [3043, 3045], [3133, 3134], [3133, 3136], [3154, 3155], [3154, 3160], [3155, 3156], [3155, 3160], [3156, 3157], [3156, 3160], [3157, 3158], [3157, 3160], [3158, 3159], [3158, 3160], [3164, 3165], [3164, 3167], [3168, 3169], [3168, 3170], [3238, 3239], [3238, 3240], [3263, 3264], [3263, 3279], [3264, 3265], [3264, 3279], [3265, 3266], [3265, 3279], [3266, 3267], [3266, 3279], [3267, 3268], [3267, 3279], [3268, 3269], [3268, 3279], [3269, 3270], [3269, 3279], [3270, 3271], [3270, 3279], [3271, 3272], [3271, 3279], [3272, 3273], [3272, 3279], [3273, 3274], [3273, 3279], [3274, 3275], [3274, 3279], [3275, 3276], [3275, 3279], [3276, 3277], [3276, 3279], [3277, 3278], [3277, 3279], [3283, 3284], [3283, 3286], [3287, 3288], [3287, 3289], [3397, 3398], [3397, 3399], [3399, 3400], [3399, 3401], [3401, 3402], [3401, 3403], [3403, 3404], [3403, 3405], [3405, 3406], [3405, 3407], [3407, 3408], [3407, 3409], [3409, 3410], [3409, 3411], [3411, 3412], [3411, 3413], [3417, 3418], [3417, 3420], [3421, 3422], [3421, 3423], [3450, 3451], [3457, 3458], [3457, 3460], [3460, 3461], [3460, 3464], [3475, -3474], [3476, 3477], [3481, -3480], [3482, 3483], [3487, -3486], [3487, 3488], [3488, -3486], [3488, 3489], [3493, -3492], [3493, 3494], [3494, -3492], [3494, 3495], [3505, 3506], [3505, 3508], [3506, 3505], [3506, 3507], [3526, 3527], [3526, 3528], [3544, 3546], [3564, 3565], [3587, 3588], [3591, 3595], [3592, 3593], [3606, 3607], [3623, 3624], [3626, 3627], [3626, 3629], [3638, 3641], [3697, 3700], [3719, 3720], [3742, 3745], [3746, 3747], [3746, 3749], [3750, 3751], [3750, 3754], [3751, 3752], [3751, 3753], [3771, 3774], [3774, 3775], [3774, 3788], [3780, 3781], [3780, 3786], [3854, 3855], [3860, 3868], [3888, 3889], [3888, 3891], [3902, 3908], [3929, 3930], [4014, 4015], [4033, 4037], [4050, 4051], [4050, 4052], [4053, 4054], [4053, 4055], [4213, 4216], [4220, 4221], [4225, -4219], [4230, 4231], [4240, 4241], [4240, 4243], [4266, 4267], [4269, 4279], [4291, 4293], [4350, 4353], [4360, 4361], [4362, 4363], [4362, 4370], [4364, 4365], [4364, 4367], [4370, 4371], [4372, 4373], [4372, 4380], [4374, 4375], [4374, 4378], [4382, 4404], [4390, 4391], [4392, 4386], [4392, 4394], [4435, 4438], [4441, 4445], [4456, 4457], [4456, 4460], [4483, 4484], [4484, 4485], [4484, 4490], [4492, 4493], [4493, 4494], [4493, 4499], [4509, 4510], [4509, 4515], [4521, 4524], [4557, 4558], [4557, 4562], [4669, 4670], [4674, 4682], [4677, 4678], [4696, 4697], [4705, 4707], [4727, 4732], [4793, 4794], [4796, 4797], [4798, 4800], [4811, 4816], [4836, 4837], [4836, 4838], [4902, 4907], [4960, 4961], [4988, 4989], [4993, 4994], [4996, 4999], [5001, 5002], [5002, 5003], [5002, 5005], [5023, 5025], [5038, 5039], [5046, 5047], [5049, 5050], [5049, 5051], [5097, 5099], [5113, 5114], [5130, 5131], [5134, 5135], [5138, 5139], [5181, 5182], [5181, 5183], [5205, 5206], [5205, 5207], [5226, 5228], [5259, 5262], [5291, 5292], [5296, 5297], [5372, 5376], [5376, -5369], [5376, 5377], [5389, 5390], [5395, 5393], [5405, 5406], [5438, 5442], [5448, 5449], [5448, 5459], [5449, 5448], [5449, 5450], [5452, 5449], [5452, 5453], [5524, 5525], [5556, 5557], [5583, 5587], [5593, 5594], [5597, 5598], [5603, 5578], [5610, 5611], [5612, 5613], [5612, 5622], [5613, 5612], [5613, 5614], [5614, 5615], [5614, 5616], [5617, 5612], [5617, 5618], [5618, -5609], [5618, 5619], [5661, 5662], [5673, 5671], [5674, 5671], [5681, 5682], [5681, 5684], [5682, 5681], [5682, 5683], [5709, 5710], [5709, 5712], [5710, 5709], [5710, 5711], [5750, 5751], [5760, 5761], [5818, 5819], [5846, 5847], [5846, 5850], [5856, 5857], [5856, 5859], [5890, 5891], [5890, 5894], [5894, 5895], [5894, 5898], [5901, 5902], [5901, 5936], [5922, 5923], [5922, 5927], [5930, 5931], [5930, 5934], [5937, 5938], [5937, 5940], [5968, 5969], [5983, 5984], [5989, 5990], [5993, 5994], [5998, 5999], [6022, 6026], [6052, 6055], [6071, 6074], [6084, 6088], [6103, 6106], [6118, 6120], [6132, 6129], [6140, 6145], [6141, 6145], [6151, 6152], [6170, 6171], [6171, 6172], [6171, 6174], [6174, 6175], [6175, 6176], [6175, 6178], [6180, 6181], [6183, 6184], [6183, 6193], [6187, 6188], [6187, 6190], [6190, 6191], [6190, 6201], [6194, 6195], [6194, 6197], [6215, 6216], [6220, 6221], [6226, 6227], [6230, 6231], [6271, 6272], [6277, 6278], [6286, 6287], [6449, 6450], [6520, 6521], [6524, 6525], [6535, 6540], [6574, 6575], [6583, 6599], [6584, 6585], [6593, 6594], [6627, 6630], [6632, 6634], [6634, 6635], [6636, 6637], [6681, 6685], [6683, 6681], [6695, 6696], [6698, 6699], [6706, 6707], [6724, 6725], [6738, 6740], [6774, 6775], [6774, 6779], [6775, 6776], [6775, 6777], [6780, 6781], [6780, 6784], [6791, 6792], [6795, 6796], [6797, 6798], [6816, 6818], [6838, 6839], [6843, 6844], [6850, 6853], [6864, 6865], [6886, 6887], [6927, 6928], [6927, 6930], [6940, 6941], [6961, 6962], [6992, 6993], [7001, 7002], [7018, 7019], [7022, 7023], [7028, 7031], [7055, 7056], [7064, 7066], [7084, 7085], [7095, 7096], [7118, 7119], [7129, 7130], [7159, 7160], [7170, 7171], [7175, 7176], [7226, 7228], [7261, 7262], [7274, 7275], [7284, 7295], [7310, 7311], [7315, 7316], [7369, 7370], [7370, 7362], [7370, 7371], [7371, 7362], [7371, 7372], [7372, 7362], [7372, 7373], [7373, 7362], [7373, 7375], [7375, 7376], [7421, 7422], [7426, 7427], [7499, 7500], [7503, 7504], [7523, 7525], [7530, 7531], [7537, 7542], [7579, 7580], [7649, 7651], [7664, 7665], [7668, 7669], [7673, 7674], [7679, 7680], [7682, 7685], [7686, 7687], [7691, 7692], [7692, 7693], [7692, 7694], [7694, 7695], [7706, 7707], [7712, 7713], [7738, 7744], [7753, 7754], [7753, 7798], [7754, 7755], [7754, 7757], [7759, 7760], [7759, 7762], [7780, 7781], [7780, 7783], [7784, 7785], [7784, 7787], [7788, 7789], [7788, 7791], [7793, 7794], [7793, 7796], [7798, 7799], [7798, 7801], [7812, 7813], [7835, 7836], [7867, 7868], [7869, 7870], [7869, 7874], [7876, 7877], [7892, 7893], [7892, 7895], [7903, 7906], [7913, 7914], [7913, 7915], [7915, 7916], [7915, 7919], [7920, 7922], [7920, 7925], [7928, 7929], [7928, 7932], [7932, 7933], [7932, 7936], [7943, 7944], [7943, 7950], [7952, 7953], [7952, 7956], [7974, 7975], [7974, 7977], [7980, 7981], [7980, 8003], [7981, 7982], [7981, 7984], [7984, 7985], [7984, 7988], [7985, 7980], [7985, 7986], [7989, 7990], [7989, 7992], [7992, 7980], [7992, 7994], [7999, 7980], [7999, 8000], [8000, 7999], [8000, 8001], [8003, 8004], [8003, 8006], [8009, 8010], [8009, 8014], [8016, 8017], [8016, 8018], [8032, 8033], [8052, 8053], [8054, 8055], [8054, 8056], [8074, 8078], [8090, -8087], [8097, 8098], [8100, 8101], [8100, 8103], [8105, 8108], [8110, 8093], [8124, 8125], [8128, 8129], [8135, 8136], [8137, 8138], [8137, 8140], [8144, 8184], [8146, 8147], [8167, 8168], [8190, 8191], [8193, 8206], [8197, 8198], [8199, 8200], [8203, 8204], [8212, 8213], [8215, 8216], [8218, 8219], [8229, 8230], [8231, 8247], [8240, 8241], [8247, 8248], [8247, 8249], [8262, 8261], [8263, 8264], [8264, 8261], [8264, 8265], [8272, 8273], [8321, 8322], [8331, 8332], [8336, 8337], [8338, 8341], [8360, 8361], [8366, 8369], [8394, 8398], [8399, 8400], [8399, 8401], [8423, 8424], [8473, 8474], [8561, 8562], [8565, 8566], [8661, 8662], [8678, 8679], [8711, 8732], [8718, 8732], [8801, 8802], [8805, 8806], [8807, 8808], [8807, 8811], [8847, 8848], [8859, 8871], [8860, 8864], [8864, 8865], [8864, 8869], [8902, 8903], [8913, 8914], [8927, 8928], [8947, 8951], [8963, 8964], [8973, 8974], [9020, 9021], [9021, 9022], [9021, 9023], [9023, 9024], [9023, 9026], [9067, 9068], [9074, 9082], [9091, 9093], [9126, 9127], [9155, 9156], [9187, 9188], [9191, 9192], [9237, 9256], [9321, 9322], [9327, 9328], [9341, 9342], [9361, 9362], [9391, 9396], [9393, 9394], [9396, 9397], [9396, 9402], [9398, 9399], [9398, 9405], [9415, 9416], [9423, 9426], [9484, 9485], [9497, 9501], [9504, 9508], [9544, 9545], [9544, 9548], [9549, 9550], [9549, 9552], [9578, 9579], [9601, 9602], [9601, 9604], [9669, 9673], [9673, 9674], [9673, 9675], [9701, 9702], [9701, 9706], [9703, 9704], [9703, 9708], [9708, 9709], [9708, 9713], [9710, 9711], [9710, 9714], [9721, 9729], [9788, 9789], [9802, 9
[...]
 1979, 1980, 1981, 1983, 1984, 1985, 1987, 1988, 1989, 1990, 1994, 1995, 1998, 2000, 2003, 2005, 2008, 2010, 2011, 2014, 2016, 2017, 2020, 2021, 2025, 2030, 2031, 2036, 2048, 2058, 2072, 2081, 2082, 2090, 2091, 2099, 2100, 2105, 2106, 2107, 2111, 2112, 2113, 2114, 2115, 2116, 2119, 2128, 2129, 2131, 2132, 2133, 2134, 2135, 2136, 2137, 2138, 2139, 2141, 2143, 2144, 2146, 2148, 2151, 2154, 2158, 2162, 2163, 2164, 2165, 2167, 2170, 2175, 2178, 2182, 2183, 2185, 2188, 2189, 2194, 2197, 2200, 2202, 2203, 2206, 2208, 2211, 2213, 2216, 2219, 2221, 2222, 2223, 2224, 2225, 2226, 2227, 2232, 2233, 2236, 2238, 2239, 2242, 2257, 2258, 2262, 2263, 2290, 2291, 2296, 2297, 2300, 2301, 2305, 2306, 2310, 2312, 2313, 2314, 2315, 2318, 2319, 2320, 2321, 2324, 2325, 2326, 2327, 2334, 2335, 2338, 2339, 2340, 2342, 2354, 2355, 2358, 2359, 2360, 2361, 2362, 2363, 2364, 2365, 2366, 2367, 2368, 2371, 2372, 2373, 2374, 2376, 2384, 2387, 2390, 2391, 2397, 2400, 2403, 2406, 2409, 2412, 2415, 2418, 2419, 2422, 2426, 2432, 2433, 2445, 2450, 2451, 2454, 2455, 2458, 2459, 2462, 2463, 2466, 2467, 2476, 2477, 2488, 2496, 2497, 2498, 2499, 2500, 2501, 2502, 2503, 2504, 2505, 2506, 2507, 2508, 2511, 2512, 2513, 2514, 2515, 2520, 2521, 2522, 2523, 2524, 2526, 2527, 2529, 2530, 2533, 2536, 2547, 2548, 2551, 2552, 2560, 2563, 2619, 2629, 2634, 2635, 2636, 2637, 2641, 2642, 2643, 2644, 2653, 2654, 2655, 2656, 2658, 2662, 2663, 2669, 2670, 2675, 2676, 2679, 2680, 2684, 2685, 2688, 2693, 2705, 2712, 2716, 2749, 2773, 2774, 2791, 2792, 2793, 2794, 2796, 2802, 2803, 2804, 2815, 2816, 2817, 2818, 2820, 2825, 2832, 2836, 2840, 2841, 2851, 2852, 2875, 2882, 2913, 2914, 2915, 2916, 2918, 2919, 2920, 2921, 2922, 2923, 2924, 2925, 2926, 2940, 2941, 2942, 2943, 2945, 2951, 2956, 2959, 2969, 3014, 3026, 3027, 3042, 3053, 3054, 3055, 3056, 3058, 3061, 3062, 3063, 3064, 3065, 3067, 3068, 3070, 3071, 3096, 3099, 3100, 3101, 3102, 3104, 3110, 3111, 3112, 3113, 3114, 3125, 3126, 3127, 3128, 3131, 3138, 3141, 3144, 3149, 3162, 3172, 3173, 3198, 3199, 3200, 3201, 3202, 3205, 3206, 3209, 3210, 3211, 3213, 3219, 3220, 3221, 3222, 3223, 3231, 3232, 3233, 3235, 3242, 3245, 3248, 3257, 3281, 3291, 3292, 3311, 3312, 3316, 3317, 3318, 3320, 3327, 3328, 3335, 3337, 3338, 3357, 3358, 3359, 3360, 3363, 3369, 3370, 3371, 3372, 3373, 3374, 3375, 3376, 3377, 3379, 3382, 3385, 3388, 3393, 3415, 3425, 3426, 3442, 3443, 3444, 3445, 3446, 3448, 3449, 3455, 3474, 3475, 3476, 3480, 3481, 3482, 3486, 3492, 3498, 3500, 3501, 3504, 3511, 3512, 3516, 3517, 3518, 3519, 3520, 3521, 3524, 3525, 3532, 3533, 3534, 3535, 3536, 3537, 3540, 3542, 3543, 3544, 3545, 3549, 3557, 3558, 3560, 3561, 3562, 3563, 3564, 3567, 3568, 3570, 3571, 3572, 3573, 3575, 3576, 3578, 3580, 3581, 3584, 3587, 3591, 3592, 3595, 3596, 3597, 3599, 3602, 3603, 3606, 3610, 3611, 3612, 3614, 3615, 3616, 3618, 3620, 3621, 3623, 3631, 3634, 3635, 3638, 3639, 3640, 3644, 3645, 3648, 3649, 3650, 3651, 3654, 3655, 3658, 3659, 3660, 3662, 3663, 3666, 3668, 3669, 3672, 3674, 3675, 3676, 3679, 3681, 3684, 3686, 3687, 3688, 3691, 3693, 3694, 3695, 3696, 3697, 3698, 3701, 3702, 3705, 3706, 3707, 3708, 3709, 3710, 3711, 3712, 3714, 3715, 3719, 3723, 3726, 3730, 3733, 3734, 3735, 3736, 3737, 3738, 3741, 3742, 3743, 3757, 3759, 3760, 3763, 3765, 3766, 3769, 3771, 3772, 3797, 3798, 3800, 3803, 3804, 3806, 3809, 3810, 3812, 3815, 3816, 3818, 3821, 3822, 3823, 3826, 3827, 3831, 3839, 3842, 3843, 3844, 3845, 3848, 3851, 3852, 3853, 3854, 3860, 3861, 3862, 3863, 3866, 3871, 3872, 3873, 3874, 3875, 3876, 3879, 3880, 3899, 3902, 3903, 3904, 3917, 3919, 3920, 3921, 3924, 3926, 3927, 3929, 3932, 3935, 3937, 3940, 3945, 3951, 3953, 3954, 3955, 3958, 3959, 3960, 3961, 3964, 3966, 3969, 3971, 3972, 3974, 3975, 3976, 3977, 3978, 3980, 3981, 3983, 3984, 3985, 3987, 3990, 3992, 3993, 3996, 3999, 4000, 4001, 4002, 4003, 4006, 4007, 4009, 4010, 4014, 4016, 4017, 4019, 4020, 4021, 4022, 4023, 4026, 4029, 4030, 4031, 4032, 4033, 4034, 4035, 4038, 4041, 4043, 4044, 4047, 4048, 4062, 4063, 4067, 4068, 4072, 4073, 4077, 4078, 4083, 4084, 4088, 4089, 4093, 4094, 4098, 4099, 4104, 4105, 4109, 4110, 4114, 4115, 4119, 4120, 4127, 4128, 4129, 4132, 4133, 4137, 4138, 4139, 4142, 4143, 4147, 4148, 4149, 4152, 4153, 4154, 4157, 4158, 4159, 4162, 4163, 4164, 4167, 4168, 4172, 4173, 4177, 4178, 4179, 4182, 4183, 4187, 4188, 4189, 4192, 4193, 4201, 4202, 4204, 4219, 4239, 4252, 4253, 4254, 4260, 4282, 4283, 4285, 4296, 4304, 4305, 4308, 4314, 4322, 4323, 4325, 4331, 4339, 4340, 4342, 4349, 4408, 4409, 4411, 4416, 4424, 4425, 4427, 4434, 4465, 4466, 4468, 4473, 4527, 4528, 4530, 4536, 4543, 4544, 4546, 4553, 4574, 4575, 4577, 4582, 4587, 4588, 4590, 4596, 4602, 4603, 4605, 4615, 4636, 4644, 4645, 4649, 4650, 4654, 4655, 4661, 4662, 4664, 4666, 4667, 4668, 4669, 4671, 4672, 4674, 4675, 4676, 4677, 4679, 4680, 4685, 4686, 4688, 4689, 4690, 4691, 4693, 4699, 4719, 4735, 4739, 4742, 4745, 4748, 4752, 4757, 4758, 4762, 4763, 4766, 4770, 4771, 4774, 4777, 4778, 4781, 4802, 4803, 4806, 4810, 4823, 4824, 4825, 4827, 4828, 4829, 4831, 4835, 4840, 4841, 4842, 4844, 4845, 4846, 4848, 4853, 4854, 4855, 4857, 4858, 4859, 4861, 4864, 4868, 4869, 4870, 4872, 4873, 4874, 4876, 4888, 4889, 4890, 4892, 4893, 4894, 4896, 4920, 4921, 4922, 4924, 4925, 4927, 4928, 4929, 4935, 4937, 4942, 4943, 4952, 4953, 4954, 5011, 5012, 5013, 5015, 5016, 5018, 5022, 5028, 5029, 5030, 5032, 5033, 5035, 5036, 5053, 5054, 5060, 5061, 5062, 5064, 5065, 5067, 5068, 5086, 5087, 5088, 5090, 5091, 5093, 5094, 5108, 5109, 5120, 5121, 5122, 5124, 5125, 5127, 5163, 5164, 5165, 5167, 5168, 5170, 5187, 5188, 5189, 5191, 5192, 5194, 5211, 5212, 5213, 5215, 5216, 5217, 5220, 5230, 5267, 5277, 5278, 5279, 5281, 5282, 5284, 5285, 5305, 5306, 5307, 5310, 5311, 5312, 5314, 5318, 5319, 5320, 5328, 5337, 5341, 5344, 5351, 5360, 5369, 5383, 5399, 5410, 5414, 5462, 5463, 5464, 5466, 5467, 5469, 5490, 5516, 5517, 5518, 5528, 5531, 5543, 5554, 5609, 5624, 5625, 5636, 5646, 5649, 5666, 5667, 5679, 5686, 5690, 5695, 5696, 5701, 5702, 5707, 5708, 5714, 5715, 5723, 5724, 5725, 5732, 5733, 5735, 5747, 5748, 5775, 5781, 5782, 5783, 5785, 5786, 5788, 5792, 5805, 5806, 5807, 5809, 5810, 5811, 5813, 5817, 5833, 5834, 5835, 5837, 5838, 5839, 5841, 5845, 5854, 5866, 5879, 5880, 5881, 5883, 5884, 5885, 5887, 5888, 5889, 5950, 5956, 5957, 5958, 5961, 5962, 5963, 5964, 5966, 5967, 6031, 6032, 6033, 6036, 6037, 6038, 6039, 6044, 6050, 6060, 6064, 6096, 6127, 6148, 6149, 6204, 6205, 6206, 6208, 6209, 6210, 6211, 6214, 6251, 6252, 6253, 6259, 6260, 6261, 6265, 6269, 6270, 6312, 6313, 6314, 6316, 6317, 6321, 6326, 6330, 6331, 6332, 6346, 6347, 6348, 6350, 6351, 6353, 6354, 6356, 6360, 6361, 6368, 6369, 6370, 6373, 6374, 6380, 6388, 6392, 6393, 6394, 6460, 6461, 6462, 6465, 6466, 6469, 6471, 6475, 6476, 6477, 6484, 6485, 6486, 6488, 6489, 6491, 6495, 6496, 6501, 6502, 6503, 6505, 6506, 6507, 6509, 6513, 6514, 6515, 6544, 6545, 6546, 6548, 6549, 6551, 6552, 6558, 6559, 6560, 6563, 6564, 6566, 6570, 6571, 6572, 6602, 6603, 6608, 6613, 6614, 6623, 6639, 6650, 6651, 6660, 6661, 6662, 6665, 6666, 6667, 6670, 6675, 6676, 6677, 6693, 6710, 6749, 6759, 6760, 6761, 6764, 6765, 6766, 6768, 6772, 6773, 6787, 6821, 6822, 6823, 6826, 6827, 6829, 6831, 6835, 6836, 6915, 6933, 6938, 6973, 6974, 6975, 6978, 6979, 6981, 6985, 6986, 6987, 7039, 7040, 7041, 7044, 7045, 7047, 7051, 7052, 7053, 7069, 7070, 7071, 7073, 7074, 7076, 7080, 7081, 7082, 7103, 7104, 7105, 7107, 7108, 7110, 7114, 7115, 7116, 7137, 7138, 7139, 7141, 7142, 7143, 7146, 7147, 7148, 7231, 7232, 7233, 7236, 7237, 7239, 7243, 7249, 7250, 7251, 7253, 7254, 7255, 7257, 7258, 7260, 7269, 7298, 7299, 7300, 7302, 7303, 7304, 7306, 7307, 7309, 7323, 7339, 7340, 7341, 7344, 7345, 7346, 7347, 7349, 7354, 7355, 7385, 7404, 7405, 7406, 7409, 7410, 7411, 7413, 7417, 7418, 7482, 7483, 7484, 7488, 7489, 7490, 7492, 7497, 7546, 7551, 7563, 7564, 7565, 7567, 7568, 7569, 7570, 7572, 7576, 7577, 7588, 7589, 7590, 7595, 7596, 7597, 7599, 7601, 7643, 7648, 7659, 7660, 7710, 7733, 7804, 7823, 7826, 7901, 7939, 7959, 8021, 8025, 8087, 8120, 8187, 8256, 8268, 8277, 8278, 8286, 8291, 8292, 8293, 8294, 8295, 8297, 8301, 8302, 8307, 8308, 8309, 8310, 8311, 8312, 8315, 8319, 8320, 8346, 8347, 8348, 8349, 8350, 8351, 8354, 8358, 8359, 8373, 8374, 8375, 8376, 8377, 8379, 8380, 8386, 8387, 8388, 8389, 8390, 8392, 8393, 8404, 8405, 8406, 8408, 8409, 8410, 8412, 8419, 8420, 8421, 8448, 8482, 8483, 8484, 8486, 8487, 8488, 8490, 8496, 8497, 8498, 8500, 8501, 8502, 8504, 8510, 8511, 8512, 8514, 8515, 8516, 8518, 8524, 8525, 8526, 8528, 8529, 8530, 8532, 8538, 8539, 8540, 8542, 8543, 8545, 8552, 8557, 8558, 8559, 8591, 8592, 8593, 8595, 8596, 8597, 8599, 8605, 8606, 8607, 8609, 8610, 8611, 8613, 8619, 8620, 8621, 8623, 8624, 8625, 8627, 8633, 8634, 8635, 8637, 8638, 8639, 8641, 8647, 8648, 8649, 8651, 8652, 8653, 8658, 8659, 8676, 8677, 8678, 8681, 8682, 8683, 8684, 8685, 8686, 8688, 8689, 8690, 8691, 8692, 8694, 8698, 8699, 8701, 8702, 8704, 8705, 8706, 8707, 8708, 8711, 8712, 8713, 8714, 8715, 8716, 8718, 8719, 8720, 8721, 8722, 8723, 8724, 8726, 8728, 8729, 8732, 8733, 8735, 8738, 8739, 8740, 8743, 8744, 8745, 8746, 8748, 8753, 8754, 8785, 8786, 8787, 8833, 8834, 8835, 8838, 8839, 8841, 8875, 8876, 8877, 8880, 8881, 8883, 8888, 8889, 8890, 8893, 8894, 8895, 8897, 8898, 8899, 8956, 8959, 8984, 8991, 8999, 9000, 9001, 9006, 9007, 9008, 9010, 9011, 9036, 9037, 9038, 9040, 9041, 9042, 9044, 9048, 9049, 9065, 9098, 9099, 9100, 9103, 9104, 9106, 9110, 9115, 9116, 9117, 9120, 9121, 9122, 9124, 9125, 9144, 9145, 9146, 9149, 9150, 9151, 9153, 9154, 9169, 9170, 9171, 9175, 9176, 9177, 9179, 9185, 9186, 9206, 9214, 9225, 9259, 9260, 9261, 9265, 9266, 9268, 9273, 9278, 9279, 9280, 9284, 9285, 9286, 9291, 9292, 9303, 9304, 9305, 9310, 9311, 9312, 9315, 9317, 9318, 9319, 9333, 9370, 9371, 9372, 9380, 9381, 9382, 9384, 9388, 9409, 9430, 9431, 9432, 9434, 9435, 9436, 9438, 9446, 9451, 9452, 9453, 9463, 9521, 9522, 9523, 9524, 9525, 9526, 9528, 9532, 9536, 9537, 9538, 9539, 9540, 9541, 9543, 9554, 9558, 9559, 9560, 9561, 9562, 9563, 9565, 9569, 9570, 9571, 9572, 9573, 9574, 9575, 9577, 9586, 9587, 9588, 9589, 9590, 9591, 9598, 9600, 9608, 9609, 9610, 9614, 9615, 9616, 9618, 9640, 9641, 9642, 9649, 9650, 9652, 9666, 9667, 9668, 9677, 9698, 9716, 9748, 9749, 9754, 9755, 9757, 9758, 9759, 9761, 9764, 9769, 9776, 9780, 9781, 9782, 9783, 9784, 9786, 9794, 9795, 9796, 9797, 9798, 9800, 9809, 9810, 9811, 9813, 9814, 9815, 9817, 9838, 9839, 9840, 9841, 9842, 9843, 9845, 9852, 9853, 9854, 9855, 9856, 9857, 9859, 9866, 9867, 9868, 9869, 9870, 9872, 9878, 9891, 9894, 9899, 9911, 9923, 9924, 9926, 9927, 9929, 9953, 9954, 9955, 9958, 9959, 9960, 9963, 9964, 9965, 9968, 9984, 10028, 10029, 10033, 10038, 10046, 10057, 10098, 10117, 10118, 10119, 10120, 10122, 10129, 10135, 10147, 10159, 10162, 10170, 10171, 10177, 10178, 10180, 10184, 10220, 10242, 10247, 10283, 10298, 10299, 10301, 10302, 10304, 10308, 10336, 10337, 10339, 10340, 10342, 10347, 10354, 10385, 10386, 10390, 10391, 10393, 10397, 10409, 10410, 10411, 10412, 10414, 10418, 10433, 10434, 10436, 10437, 10439, 10443, 10455, 10456, 10458, 10482, 10485, 10488, 10492, 10501, 10502, 10503, 10505, 10506, 10508, 10512, 10517, 10518, 10519, 10521, 10522, 10523, 10525, 10529, 10537, 10538, 10539, 10541, 10542, 10544, 10548, 10563, 10564, 10565, 10567, 10568, 10570, 10574, 10581, 10582, 10584, 10589, 10605, 10622, 10651, 10652, 10654, 10655, 10657, 10662, 10686, 10712, 10721, 10722, 10735, 10736, 10737, 10741, 10746, 10751, 10755, 10762, 10806, 10813, 10814, 10819, 10844, 10845, 10876, 10877, 10935, 10936, 10957, 10958, 10978, 10991, 10995, 10996, 10997, 11001, 11007, 11008, 11021, 11022, 11026, 11027, 11028, 11102, 11103, 11109, 11110, 11114, 11115, 11120, 11121, 11135, 11136, 11141, 11142, 11145, 11146, 11157, 11160, 11163, 11170, 11171, 11173, 11185, 11190, 11199, 11200, 11204, 11205, 11209, 11210, 11214, 11215, 11219, 11224, 11247, 11250, 11253, 11258, 11265, 11270, 11271, 11272, 11290, 11301, 11305, 11308, 11309, 11331, 11332, 11338, 11339, 11348, 11349, 11360, 11361, 11366, 11367, 11375, 11376, 11389, 11390, 11401, 11402, 11413, 11414, 11423, 11424, 11427, 11428, 11429, 11430, 11432, 11435, 11438, 11447, 11462, 11471, 11474, 11477, 11478, 11481, 11482, 11485, 11486, 11499, 11500, 11504, 11505, 11510, 11511, 11514, 11527, 11556, 11575, 11609, 11625, 11633, 11647, 11648, 11649, 11659, 11660, 11661, 11662, 11664, 11670, 11673, 11674, 11690, 11691, 11692, 11713, 11714, 11716, 11717, 11718, 11719, 11720, 11721, 11722, 11723, 11724, 11726, 11735, 11738, 11745, 11753, 11761, 11762, 11763, 11765, 11766, 11769, 11770, 11775, 11785, 11786, 11787, 11793, 11805, 11806, 11807, 11812, 11813, 11814, 11815, 11816, 11819, 11824, 11827, 11828, 11829, 11830, 11831, 11832, 11834, 11835, 11837, 11839, 11841, 11842, 11844, 11845, 11849, 11858, 11859, 11869, 11870, 11875], "summary": {"covered_lines": 2695, "num_statements": 2980, "percent_covered": 87.5, "percent_covered_display": "88", "missing_lines": 285, "excluded_lines": 0, "num_branches": 348, "num_partial_branches": 61, "covered_branches": 217, "missing_branches": 131}, "missing_lines": [106, 111, 112, 113, 114, 115, 173, 174, 175, 181, 202, 203, 204, 224, 225, 247, 249, 250, 251, 253, 254, 255, 258, 265, 266, 267, 289, 290, 295, 296, 301, 302, 307, 308, 339, 340, 347, 348, 356, 357, 384, 399, 430, 443, 468, 469, 471, 484, 1828, 1872, 1873, 1882, 1883, 1884, 1885, 1898, 1915, 1916, 1992, 2060, 2061, 2062, 2063, 2065, 2066, 2068, 2069, 2074, 2075, 2077, 2078, 2079, 2084, 2085, 2086, 2087, 2093, 2094, 2095, 2096, 2097, 2155, 2171, 2179, 2191, 2228, 2230, 2245, 2246, 2247, 2248, 2250, 2251, 2252, 2253, 2254, 2259, 2265, 2266, 2267, 2269, 2270, 2271, 2272, 2273, 2275, 2276, 2277, 2279, 2280, 2282, 2283, 2284, 2287, 2293, 2302, 2307, 2336, 3457, 3458, 3459, 3460, 3461, 3462, 3464, 3466, 3467, 3468, 3469, 3470, 3471, 3477, 3483, 3487, 3488, 3489, 3493, 3494, 3495, 3505, 3506, 3507, 3508, 3513, 3526, 3527, 3528, 3529, 3546, 3551, 3552, 3553, 3554, 3565, 3588, 3589, 3593, 3607, 3608, 3624, 3626, 3627, 3629, 3641, 3700, 3720, 3721, 3722, 3745, 3746, 3747, 3749, 3750, 3751, 3752, 3753, 3754, 3774, 3775, 3776, 3777, 3778, 3779, 3780, 3781, 3782, 3783, 3784, 3786, 3788, 3789, 3790, 3791, 3792, 3793, 3794, 3828, 3846, 3847, 3855, 3856, 3857, 3864, 3865, 3868, 3887, 3888, 3889, 3891, 3892, 3893, 3894, 3896, 3908, 3909, 3910, 3911, 3912, 3913, 3914, 3930, 3942, 3947, 3948, 4015, 4037, 4050, 4051, 4052, 4053, 4054, 4055, 4064, 4069, 4074, 4079, 4080, 4085, 4090, 4095, 4100, 4101, 4106, 4111, 4116, 4121, 4134, 4144, 4169, 4174, 4184, 4194, 4633, 4634, 4637, 4638, 4647, 4652, 4658, 4670, 4678, 4682, 8679, 9751, 10714, 10715, 10716, 10717, 10718, 11767, 11771, 11772, 11773, 11776, 11779, 11788, 11790, 11808, 11809, 11821, 11861, 11864, 11865, 11866, 11871], "excluded_lines": [], "executed_branches": [[159, 160], [159, 164], [161, 159], [161, 162], [172, 177], [180, 182], [198, 199], [198, 201], [201, 206], [208, 209], [208, 217], [209, 210], [211, 209], [211, 212], [223, 227], [238, 239], [238, 241], [246, 260], [263, 269], [277, -277], [277, 283], [283, -283], [283, 285], [285, -285], [285, 287], [368, 369], [368, 371], [381, 382], [398, 400], [400, 401], [401, 402], [401, 403], [406, 407], [406, 408], [428, 429], [453, -453], [453, 455], [458, 459], [458, 481], [461, 462], [461, 464], [466, 473], [473, 474], [473, 477], [481, 482], [481, 500], [482, 485], [487, 488], [487, 489], [489, 490], [489, 491], [491, 492], [491, 494], [494, 495], [494, 498], [1844, 1845], [1844, 1846], [1871, 1874], [1894, 1895], [1894, 1903], [1897, 1900], [1940, 1941], [1940, 1942], [1954, 1955], [1954, 1957], [1957, 1958], [1957, 1959], [1959, 1960], [1959, 1962], [1963, 1964], [1979, 1980], [1979, 1995], [1983, 1984], [1983, 1987], [1988, 1989], [2106, 2107], [2106, 2111], [2114, 2115], [2114, 2116], [2131, -2119], [2131, 2132], [2137, 2138], [2137, 2141], [2154, 2158], [2162, 2163], [2170, 2175], [2178, 2182], [2182, 2183], [2221, 2222], [2221, 2232], [2224, 2225], [2224, 2232], [2225, 2226], [2225, 2232], [2226, 2227], [2232, -2216], [2232, 2233], [2313, 2314], [2313, 2315], [3475, 3476], [3476, -3474], [3481, 3482], [3482, -3480], [3518, 3519], [3518, 3520], [3534, 3535], [3534, 3536], [3542, 3543], [3542, 3544], [3544, 3545], [3562, 3563], [3562, 3581], [3564, 3567], [3567, 3568], [3567, 3570], [3575, 3576], [3575, 3578], [3587, 3591], [3591, 3592], [3592, 3595], [3595, 3596], [3595, 3599], [3596, 3595], [3596, 3597], [3606, 3610], [3611, 3612], [3611, 3618], [3614, 3611], [3614, 3615], [3615, 3611], [3615, 3616], [3620, 3621], [3620, 3623], [3623, 3631], [3638, 3639], [3639, 3638], [3639, 3640], [3648, 3649], [3648, 3651], [3649, 3648], [3649, 3650], [3660, 3662], [3660, 3663], [3674, 3675], [3674, 3676], [3695, 3696], [3695, 3697], [3697, 3698], [3702, 3705], [3702, 3706], [3710, 3711], [3710, 3714], [3719, 3723], [3734, 3735], [3734, 3741], [3742, 3743], [3771, 3772], [3842, 3843], [3842, 3851], [3851, 3852], [3851, 3860], [3854, 3860], [3860, 3861], [3902, 3903], [3929, 3932], [3953, 3954], [3953, 3955], [3975, 3976], [3975, 3980], [3976, -3974], [3976, 3977], [3977, -3974], [3977, 3978], [3983, -3974], [3983, 3984], [4014, 4016], [4031, 4032], [4031, 4033], [4033, 4034], [4666, 4667], [4666, 4674], [4669, 4671], [4674, 4675], [4677, 4679], [8678, 8681], [8688, 8689], [8688, 8735], [8689, 8690], [8689, 8692], [8699, 8701], [8699, 8704], [8705, 8706], [8705, 8711], [8711, 8712], [8712, 8713], [8712, 8718], [8718, 8719], [8719, 8720], [8719, 8732], [8721, 8722], [8721, 8723], [8723, 8724], [8723, 8726], [11762, 11763], [11762, 11765], [11766, -11761], [11769, 11770], [11770, 11775], [11775, 11785], [11787, 11793], [11805, 11806], [11805, 11812], [11819, 11824], [11835, 11837], [11841, 11842], [11844, 11845], [11870, 11875]], "missing_branches": [[112, 113], [112, 114], [172, 173], [180, 181], [201, 202], [202, 203], [202, 204], [209, 214], [223, 224], [246, 247], [247, 249], [247, 251], [251, 253], [251, 258], [263, 265], [381, 384], [398, 399], [400, 404], [428, 430], [466, 468], [468, 469], [468, 471], [482, 484], [1871, 1872], [1897, 1898], [1963, 1965], [1988, 1992], [2060, -2058], [2060, 2061], [2065, 2066], [2065, 2068], [2074, 2075], [2074, 2077], [2085, 2086], [2085, 2087], [2154, 2155], [2162, 2185], [2170, 2171], [2178, 2179], [2182, 2162], [2226, 2232], [2251, 2252], [2251, 2254], [2265, 2266], [2265, 2269], [2271, 2272], [2271, 2275], [2276, 2277], [2276, 2279], [2280, 2282], [2280, 2287], [2282, 2283], [2282, 2284], [3457, 3458], [3457, 3460], [3460, 3461], [3460, 3464], [3475, -3474], [3476, 3477], [3481, -3480], [3482, 3483], [3487, -3486], [3487, 3488], [3488, -3486], [3488, 3489], [3493, -3492], [3493, 3494], [3494, -3492], [3494, 3495], [3505, 3506], [3505, 3508], [3506, 3505], [3506, 3507], [3526, 3527], [3526, 3528], [3544, 3546], [3564, 3565], [3587, 3588], [3591, 3595], [3592, 3593], [3606, 3607], [3623, 3624], [3626, 3627], [3626, 3629], [3638, 3641], [3697, 3700], [3719, 3720], [3742, 3745], [3746, 3747], [3746, 3749], [3750, 3751], [3750, 3754], [3751, 3752], [3751, 3753], [3771, 3774], [3774, 3775], [3774, 3788], [3780, 3781], [3780, 3786], [3854, 3855], [3860, 3868], [3888, 3889], [3888, 3891], [3902, 3908], [3929, 3930], [4014, 4015], [4033, 4037], [4050, 4051], [4050, 4052], [4053, 4054], [4053, 4055], [4669, 4670], [4674, 4682], [4677, 4678], [8678, 8679], [8711, 8732], [8718, 8732], [10714, -10712], [10714, 10715], [10715, -10712], [10715, 10716], [11766, 11767], [11769, -52], [11770, 11771], [11775, 11776], [11787, 11788], [11819, 11821], [11835, 11839], [11841, 11869], [11844, 11861], [11870, 11871]]}}}}, "totals": {"covered_lines": 6080, "num_statements": 8005, "percent_covered": 71.26615489262463, "percent_covered_display": "71", "missing_lines": 1925, "excluded_lines": 0, "num_branches": 2286, "num_partial_branches": 430, "covered_branches": 1254, "missing_branches": 1032}}