<?xml version="1.0" ?>
<coverage version="7.13.5" timestamp="1777749446461" lines-valid="8154" lines-covered="6108" line-rate="0.7491" branches-valid="2302" branches-covered="1232" branch-rate="0.5352" complexity="0">
	<!-- Generated by coverage.py: https://coverage.readthedocs.io/en/7.13.5 -->
	<!-- Based on https://raw.githubusercontent.com/cobertura/web/master/htdocs/xml/coverage-04.dtd -->
	<sources>
		<source>/home/runner/work/gef/gef</source>
	</sources>
	<packages>
		<package name="." line-rate="0.7491" branch-rate="0.5352" complexity="0">
			<classes>
				<class name="gef.py" filename="gef.py" complexity="0" line-rate="0.7491" branch-rate="0.5352">
					<methods/>
					<lines>
						<line number="52" hits="1"/>
						<line number="53" hits="1"/>
						<line number="54" hits="1"/>
						<line number="55" hits="1"/>
						<line number="56" hits="1"/>
						<line number="57" hits="1"/>
						<line number="58" hits="1"/>
						<line number="59" hits="1"/>
						<line number="60" hits="1"/>
						<line number="61" hits="1"/>
						<line number="62" hits="1"/>
						<line number="63" hits="1"/>
						<line number="64" hits="1"/>
						<line number="65" hits="1"/>
						<line number="66" hits="1"/>
						<line number="67" hits="1"/>
						<line number="68" hits="1"/>
						<line number="69" hits="1"/>
						<line number="70" hits="1"/>
						<line number="71" hits="1"/>
						<line number="72" hits="1"/>
						<line number="73" hits="1"/>
						<line number="74" hits="1"/>
						<line number="75" hits="1"/>
						<line number="76" hits="1"/>
						<line number="77" hits="1"/>
						<line number="78" hits="1"/>
						<line number="79" hits="1"/>
						<line number="80" hits="1"/>
						<line number="81" hits="1"/>
						<line number="82" hits="1"/>
						<line number="83" hits="1"/>
						<line number="84" hits="1"/>
						<line number="85" hits="1"/>
						<line number="98" hits="1"/>
						<line number="100" hits="1"/>
						<line number="101" hits="1"/>
						<line number="104" hits="1"/>
						<line number="107" hits="1"/>
						<line number="108" hits="1"/>
						<line number="109" hits="1"/>
						<line number="110" hits="0"/>
						<line number="111" hits="0"/>
						<line number="114" hits="1"/>
						<line number="116" hits="0"/>
						<line number="119" hits="1"/>
						<line number="120" hits="1"/>
						<line number="121" hits="0"/>
						<line number="122" hits="0" branch="true" condition-coverage="0% (0/2)" missing-branches="123,126"/>
						<line number="123" hits="0"/>
						<line number="126" hits="0"/>
						<line number="127" hits="0"/>
						<line number="130" hits="1"/>
						<line number="131" hits="1"/>
						<line number="132" hits="1"/>
						<line number="133" hits="1"/>
						<line number="137" hits="1"/>
						<line number="138" hits="1"/>
						<line number="140" hits="1"/>
						<line number="145" hits="1"/>
						<line number="146" hits="1"/>
						<line number="148" hits="1"/>
						<line number="149" hits="1"/>
						<line number="151" hits="1"/>
						<line number="152" hits="1"/>
						<line number="153" hits="1"/>
						<line number="154" hits="1"/>
						<line number="155" hits="1"/>
						<line number="156" hits="1"/>
						<line number="157" hits="1"/>
						<line number="158" hits="1"/>
						<line number="159" hits="1"/>
						<line number="160" hits="1"/>
						<line number="161" hits="1"/>
						<line number="163" hits="1"/>
						<line number="164" hits="1"/>
						<line number="165" hits="1"/>
						<line number="166" hits="1"/>
						<line number="168" hits="1"/>
						<line number="171" hits="1"/>
						<line number="175" hits="1" branch="true" condition-coverage="100% (2/2)"/>
						<line number="176" hits="1"/>
						<line number="177" hits="1" branch="true" condition-coverage="100% (2/2)"/>
						<line number="178" hits="1"/>
						<line number="180" hits="1"/>
						<line number="181" hits="1"/>
						<line number="184" hits="1"/>
						<line number="187" hits="1"/>
						<line number="188" hits="1" branch="true" condition-coverage="50% (1/2)" missing-branches="189"/>
						<line number="189" hits="0"/>
						<line number="190" hits="0"/>
						<line number="191" hits="0"/>
						<line number="193" hits="1"/>
						<line number="194" hits="1"/>
						<line number="196" hits="1" branch="true" condition-coverage="50% (1/2)" missing-branches="197"/>
						<line number="197" hits="0"/>
						<line number="198" hits="1"/>
						<line number="201" hits="1"/>
						<line number="214" hits="1" branch="true" condition-coverage="100% (2/2)"/>
						<line number="215" hits="1"/>
						<line number="217" hits="1" branch="true" condition-coverage="50% (1/2)" missing-branches="218"/>
						<line number="218" hits="0" branch="true" condition-coverage="0% (0/2)" missing-branches="219,220"/>
						<line number="219" hits="0"/>
						<line number="220" hits="0"/>
						<line number="222" hits="1"/>
						<line number="224" hits="1" branch="true" condition-coverage="100% (2/2)"/>
						<line number="225" hits="1" branch="true" condition-coverage="50% (1/2)" missing-branches="230"/>
						<line number="226" hits="1"/>
						<line number="227" hits="1" branch="true" condition-coverage="100% (2/2)"/>
						<line number="228" hits="1"/>
						<line number="229" hits="1"/>
						<line number="230" hits="1"/>
						<line number="231" hits="1"/>
						<line number="233" hits="1"/>
						<line number="236" hits="1"/>
						<line number="238" hits="1"/>
						<line number="239" hits="1" branch="true" condition-coverage="50% (1/2)" missing-branches="240"/>
						<line number="240" hits="0"/>
						<line number="241" hits="0"/>
						<line number="243" hits="1"/>
						<line number="244" hits="1"/>
						<line number="247" hits="1"/>
						<line number="250" hits="1"/>
						<line number="251" hits="1"/>
						<line number="254" hits="1" branch="true" condition-coverage="100% (2/2)"/>
						<line number="255" hits="1"/>
						<line number="257" hits="1"/>
						<line number="258" hits="1"/>
						<line number="259" hits="1"/>
						<line number="261" hits="1"/>
						<line number="262" hits="1" branch="true" condition-coverage="50% (1/2)" missing-branches="263"/>
						<line number="263" hits="0" branch="true" condition-coverage="0% (0/2)" missing-branches="265,267"/>
						<line number="265" hits="0"/>
						<line number="266" hits="0"/>
						<line number="267" hits="0" branch="true" condition-coverage="0% (0/2)" missing-branches="269,274"/>
						<line number="269" hits="0"/>
						<line number="270" hits="0"/>
						<line number="271" hits="0"/>
						<line number="274" hits="0"/>
						<line number="276" hits="1"/>
						<line number="277" hits="1"/>
						<line number="279" hits="1" branch="true" condition-coverage="50% (1/2)" missing-branches="281"/>
						<line number="281" hits="0"/>
						<line number="282" hits="0"/>
						<line number="283" hits="0"/>
						<line number="285" hits="1"/>
						<line number="286" hits="1"/>
						<line number="287" hits="1"/>
						<line number="288" hits="1"/>
						<line number="290" hits="1"/>
						<line number="293" hits="1"/>
						<line number="294" hits="1"/>
						<line number="302" hits="1"/>
						<line number="303" hits="1"/>
						<line number="306" hits="1"/>
						<line number="307" hits="1"/>
						<line number="310" hits="1"/>
						<line number="312" hits="0"/>
						<line number="313" hits="0"/>
						<line number="316" hits="1"/>
						<line number="318" hits="0"/>
						<line number="319" hits="0"/>
						<line number="322" hits="1"/>
						<line number="324" hits="0"/>
						<line number="325" hits="0"/>
						<line number="328" hits="1"/>
						<line number="330" hits="0"/>
						<line number="331" hits="0"/>
						<line number="334" hits="1"/>
						<line number="336" hits="1"/>
						<line number="337" hits="1"/>
						<line number="344" hits="1"/>
						<line number="346" hits="1"/>
						<line number="347" hits="1"/>
						<line number="354" hits="1"/>
						<line number="356" hits="1"/>
						<line number="357" hits="1"/>
						<line number="364" hits="1"/>
						<line number="366" hits="1"/>
						<line number="367" hits="1"/>
						<line number="374" hits="1"/>
						<line number="376" hits="1"/>
						<line number="377" hits="1"/>
						<line number="378" hits="0"/>
						<line number="379" hits="0"/>
						<line number="382" hits="1"/>
						<line number="384" hits="1"/>
						<line number="385" hits="1"/>
						<line number="386" hits="0"/>
						<line number="387" hits="0"/>
						<line number="390" hits="1"/>
						<line number="392" hits="1"/>
						<line number="393" hits="1"/>
						<line number="394" hits="1"/>
						<line number="395" hits="0"/>
						<line number="396" hits="0"/>
						<line number="397" hits="0"/>
						<line number="403" hits="1"/>
						<line number="406" hits="1"/>
						<line number="407" hits="1"/>
						<line number="408" hits="1" branch="true" condition-coverage="100% (2/2)"/>
						<line number="409" hits="1"/>
						<line number="411" hits="1"/>
						<line number="413" hits="1"/>
						<line number="416" hits="1"/>
						<line number="419" hits="1"/>
						<line number="420" hits="1"/>
						<line number="421" hits="1" branch="true" condition-coverage="50% (1/2)" missing-branches="424"/>
						<line number="422" hits="1"/>
						<line number="424" hits="0"/>
						<line number="426" hits="1"/>
						<line number="429" hits="1"/>
						<line number="432" hits="1"/>
						<line number="433" hits="1"/>
						<line number="434" hits="1"/>
						<line number="435" hits="1"/>
						<line number="436" hits="1"/>
						<line number="437" hits="1"/>
						<line number="438" hits="1"/>
						<line number="439" hits="1" branch="true" condition-coverage="50% (1/2)" missing-branches="440"/>
						<line number="440" hits="0"/>
						<line number="441" hits="1" branch="true" condition-coverage="50% (1/2)" missing-branches="445"/>
						<line number="442" hits="1" branch="true" condition-coverage="100% (2/2)"/>
						<line number="443" hits="1"/>
						<line number="444" hits="1"/>
						<line number="445" hits="1"/>
						<line number="447" hits="1" branch="true" condition-coverage="100% (2/2)"/>
						<line number="448" hits="1"/>
						<line number="449" hits="1"/>
						<line number="450" hits="1"/>
						<line number="452" hits="1"/>
						<line number="455" hits="1"/>
						<line number="458" hits="1"/>
						<line number="459" hits="1"/>
						<line number="460" hits="1"/>
						<line number="461" hits="1"/>
						<line number="463" hits="1"/>
						<line number="466" hits="1"/>
						<line number="469" hits="1"/>
						<line number="470" hits="1"/>
						<line number="471" hits="1" branch="true" condition-coverage="50% (1/2)" missing-branches="473"/>
						<line number="472" hits="1"/>
						<line number="473" hits="0"/>
						<line number="475" hits="1"/>
						<line number="477" hits="1"/>
						<line number="480" hits="1"/>
						<line number="483" hits="1"/>
						<line number="484" hits="1"/>
						<line number="485" hits="1"/>
						<line number="488" hits="1"/>
						<line number="489" hits="0"/>
						<line number="492" hits="1"/>
						<line number="495" hits="1"/>
						<line number="501" hits="1"/>
						<line number="502" hits="1"/>
						<line number="504" hits="1"/>
						<line number="505" hits="1"/>
						<line number="506" hits="1"/>
						<line number="507" hits="1" branch="true" condition-coverage="100% (2/2)"/>
						<line number="508" hits="1"/>
						<line number="509" hits="1"/>
						<line number="510" hits="1" branch="true" condition-coverage="100% (2/2)"/>
						<line number="511" hits="1"/>
						<line number="513" hits="1"/>
						<line number="514" hits="1"/>
						<line number="515" hits="1" branch="true" condition-coverage="50% (1/2)" missing-branches="517"/>
						<line number="517" hits="0" branch="true" condition-coverage="0% (0/2)" missing-branches="518,522"/>
						<line number="518" hits="0"/>
						<line number="522" hits="0"/>
						<line number="526" hits="1" branch="true" condition-coverage="100% (2/2)"/>
						<line number="527" hits="1"/>
						<line number="528" hits="1"/>
						<line number="530" hits="1"/>
						<line number="532" hits="1"/>
						<line number="536" hits="1" branch="true" condition-coverage="100% (2/2)"/>
						<line number="537" hits="1" branch="true" condition-coverage="50% (1/2)" missing-branches="539"/>
						<line number="539" hits="0"/>
						<line number="540" hits="1"/>
						<line number="541" hits="1"/>
						<line number="542" hits="1" branch="true" condition-coverage="100% (2/2)"/>
						<line number="543" hits="1"/>
						<line number="546" hits="1" branch="true" condition-coverage="100% (2/2)"/>
						<line number="547" hits="1"/>
						<line number="548" hits="1" branch="true" condition-coverage="100% (2/2)"/>
						<line number="549" hits="1"/>
						<line number="552" hits="1"/>
						<line number="553" hits="1" branch="true" condition-coverage="100% (2/2)"/>
						<line number="554" hits="1"/>
						<line number="557" hits="1"/>
						<line number="558" hits="1"/>
						<line number="560" hits="1"/>
						<line number="561" hits="1"/>
						<line number="562" hits="1"/>
						<line number="564" hits="1"/>
						<line number="566" hits="1"/>
						<line number="569" hits="1"/>
						<line number="578" hits="1"/>
						<line number="597" hits="1"/>
						<line number="598" hits="1"/>
						<line number="599" hits="1"/>
						<line number="601" hits="1"/>
						<line number="602" hits="1"/>
						<line number="603" hits="1"/>
						<line number="605" hits="1"/>
						<line number="606" hits="1"/>
						<line number="607" hits="1"/>
						<line number="609" hits="1"/>
						<line number="610" hits="1"/>
						<line number="611" hits="1"/>
						<line number="613" hits="1"/>
						<line number="614" hits="1"/>
						<line number="615" hits="0"/>
						<line number="617" hits="1"/>
						<line number="618" hits="1"/>
						<line number="619" hits="0"/>
						<line number="621" hits="1"/>
						<line number="622" hits="1"/>
						<line number="623" hits="1"/>
						<line number="625" hits="1"/>
						<line number="626" hits="1"/>
						<line number="627" hits="0"/>
						<line number="629" hits="1"/>
						<line number="630" hits="1"/>
						<line number="631" hits="1"/>
						<line number="633" hits="1"/>
						<line number="634" hits="1"/>
						<line number="635" hits="0"/>
						<line number="637" hits="1"/>
						<line number="638" hits="1"/>
						<line number="639" hits="0"/>
						<line number="641" hits="1"/>
						<line number="642" hits="1"/>
						<line number="643" hits="0"/>
						<line number="645" hits="1"/>
						<line number="646" hits="1"/>
						<line number="648" hits="1" branch="true" condition-coverage="100% (2/2)"/>
						<line number="649" hits="1"/>
						<line number="651" hits="1"/>
						<line number="652" hits="1"/>
						<line number="653" hits="1"/>
						<line number="654" hits="1" branch="true" condition-coverage="50% (1/2)" missing-branches="655"/>
						<line number="655" hits="0"/>
						<line number="656" hits="1" branch="true" condition-coverage="100% (2/2)"/>
						<line number="657" hits="1"/>
						<line number="658" hits="1" branch="true" condition-coverage="50% (1/2)" missing-branches="659"/>
						<line number="659" hits="0"/>
						<line number="660" hits="1"/>
						<line number="661" hits="1"/>
						<line number="664" hits="1"/>
						<line number="667" hits="1"/>
						<line number="668" hits="1"/>
						<line number="669" hits="1"/>
						<line number="670" hits="1"/>
						<line number="671" hits="1"/>
						<line number="673" hits="1"/>
						<line number="674" hits="1"/>
						<line number="675" hits="1"/>
						<line number="676" hits="1"/>
						<line number="677" hits="1"/>
						<line number="678" hits="1" branch="true" condition-coverage="100% (2/2)"/>
						<line number="679" hits="1"/>
						<line number="680" hits="1" branch="true" condition-coverage="100% (2/2)"/>
						<line number="681" hits="1"/>
						<line number="682" hits="1" branch="true" condition-coverage="100% (2/2)"/>
						<line number="683" hits="1"/>
						<line number="684" hits="1"/>
						<line number="686" hits="1"/>
						<line number="687" hits="0"/>
						<line number="689" hits="1"/>
						<line number="690" hits="1"/>
						<line number="696" hits="1"/>
						<line number="697" hits="1"/>
						<line number="699" hits="1"/>
						<line number="700" hits="1"/>
						<line number="702" hits="1"/>
						<line number="703" hits="1"/>
						<line number="704" hits="1"/>
						<line number="705" hits="1"/>
						<line number="707" hits="1"/>
						<line number="708" hits="1"/>
						<line number="709" hits="1"/>
						<line number="714" hits="1"/>
						<line number="717" hits="1"/>
						<line number="718" hits="1"/>
						<line number="719" hits="1"/>
						<line number="720" hits="1"/>
						<line number="721" hits="1"/>
						<line number="723" hits="1"/>
						<line number="724" hits="1"/>
						<line number="725" hits="1"/>
						<line number="726" hits="1"/>
						<line number="727" hits="1"/>
						<line number="728" hits="1"/>
						<line number="730" hits="1"/>
						<line number="731" hits="1"/>
						<line number="732" hits="1"/>
						<line number="733" hits="1" branch="true" condition-coverage="100% (2/2)"/>
						<line number="734" hits="1" branch="true" condition-coverage="50% (1/2)" missing-branches="736"/>
						<line number="735" hits="1"/>
						<line number="736" hits="1" branch="true" condition-coverage="50% (1/2)" missing-branches="737"/>
						<line number="737" hits="0"/>
						<line number="738" hits="1" branch="true" condition-coverage="50% (1/2)" missing-branches="733"/>
						<line number="739" hits="1"/>
						<line number="740" hits="1"/>
						<line number="742" hits="1"/>
						<line number="743" hits="1"/>
						<line number="744" hits="1"/>
						<line number="745" hits="1" branch="true" condition-coverage="100% (2/2)"/>
						<line number="746" hits="1"/>
						<line number="747" hits="1" branch="true" condition-coverage="100% (2/2)"/>
						<line number="748" hits="1"/>
						<line number="749" hits="1" branch="true" condition-coverage="100% (2/2)"/>
						<line number="750" hits="1"/>
						<line number="751" hits="1"/>
						<line number="753" hits="1"/>
						<line number="754" hits="1"/>
						<line number="755" hits="1"/>
						<line number="758" hits="1" branch="true" condition-coverage="50% (1/2)" missing-branches="760"/>
						<line number="759" hits="1"/>
						<line number="760" hits="1" branch="true" condition-coverage="50% (1/2)" missing-branches="761"/>
						<line number="761" hits="0"/>
						<line number="762" hits="1"/>
						<line number="764" hits="1"/>
						<line number="765" hits="1"/>
						<line number="766" hits="1"/>
						<line number="767" hits="1" branch="true" condition-coverage="50% (1/2)" missing-branches="769"/>
						<line number="768" hits="1"/>
						<line number="769" hits="1" branch="true" condition-coverage="50% (1/2)" missing-branches="771"/>
						<line number="770" hits="1"/>
						<line number="771" hits="1" branch="true" condition-coverage="50% (1/2)" missing-branches="772"/>
						<line number="772" hits="0"/>
						<line number="773" hits="1"/>
						<line number="776" hits="1"/>
						<line number="779" hits="1"/>
						<line number="780" hits="1"/>
						<line number="781" hits="1"/>
						<line number="782" hits="1"/>
						<line number="783" hits="1"/>
						<line number="784" hits="1"/>
						<line number="785" hits="1"/>
						<line number="786" hits="1"/>
						<line number="788" hits="1"/>
						<line number="789" hits="0"/>
						<line number="791" hits="1"/>
						<line number="792" hits="1"/>
						<line number="794" hits="1"/>
						<line number="795" hits="1"/>
						<line number="797" hits="1"/>
						<line number="798" hits="1"/>
						<line number="799" hits="1" branch="true" condition-coverage="50% (1/2)" missing-branches="800"/>
						<line number="800" hits="0"/>
						<line number="801" hits="1"/>
						<line number="803" hits="1"/>
						<line number="808" hits="1"/>
						<line number="809" hits="1" branch="true" condition-coverage="100% (2/2)"/>
						<line number="810" hits="1"/>
						<line number="812" hits="1" branch="true" condition-coverage="50% (1/2)" missing-branches="813"/>
						<line number="813" hits="0"/>
						<line number="815" hits="1"/>
						<line number="816" hits="1"/>
						<line number="818" hits="1"/>
						<line number="825" hits="1"/>
						<line number="826" hits="1"/>
						<line number="828" hits="1"/>
						<line number="831" hits="1" branch="true" condition-coverage="50% (1/2)" missing-branches="832"/>
						<line number="832" hits="0"/>
						<line number="834" hits="1"/>
						<line number="835" hits="1" branch="true" condition-coverage="50% (1/2)" missing-branches="836"/>
						<line number="836" hits="0"/>
						<line number="840" hits="1" branch="true" condition-coverage="50% (1/2)" missing-branches="850"/>
						<line number="841" hits="1"/>
						<line number="842" hits="1" branch="true" condition-coverage="50% (1/2)" missing-branches="845"/>
						<line number="843" hits="1"/>
						<line number="845" hits="0"/>
						<line number="846" hits="0" branch="true" condition-coverage="0% (0/2)" missing-branches="847,850"/>
						<line number="847" hits="0"/>
						<line number="850" hits="0"/>
						<line number="852" hits="1"/>
						<line number="853" hits="1"/>
						<line number="855" hits="1" branch="true" condition-coverage="100% (2/2)"/>
						<line number="856" hits="1"/>
						<line number="857" hits="1"/>
						<line number="858" hits="1" branch="true" condition-coverage="50% (1/2)" missing-branches="860"/>
						<line number="859" hits="1"/>
						<line number="860" hits="0"/>
						<line number="862" hits="1"/>
						<line number="863" hits="0"/>
						<line number="868" hits="1"/>
						<line number="869" hits="0"/>
						<line number="871" hits="1"/>
						<line number="872" hits="1"/>
						<line number="880" hits="1"/>
						<line number="881" hits="0"/>
						<line number="885" hits="1"/>
						<line number="886" hits="0"/>
						<line number="889" hits="1"/>
						<line number="892" hits="1"/>
						<line number="893" hits="1"/>
						<line number="894" hits="1"/>
						<line number="896" hits="1"/>
						<line number="897" hits="1"/>
						<line number="899" hits="1"/>
						<line number="900" hits="1"/>
						<line number="902" hits="1"/>
						<line number="903" hits="0"/>
						<line number="906" hits="1"/>
						<line number="907" hits="1"/>
						<line number="910" hits="1"/>
						<line number="911" hits="1"/>
						<line number="912" hits="1"/>
						<line number="913" hits="1"/>
						<line number="914" hits="1"/>
						<line number="915" hits="1"/>
						<line number="917" hits="1"/>
						<line number="918" hits="0"/>
						<line number="920" hits="1"/>
						<line number="922" hits="1"/>
						<line number="923" hits="1"/>
						<line number="929" hits="1" branch="true" condition-coverage="100% (2/2)"/>
						<line number="930" hits="1" branch="true" condition-coverage="50% (1/2)" missing-branches="931"/>
						<line number="931" hits="0"/>
						<line number="934" hits="1"/>
						<line number="935" hits="1"/>
						<line number="937" hits="1"/>
						<line number="938" hits="1"/>
						<line number="939" hits="0"/>
						<line number="941" hits="1"/>
						<line number="942" hits="0"/>
						<line number="945" hits="1"/>
						<line number="953" hits="1"/>
						<line number="954" hits="1"/>
						<line number="955" hits="1"/>
						<line number="957" hits="1"/>
						<line number="959" hits="1"/>
						<line number="960" hits="1"/>
						<line number="961" hits="1"/>
						<line number="962" hits="1"/>
						<line number="963" hits="1"/>
						<line number="964" hits="1"/>
						<line number="965" hits="1"/>
						<line number="966" hits="1"/>
						<line number="967" hits="1"/>
						<line number="968" hits="1"/>
						<line number="969" hits="1"/>
						<line number="970" hits="1"/>
						<line number="971" hits="1"/>
						<line number="973" hits="1"/>
						<line number="974" hits="1"/>
						<line number="975" hits="1"/>
						<line number="976" hits="1"/>
						<line number="977" hits="1"/>
						<line number="979" hits="1"/>
						<line number="980" hits="1"/>
						<line number="981" hits="1"/>
						<line number="982" hits="1"/>
						<line number="983" hits="1"/>
						<line number="984" hits="1"/>
						<line number="985" hits="1"/>
						<line number="986" hits="1"/>
						<line number="987" hits="1"/>
						<line number="988" hits="1"/>
						<line number="990" hits="1"/>
						<line number="991" hits="1"/>
						<line number="992" hits="1"/>
						<line number="993" hits="1"/>
						<line number="994" hits="1"/>
						<line number="995" hits="1"/>
						<line number="996" hits="1"/>
						<line number="997" hits="1"/>
						<line number="998" hits="1"/>
						<line number="999" hits="1"/>
						<line number="1000" hits="1"/>
						<line number="1001" hits="1"/>
						<line number="1002" hits="1"/>
						<line number="1003" hits="1"/>
						<line number="1004" hits="1"/>
						<line number="1005" hits="1"/>
						<line number="1006" hits="1"/>
						<line number="1007" hits="1"/>
						<line number="1008" hits="1"/>
						<line number="1009" hits="1"/>
						<line number="1011" hits="1"/>
						<line number="1012" hits="1"/>
						<line number="1013" hits="1"/>
						<line number="1014" hits="1"/>
						<line number="1016" hits="1"/>
						<line number="1018" hits="1"/>
						<line number="1021" hits="1" branch="true" condition-coverage="100% (2/2)"/>
						<line number="1022" hits="1"/>
						<line number="1023" hits="1" branch="true" condition-coverage="50% (1/2)" missing-branches="1026"/>
						<line number="1024" hits="1"/>
						<line number="1026" hits="0"/>
						<line number="1028" hits="1" branch="true" condition-coverage="50% (1/2)" missing-branches="1029"/>
						<line number="1029" hits="0"/>
						<line number="1033" hits="1"/>
						<line number="1035" hits="1"/>
						<line number="1037" hits="1"/>
						<line number="1043" hits="1" branch="true" condition-coverage="50% (1/2)" missing-branches="1045"/>
						<line number="1045" hits="0"/>
						<line number="1047" hits="1"/>
						<line number="1052" hits="1" branch="true" condition-coverage="50% (1/2)" missing-branches="1053"/>
						<line number="1053" hits="0"/>
						<line number="1055" hits="1"/>
						<line number="1058" hits="1"/>
						<line number="1059" hits="1"/>
						<line number="1062" hits="1"/>
						<line number="1065" hits="1"/>
						<line number="1066" hits="1"/>
						<line number="1069" hits="1" branch="true" condition-coverage="50% (1/2)" missing-branches="1074"/>
						<line number="1070" hits="1"/>
						<line number="1074" hits="0"/>
						<line number="1078" hits="1"/>
						<line number="1084" hits="1"/>
						<line number="1088" hits="1"/>
						<line number="1089" hits="1" branch="true" condition-coverage="100% (2/2)"/>
						<line number="1090" hits="1"/>
						<line number="1092" hits="1"/>
						<line number="1093" hits="1" branch="true" condition-coverage="100% (2/2)"/>
						<line number="1094" hits="1"/>
						<line number="1095" hits="1"/>
						<line number="1097" hits="1"/>
						<line number="1098" hits="1"/>
						<line number="1100" hits="1"/>
						<line number="1101" hits="1"/>
						<line number="1102" hits="1"/>
						<line number="1103" hits="1"/>
						<line number="1105" hits="1"/>
						<line number="1106" hits="1"/>
						<line number="1108" hits="1"/>
						<line number="1109" hits="0"/>
						<line number="1113" hits="1"/>
						<line number="1114" hits="0"/>
						<line number="1118" hits="1"/>
						<line number="1119" hits="1"/>
						<line number="1120" hits="1"/>
						<line number="1122" hits="1"/>
						<line number="1123" hits="1"/>
						<line number="1124" hits="1"/>
						<line number="1126" hits="1"/>
						<line number="1127" hits="1"/>
						<line number="1136" hits="1" branch="true" condition-coverage="50% (1/2)" missing-branches="1182"/>
						<line number="1138" hits="1"/>
						<line number="1141" hits="1"/>
						<line number="1144" hits="1"/>
						<line number="1145" hits="1"/>
						<line number="1148" hits="1"/>
						<line number="1149" hits="1" branch="true" condition-coverage="100% (2/2)"/>
						<line number="1150" hits="1" branch="true" condition-coverage="100% (2/2)"/>
						<line number="1151" hits="1"/>
						<line number="1152" hits="1"/>
						<line number="1154" hits="1"/>
						<line number="1155" hits="1"/>
						<line number="1156" hits="1"/>
						<line number="1159" hits="1"/>
						<line number="1162" hits="1" branch="true" condition-coverage="50% (1/2)" missing-branches="1168"/>
						<line number="1163" hits="1"/>
						<line number="1168" hits="0"/>
						<line number="1169" hits="1"/>
						<line number="1172" hits="1"/>
						<line number="1175" hits="1"/>
						<line number="1178" hits="1"/>
						<line number="1182" hits="1"/>
						<line number="1184" hits="1"/>
						<line number="1185" hits="1"/>
						<line number="1186" hits="1"/>
						<line number="1187" hits="1"/>
						<line number="1189" hits="1"/>
						<line number="1190" hits="1"/>
						<line number="1191" hits="1"/>
						<line number="1192" hits="1"/>
						<line number="1194" hits="1"/>
						<line number="1195" hits="1"/>
						<line number="1196" hits="1"/>
						<line number="1197" hits="1"/>
						<line number="1199" hits="1"/>
						<line number="1200" hits="1"/>
						<line number="1201" hits="1"/>
						<line number="1202" hits="1"/>
						<line number="1204" hits="1"/>
						<line number="1205" hits="1"/>
						<line number="1206" hits="1"/>
						<line number="1207" hits="1"/>
						<line number="1209" hits="1"/>
						<line number="1210" hits="1"/>
						<line number="1211" hits="1"/>
						<line number="1212" hits="1"/>
						<line number="1214" hits="1"/>
						<line number="1215" hits="1"/>
						<line number="1216" hits="1"/>
						<line number="1217" hits="1"/>
						<line number="1219" hits="1"/>
						<line number="1220" hits="1"/>
						<line number="1221" hits="1"/>
						<line number="1222" hits="1"/>
						<line number="1224" hits="1"/>
						<line number="1225" hits="1"/>
						<line number="1226" hits="1"/>
						<line number="1227" hits="1"/>
						<line number="1229" hits="1"/>
						<line number="1230" hits="1"/>
						<line number="1231" hits="1"/>
						<line number="1232" hits="1"/>
						<line number="1235" hits="1"/>
						<line number="1236" hits="1"/>
						<line number="1237" hits="1"/>
						<line number="1238" hits="1"/>
						<line number="1239" hits="1"/>
						<line number="1240" hits="1"/>
						<line number="1241" hits="1"/>
						<line number="1242" hits="1"/>
						<line number="1243" hits="1"/>
						<line number="1244" hits="1"/>
						<line number="1245" hits="1"/>
						<line number="1246" hits="1"/>
						<line number="1247" hits="1"/>
						<line number="1248" hits="1"/>
						<line number="1249" hits="1"/>
						<line number="1250" hits="1"/>
						<line number="1251" hits="1"/>
						<line number="1252" hits="1"/>
						<line number="1253" hits="1"/>
						<line number="1254" hits="1"/>
						<line number="1255" hits="1"/>
						<line number="1256" hits="1"/>
						<line number="1257" hits="1"/>
						<line number="1258" hits="1"/>
						<line number="1260" hits="1"/>
						<line number="1261" hits="1"/>
						<line number="1262" hits="0"/>
						<line number="1264" hits="1"/>
						<line number="1265" hits="1"/>
						<line number="1266" hits="1"/>
						<line number="1267" hits="1"/>
						<line number="1269" hits="1"/>
						<line number="1270" hits="1"/>
						<line number="1271" hits="1"/>
						<line number="1272" hits="1"/>
						<line number="1273" hits="1"/>
						<line number="1274" hits="1"/>
						<line number="1275" hits="1"/>
						<line number="1276" hits="1"/>
						<line number="1278" hits="1"/>
						<line number="1279" hits="1" branch="true" condition-coverage="50% (1/2)" missing-branches="1280"/>
						<line number="1280" hits="0"/>
						<line number="1281" hits="1"/>
						<line number="1282" hits="1"/>
						<line number="1283" hits="1"/>
						<line number="1284" hits="1" branch="true" condition-coverage="50% (1/2)" missing-branches="1291"/>
						<line number="1285" hits="1"/>
						<line number="1286" hits="1"/>
						<line number="1287" hits="1"/>
						<line number="1291" hits="0"/>
						<line number="1292" hits="0"/>
						<line number="1293" hits="0"/>
						<line number="1297" hits="1"/>
						<line number="1298" hits="1"/>
						<line number="1300" hits="1"/>
						<line number="1301" hits="0"/>
						<line number="1308" hits="1"/>
						<line number="1309" hits="1"/>
						<line number="1310" hits="1"/>
						<line number="1311" hits="1"/>
						<line number="1312" hits="1"/>
						<line number="1313" hits="1"/>
						<line number="1314" hits="1"/>
						<line number="1315" hits="1"/>
						<line number="1316" hits="1"/>
						<line number="1317" hits="1"/>
						<line number="1318" hits="1"/>
						<line number="1319" hits="1"/>
						<line number="1320" hits="1"/>
						<line number="1321" hits="1"/>
						<line number="1322" hits="1"/>
						<line number="1323" hits="1"/>
						<line number="1324" hits="1"/>
						<line number="1325" hits="1"/>
						<line number="1326" hits="1"/>
						<line number="1327" hits="1"/>
						<line number="1328" hits="1"/>
						<line number="1329" hits="1"/>
						<line number="1330" hits="1"/>
						<line number="1331" hits="1"/>
						<line number="1332" hits="1"/>
						<line number="1333" hits="1"/>
						<line number="1334" hits="1"/>
						<line number="1335" hits="1"/>
						<line number="1336" hits="1"/>
						<line number="1337" hits="1"/>
						<line number="1338" hits="1"/>
						<line number="1339" hits="1"/>
						<line number="1340" hits="1"/>
						<line number="1341" hits="1"/>
						<line number="1342" hits="1"/>
						<line number="1343" hits="1"/>
						<line number="1344" hits="1"/>
						<line number="1345" hits="1"/>
						<line number="1346" hits="1"/>
						<line number="1347" hits="1"/>
						<line number="1348" hits="1"/>
						<line number="1349" hits="1"/>
						<line number="1351" hits="1"/>
						<line number="1352" hits="1"/>
						<line number="1353" hits="1"/>
						<line number="1355" hits="1"/>
						<line number="1356" hits="1"/>
						<line number="1357" hits="1"/>
						<line number="1358" hits="1"/>
						<line number="1359" hits="1"/>
						<line number="1360" hits="1"/>
						<line number="1361" hits="1"/>
						<line number="1362" hits="1"/>
						<line number="1363" hits="1"/>
						<line number="1364" hits="1"/>
						<line number="1365" hits="1"/>
						<line number="1366" hits="1"/>
						<line number="1367" hits="1"/>
						<line number="1368" hits="1"/>
						<line number="1369" hits="1"/>
						<line number="1370" hits="1"/>
						<line number="1371" hits="1"/>
						<line number="1373" hits="1"/>
						<line number="1374" hits="1"/>
						<line number="1375" hits="1"/>
						<line number="1377" hits="1"/>
						<line number="1378" hits="1"/>
						<line number="1379" hits="1"/>
						<line number="1380" hits="1"/>
						<line number="1381" hits="1"/>
						<line number="1382" hits="1"/>
						<line number="1383" hits="1"/>
						<line number="1384" hits="1"/>
						<line number="1385" hits="1"/>
						<line number="1386" hits="1"/>
						<line number="1387" hits="1"/>
						<line number="1389" hits="1"/>
						<line number="1390" hits="1" branch="true" condition-coverage="50% (1/2)" missing-branches="1391"/>
						<line number="1391" hits="0"/>
						<line number="1392" hits="1"/>
						<line number="1393" hits="1"/>
						<line number="1394" hits="1" branch="true" condition-coverage="50% (1/2)" missing-branches="1402"/>
						<line number="1395" hits="1"/>
						<line number="1396" hits="1"/>
						<line number="1397" hits="1"/>
						<line number="1400" hits="1"/>
						<line number="1402" hits="0"/>
						<line number="1403" hits="0"/>
						<line number="1404" hits="0"/>
						<line number="1407" hits="0"/>
						<line number="1409" hits="1"/>
						<line number="1410" hits="1"/>
						<line number="1411" hits="1"/>
						<line number="1413" hits="1" branch="true" condition-coverage="50% (1/2)" missing-branches="1417"/>
						<line number="1414" hits="1"/>
						<line number="1415" hits="1"/>
						<line number="1417" hits="0"/>
						<line number="1418" hits="0"/>
						<line number="1419" hits="1"/>
						<line number="1420" hits="1"/>
						<line number="1421" hits="1"/>
						<line number="1422" hits="1"/>
						<line number="1423" hits="1" branch="true" condition-coverage="100% (2/2)"/>
						<line number="1424" hits="1"/>
						<line number="1425" hits="1"/>
						<line number="1426" hits="1"/>
						<line number="1428" hits="1"/>
						<line number="1429" hits="0"/>
						<line number="1436" hits="1"/>
						<line number="1439" hits="1"/>
						<line number="1447" hits="1"/>
						<line number="1454" hits="1"/>
						<line number="1458" hits="1"/>
						<line number="1459" hits="1" branch="true" condition-coverage="50% (1/2)" missing-branches="1460"/>
						<line number="1460" hits="0"/>
						<line number="1462" hits="1" branch="true" condition-coverage="50% (1/2)" missing-branches="1463"/>
						<line number="1463" hits="0"/>
						<line number="1465" hits="1"/>
						<line number="1467" hits="1"/>
						<line number="1468" hits="1" branch="true" condition-coverage="100% (2/2)"/>
						<line number="1469" hits="1"/>
						<line number="1470" hits="1"/>
						<line number="1475" hits="1"/>
						<line number="1476" hits="1"/>
						<line number="1478" hits="1"/>
						<line number="1479" hits="1"/>
						<line number="1481" hits="1"/>
						<line number="1482" hits="1"/>
						<line number="1484" hits="1"/>
						<line number="1485" hits="0"/>
						<line number="1486" hits="0"/>
						<line number="1489" hits="1"/>
						<line number="1490" hits="1"/>
						<line number="1491" hits="1"/>
						<line number="1494" hits="1"/>
						<line number="1497" hits="1"/>
						<line number="1498" hits="1"/>
						<line number="1499" hits="1"/>
						<line number="1501" hits="1"/>
						<line number="1502" hits="1"/>
						<line number="1504" hits="1"/>
						<line number="1505" hits="1"/>
						<line number="1506" hits="1"/>
						<line number="1511" hits="1" branch="true" condition-coverage="50% (1/2)" missing-branches="1514"/>
						<line number="1512" hits="1"/>
						<line number="1513" hits="1"/>
						<line number="1514" hits="1" branch="true" condition-coverage="50% (1/2)" missing-branches="1517"/>
						<line number="1515" hits="1"/>
						<line number="1516" hits="1"/>
						<line number="1517" hits="1"/>
						<line number="1518" hits="1"/>
						<line number="1519" hits="1"/>
						<line number="1521" hits="1"/>
						<line number="1522" hits="1"/>
						<line number="1525" hits="1"/>
						<line number="1526" hits="1"/>
						<line number="1528" hits="1"/>
						<line number="1529" hits="1"/>
						<line number="1530" hits="1"/>
						<line number="1533" hits="1"/>
						<line number="1534" hits="1"/>
						<line number="1536" hits="1"/>
						<line number="1537" hits="1" branch="true" condition-coverage="50% (1/2)" missing-branches="1539"/>
						<line number="1538" hits="1"/>
						<line number="1539" hits="0"/>
						<line number="1541" hits="1"/>
						<line number="1542" hits="0"/>
						<line number="1544" hits="1"/>
						<line number="1545" hits="0"/>
						<line number="1547" hits="1"/>
						<line number="1548" hits="1"/>
						<line number="1549" hits="1"/>
						<line number="1551" hits="1"/>
						<line number="1552" hits="1"/>
						<line number="1553" hits="0"/>
						<line number="1555" hits="1"/>
						<line number="1556" hits="1"/>
						<line number="1557" hits="0"/>
						<line number="1559" hits="1"/>
						<line number="1560" hits="1"/>
						<line number="1562" hits="1" branch="true" condition-coverage="50% (1/2)" missing-branches="1574"/>
						<line number="1567" hits="1"/>
						<line number="1568" hits="1"/>
						<line number="1569" hits="1" branch="true" condition-coverage="50% (1/2)" missing-branches="1572"/>
						<line number="1570" hits="1"/>
						<line number="1572" hits="0"/>
						<line number="1573" hits="0"/>
						<line number="1574" hits="0"/>
						<line number="1576" hits="1"/>
						<line number="1577" hits="1"/>
						<line number="1578" hits="1"/>
						<line number="1581" hits="1"/>
						<line number="1584" hits="1"/>
						<line number="1585" hits="1"/>
						<line number="1586" hits="1"/>
						<line number="1587" hits="1"/>
						<line number="1588" hits="1"/>
						<line number="1589" hits="1"/>
						<line number="1591" hits="1"/>
						<line number="1592" hits="1"/>
						<line number="1593" hits="1"/>
						<line number="1594" hits="1"/>
						<line number="1598" hits="1" branch="true" condition-coverage="50% (1/2)" missing-branches="1603"/>
						<line number="1600" hits="1"/>
						<line number="1601" hits="1" branch="true" condition-coverage="50% (1/2)" missing-branches="1603"/>
						<line number="1602" hits="1"/>
						<line number="1603" hits="1"/>
						<line number="1612" hits="1" branch="true" condition-coverage="50% (1/2)" missing-branches="1615"/>
						<line number="1614" hits="1"/>
						<line number="1615" hits="1"/>
						<line number="1620" hits="1"/>
						<line number="1621" hits="1"/>
						<line number="1623" hits="1"/>
						<line number="1625" hits="1"/>
						<line number="1626" hits="1"/>
						<line number="1627" hits="1"/>
						<line number="1628" hits="0"/>
						<line number="1629" hits="0"/>
						<line number="1632" hits="1"/>
						<line number="1633" hits="1"/>
						<line number="1635" hits="1"/>
						<line number="1636" hits="1"/>
						<line number="1637" hits="1"/>
						<line number="1640" hits="1"/>
						<line number="1641" hits="1"/>
						<line number="1643" hits="1"/>
						<line number="1644" hits="0"/>
						<line number="1646" hits="1"/>
						<line number="1647" hits="1"/>
						<line number="1649" hits="1"/>
						<line number="1650" hits="1"/>
						<line number="1651" hits="1"/>
						<line number="1653" hits="1"/>
						<line number="1654" hits="1"/>
						<line number="1656" hits="1"/>
						<line number="1657" hits="1" branch="true" condition-coverage="100% (2/2)"/>
						<line number="1658" hits="1"/>
						<line number="1660" hits="1"/>
						<line number="1661" hits="1"/>
						<line number="1662" hits="1"/>
						<line number="1664" hits="1"/>
						<line number="1665" hits="1"/>
						<line number="1667" hits="1"/>
						<line number="1668" hits="1"/>
						<line number="1673" hits="1"/>
						<line number="1675" hits="1"/>
						<line number="1676" hits="0"/>
						<line number="1678" hits="1"/>
						<line number="1679" hits="1"/>
						<line number="1680" hits="1"/>
						<line number="1682" hits="1"/>
						<line number="1683" hits="1"/>
						<line number="1684" hits="1"/>
						<line number="1686" hits="1"/>
						<line number="1687" hits="1"/>
						<line number="1688" hits="1"/>
						<line number="1690" hits="1"/>
						<line number="1691" hits="1"/>
						<line number="1692" hits="1"/>
						<line number="1694" hits="1"/>
						<line number="1695" hits="1"/>
						<line number="1696" hits="1"/>
						<line number="1698" hits="1"/>
						<line number="1699" hits="1"/>
						<line number="1700" hits="1"/>
						<line number="1702" hits="1"/>
						<line number="1703" hits="1"/>
						<line number="1704" hits="1"/>
						<line number="1706" hits="1"/>
						<line number="1707" hits="1"/>
						<line number="1708" hits="0"/>
						<line number="1710" hits="1"/>
						<line number="1711" hits="1"/>
						<line number="1712" hits="1"/>
						<line number="1714" hits="1"/>
						<line number="1715" hits="1"/>
						<line number="1716" hits="0"/>
						<line number="1718" hits="1"/>
						<line number="1719" hits="1"/>
						<line number="1720" hits="0"/>
						<line number="1722" hits="1"/>
						<line number="1723" hits="1"/>
						<line number="1724" hits="1"/>
						<line number="1726" hits="1"/>
						<line number="1727" hits="1"/>
						<line number="1728" hits="1"/>
						<line number="1730" hits="1"/>
						<line number="1732" hits="1"/>
						<line number="1733" hits="1" branch="true" condition-coverage="100% (2/2)"/>
						<line number="1734" hits="1"/>
						<line number="1735" hits="1"/>
						<line number="1737" hits="1"/>
						<line number="1738" hits="1"/>
						<line number="1739" hits="1"/>
						<line number="1740" hits="1"/>
						<line number="1741" hits="1"/>
						<line number="1743" hits="1"/>
						<line number="1744" hits="0"/>
						<line number="1745" hits="0"/>
						<line number="1746" hits="0"/>
						<line number="1748" hits="1"/>
						<line number="1749" hits="1"/>
						<line number="1751" hits="1"/>
						<line number="1752" hits="1" branch="true" condition-coverage="100% (2/2)"/>
						<line number="1753" hits="1"/>
						<line number="1754" hits="1" branch="true" condition-coverage="50% (1/2)" missing-branches="1755"/>
						<line number="1755" hits="0"/>
						<line number="1756" hits="1"/>
						<line number="1757" hits="1"/>
						<line number="1758" hits="1" branch="true" condition-coverage="50% (1/2)" missing-branches="1759"/>
						<line number="1759" hits="0"/>
						<line number="1760" hits="1"/>
						<line number="1762" hits="1"/>
						<line number="1763" hits="1" branch="true" condition-coverage="50% (1/2)" missing-branches="1764"/>
						<line number="1764" hits="0"/>
						<line number="1765" hits="1"/>
						<line number="1766" hits="1"/>
						<line number="1767" hits="1" branch="true" condition-coverage="50% (1/2)" missing-branches="1768"/>
						<line number="1768" hits="0"/>
						<line number="1769" hits="0"/>
						<line number="1770" hits="0"/>
						<line number="1771" hits="1"/>
						<line number="1773" hits="1"/>
						<line number="1774" hits="1"/>
						<line number="1777" hits="1" branch="true" condition-coverage="50% (1/2)" missing-branches="1778"/>
						<line number="1778" hits="0"/>
						<line number="1780" hits="1"/>
						<line number="1781" hits="1"/>
						<line number="1782" hits="1"/>
						<line number="1783" hits="1"/>
						<line number="1784" hits="1"/>
						<line number="1786" hits="1"/>
						<line number="1787" hits="1"/>
						<line number="1789" hits="0"/>
						<line number="1790" hits="0"/>
						<line number="1791" hits="0"/>
						<line number="1792" hits="0" branch="true" condition-coverage="0% (0/2)" missing-branches="1793,1799"/>
						<line number="1793" hits="0" branch="true" condition-coverage="0% (0/2)" missing-branches="1794,1795"/>
						<line number="1794" hits="0"/>
						<line number="1795" hits="0"/>
						<line number="1796" hits="0"/>
						<line number="1797" hits="0"/>
						<line number="1798" hits="0"/>
						<line number="1799" hits="0"/>
						<line number="1802" hits="1"/>
						<line number="1807" hits="1"/>
						<line number="1808" hits="1"/>
						<line number="1809" hits="1"/>
						<line number="1810" hits="1"/>
						<line number="1812" hits="1"/>
						<line number="1813" hits="1"/>
						<line number="1827" hits="1"/>
						<line number="1828" hits="1"/>
						<line number="1829" hits="1"/>
						<line number="1831" hits="1"/>
						<line number="1832" hits="1"/>
						<line number="1834" hits="1"/>
						<line number="1842" hits="1"/>
						<line number="1844" hits="1"/>
						<line number="1847" hits="1"/>
						<line number="1848" hits="1"/>
						<line number="1849" hits="1"/>
						<line number="1850" hits="1" branch="true" condition-coverage="100% (2/2)"/>
						<line number="1851" hits="1"/>
						<line number="1852" hits="1"/>
						<line number="1853" hits="1"/>
						<line number="1854" hits="1"/>
						<line number="1855" hits="1"/>
						<line number="1857" hits="1"/>
						<line number="1858" hits="1"/>
						<line number="1859" hits="1"/>
						<line number="1862" hits="1"/>
						<line number="1863" hits="1"/>
						<line number="1865" hits="1"/>
						<line number="1866" hits="1"/>
						<line number="1867" hits="0"/>
						<line number="1869" hits="1"/>
						<line number="1870" hits="1"/>
						<line number="1871" hits="1"/>
						<line number="1873" hits="1"/>
						<line number="1874" hits="1"/>
						<line number="1875" hits="1"/>
						<line number="1877" hits="1"/>
						<line number="1878" hits="1"/>
						<line number="1879" hits="1"/>
						<line number="1881" hits="1"/>
						<line number="1882" hits="1"/>
						<line number="1883" hits="0"/>
						<line number="1885" hits="1"/>
						<line number="1886" hits="1"/>
						<line number="1887" hits="0"/>
						<line number="1889" hits="1"/>
						<line number="1890" hits="1"/>
						<line number="1891" hits="0"/>
						<line number="1893" hits="1"/>
						<line number="1895" hits="1"/>
						<line number="1896" hits="1"/>
						<line number="1897" hits="1" branch="true" condition-coverage="50% (1/2)" missing-branches="1898"/>
						<line number="1898" hits="0"/>
						<line number="1899" hits="1" branch="true" condition-coverage="50% (1/2)" missing-branches="1900"/>
						<line number="1900" hits="0"/>
						<line number="1901" hits="1"/>
						<line number="1903" hits="1"/>
						<line number="1904" hits="1"/>
						<line number="1905" hits="1"/>
						<line number="1907" hits="1"/>
						<line number="1908" hits="1"/>
						<line number="1910" hits="1"/>
						<line number="1911" hits="1"/>
						<line number="1912" hits="1"/>
						<line number="1913" hits="1"/>
						<line number="1915" hits="1"/>
						<line number="1916" hits="1"/>
						<line number="1918" hits="1" branch="true" condition-coverage="100% (2/2)"/>
						<line number="1919" hits="1"/>
						<line number="1921" hits="1" branch="true" condition-coverage="50% (1/2)" missing-branches="1922"/>
						<line number="1922" hits="0"/>
						<line number="1924" hits="1"/>
						<line number="1926" hits="1" branch="true" condition-coverage="50% (1/2)" missing-branches="1927"/>
						<line number="1927" hits="0"/>
						<line number="1929" hits="1"/>
						<line number="1930" hits="1" branch="true" condition-coverage="50% (1/2)" missing-branches="1931"/>
						<line number="1931" hits="0"/>
						<line number="1933" hits="1"/>
						<line number="1934" hits="1"/>
						<line number="1936" hits="1"/>
						<line number="1937" hits="1"/>
						<line number="1938" hits="1"/>
						<line number="1940" hits="1"/>
						<line number="1941" hits="1"/>
						<line number="1943" hits="1"/>
						<line number="1944" hits="1"/>
						<line number="1946" hits="1"/>
						<line number="1947" hits="1"/>
						<line number="1949" hits="1"/>
						<line number="1950" hits="1"/>
						<line number="1952" hits="1"/>
						<line number="1956" hits="1" branch="true" condition-coverage="50% (1/2)" missing-branches="1957"/>
						<line number="1957" hits="0"/>
						<line number="1959" hits="1"/>
						<line number="1960" hits="1"/>
						<line number="1962" hits="1"/>
						<line number="1963" hits="1"/>
						<line number="1964" hits="1"/>
						<line number="1966" hits="1"/>
						<line number="1967" hits="1"/>
						<line number="1968" hits="1"/>
						<line number="1969" hits="1"/>
						<line number="1970" hits="0"/>
						<line number="1971" hits="0"/>
						<line number="1973" hits="1"/>
						<line number="1974" hits="1"/>
						<line number="1975" hits="1"/>
						<line number="1976" hits="1"/>
						<line number="1977" hits="0"/>
						<line number="1978" hits="0"/>
						<line number="1982" hits="1" branch="true" condition-coverage="50% (1/2)" missing-branches="1985"/>
						<line number="1983" hits="1"/>
						<line number="1985" hits="1"/>
						<line number="1987" hits="1"/>
						<line number="1988" hits="0"/>
						<line number="1989" hits="0"/>
						<line number="1991" hits="0"/>
						<line number="1992" hits="0"/>
						<line number="1993" hits="0"/>
						<line number="1994" hits="0"/>
						<line number="1995" hits="0"/>
						<line number="1997" hits="0"/>
						<line number="1998" hits="0"/>
						<line number="1999" hits="0"/>
						<line number="2000" hits="0"/>
						<line number="2002" hits="0"/>
						<line number="2004" hits="1"/>
						<line number="2005" hits="1"/>
						<line number="2010" hits="1"/>
						<line number="2011" hits="1"/>
						<line number="2015" hits="1" branch="true" condition-coverage="50% (1/2)" missing-branches="2016"/>
						<line number="2016" hits="0"/>
						<line number="2017" hits="1"/>
						<line number="2019" hits="1"/>
						<line number="2020" hits="1"/>
						<line number="2021" hits="1" branch="true" condition-coverage="100% (2/2)"/>
						<line number="2022" hits="1"/>
						<line number="2023" hits="1" branch="true" condition-coverage="100% (2/2)"/>
						<line number="2024" hits="1"/>
						<line number="2026" hits="1"/>
						<line number="2029" hits="1"/>
						<line number="2030" hits="1"/>
						<line number="2031" hits="1"/>
						<line number="2032" hits="1"/>
						<line number="2033" hits="1" branch="true" condition-coverage="50% (1/2)" missing-branches="2034"/>
						<line number="2034" hits="0"/>
						<line number="2035" hits="1"/>
						<line number="2037" hits="1"/>
						<line number="2039" hits="0"/>
						<line number="2040" hits="0" branch="true" condition-coverage="0% (0/2)" missing-branches="2041,2042"/>
						<line number="2041" hits="0"/>
						<line number="2042" hits="0"/>
						<line number="2044" hits="1"/>
						<line number="2046" hits="1"/>
						<line number="2047" hits="1" branch="true" condition-coverage="50% (1/2)" missing-branches="2048"/>
						<line number="2048" hits="0"/>
						<line number="2049" hits="1"/>
						<line number="2052" hits="1"/>
						<line number="2053" hits="1"/>
						<line number="2056" hits="1"/>
						<line number="2057" hits="1"/>
						<line number="2058" hits="0"/>
						<line number="2061" hits="1"/>
						<line number="2063" hits="1"/>
						<line number="2064" hits="1"/>
						<line number="2065" hits="1"/>
						<line number="2066" hits="1"/>
						<line number="2068" hits="1"/>
						<line number="2073" hits="1"/>
						<line number="2076" hits="1"/>
						<line number="2077" hits="1" branch="true" condition-coverage="100% (2/2)"/>
						<line number="2078" hits="1"/>
						<line number="2079" hits="1"/>
						<line number="2082" hits="1"/>
						<line number="2083" hits="1"/>
						<line number="2084" hits="1"/>
						<line number="2087" hits="1"/>
						<line number="2088" hits="1"/>
						<line number="2089" hits="1"/>
						<line number="2092" hits="1"/>
						<line number="2093" hits="1"/>
						<line number="2094" hits="1"/>
						<line number="2097" hits="1"/>
						<line number="2098" hits="1"/>
						<line number="2099" hits="1"/>
						<line number="2102" hits="1"/>
						<line number="2104" hits="1" branch="true" condition-coverage="50% (1/2)" missing-branches="2105"/>
						<line number="2105" hits="0"/>
						<line number="2106" hits="0"/>
						<line number="2107" hits="1"/>
						<line number="2108" hits="1"/>
						<line number="2111" hits="1"/>
						<line number="2114" hits="1"/>
						<line number="2115" hits="0"/>
						<line number="2116" hits="0"/>
						<line number="2117" hits="0"/>
						<line number="2119" hits="1"/>
						<line number="2120" hits="1"/>
						<line number="2121" hits="1"/>
						<line number="2122" hits="1"/>
						<line number="2123" hits="1"/>
						<line number="2124" hits="1"/>
						<line number="2126" hits="1" branch="true" condition-coverage="100% (2/2)"/>
						<line number="2127" hits="1"/>
						<line number="2129" hits="1" branch="true" condition-coverage="50% (1/2)" missing-branches="2130"/>
						<line number="2130" hits="0"/>
						<line number="2132" hits="1"/>
						<line number="2135" hits="1"/>
						<line number="2137" hits="1"/>
						<line number="2138" hits="1"/>
						<line number="2139" hits="1"/>
						<line number="2140" hits="1"/>
						<line number="2141" hits="1"/>
						<line number="2142" hits="1"/>
						<line number="2143" hits="1"/>
						<line number="2146" hits="1"/>
						<line number="2150" hits="1"/>
						<line number="2151" hits="1"/>
						<line number="2152" hits="1"/>
						<line number="2153" hits="0"/>
						<line number="2154" hits="0"/>
						<line number="2156" hits="1"/>
						<line number="2157" hits="1"/>
						<line number="2158" hits="1"/>
						<line number="2161" hits="1"/>
						<line number="2163" hits="1"/>
						<line number="2164" hits="1"/>
						<line number="2171" hits="1" branch="true" condition-coverage="100% (2/2)"/>
						<line number="2172" hits="1"/>
						<line number="2173" hits="1"/>
						<line number="2176" hits="1"/>
						<line number="2178" hits="1"/>
						<line number="2181" hits="1"/>
						<line number="2182" hits="1"/>
						<line number="2184" hits="1"/>
						<line number="2185" hits="1" branch="true" condition-coverage="100% (2/2)"/>
						<line number="2186" hits="1"/>
						<line number="2187" hits="1"/>
						<line number="2190" hits="1"/>
						<line number="2191" hits="1"/>
						<line number="2198" hits="1"/>
						<line number="2199" hits="1" branch="true" condition-coverage="100% (2/2)"/>
						<line number="2200" hits="1"/>
						<line number="2202" hits="1" branch="true" condition-coverage="100% (2/2)"/>
						<line number="2203" hits="1"/>
						<line number="2204" hits="1" branch="true" condition-coverage="100% (2/2)"/>
						<line number="2205" hits="1"/>
						<line number="2207" hits="1"/>
						<line number="2208" hits="1" branch="true" condition-coverage="50% (1/2)" missing-branches="2210"/>
						<line number="2209" hits="1"/>
						<line number="2210" hits="1"/>
						<line number="2213" hits="1"/>
						<line number="2228" hits="1"/>
						<line number="2229" hits="1"/>
						<line number="2231" hits="1" branch="true" condition-coverage="100% (2/2)"/>
						<line number="2232" hits="1"/>
						<line number="2233" hits="1"/>
						<line number="2235" hits="1" branch="true" condition-coverage="100% (2/2)"/>
						<line number="2236" hits="1"/>
						<line number="2237" hits="1"/>
						<line number="2239" hits="1"/>
						<line number="2240" hits="1" branch="true" condition-coverage="50% (1/2)" missing-branches="2244"/>
						<line number="2241" hits="1"/>
						<line number="2242" hits="1"/>
						<line number="2244" hits="0"/>
						<line number="2246" hits="1"/>
						<line number="2247" hits="1"/>
						<line number="2250" hits="1"/>
						<line number="2252" hits="1"/>
						<line number="2255" hits="1"/>
						<line number="2257" hits="1"/>
						<line number="2260" hits="1"/>
						<line number="2262" hits="1"/>
						<line number="2263" hits="1"/>
						<line number="2266" hits="1"/>
						<line number="2268" hits="1"/>
						<line number="2269" hits="1"/>
						<line number="2272" hits="1"/>
						<line number="2273" hits="1"/>
						<line number="2274" hits="1"/>
						<line number="2275" hits="1"/>
						<line number="2277" hits="1"/>
						<line number="2278" hits="1"/>
						<line number="2279" hits="1"/>
						<line number="2282" hits="1"/>
						<line number="2283" hits="1"/>
						<line number="2284" hits="1" branch="true" condition-coverage="50% (1/2)" missing-branches="2285"/>
						<line number="2285" hits="0"/>
						<line number="2286" hits="1"/>
						<line number="2287" hits="1"/>
						<line number="2289" hits="1"/>
						<line number="2291" hits="1"/>
						<line number="2292" hits="1"/>
						<line number="2293" hits="1"/>
						<line number="2295" hits="1" branch="true" condition-coverage="50% (1/2)" missing-branches="2298"/>
						<line number="2296" hits="1"/>
						<line number="2298" hits="0"/>
						<line number="2299" hits="1"/>
						<line number="2301" hits="1"/>
						<line number="2303" hits="1" branch="true" condition-coverage="50% (1/2)" missing-branches="2306"/>
						<line number="2304" hits="1"/>
						<line number="2306" hits="0"/>
						<line number="2307" hits="1"/>
						<line number="2308" hits="1"/>
						<line number="2311" hits="1"/>
						<line number="2313" hits="0" branch="true" condition-coverage="0% (0/2)" missing-branches="2314,2315"/>
						<line number="2314" hits="0"/>
						<line number="2315" hits="0"/>
						<line number="2316" hits="0"/>
						<line number="2317" hits="0"/>
						<line number="2319" hits="0" branch="true" condition-coverage="0% (0/2)" missing-branches="2320,2322"/>
						<line number="2320" hits="0"/>
						<line number="2322" hits="0"/>
						<line number="2323" hits="0"/>
						<line number="2326" hits="1"/>
						<line number="2328" hits="0" branch="true" condition-coverage="0% (0/2)" missing-branches="2329,2331"/>
						<line number="2329" hits="0"/>
						<line number="2331" hits="0"/>
						<line number="2332" hits="0"/>
						<line number="2333" hits="0"/>
						<line number="2336" hits="1"/>
						<line number="2337" hits="1"/>
						<line number="2339" hits="0"/>
						<line number="2340" hits="0" branch="true" condition-coverage="0% (0/2)" missing-branches="2341,2342"/>
						<line number="2341" hits="0"/>
						<line number="2342" hits="0"/>
						<line number="2345" hits="1"/>
						<line number="2346" hits="1"/>
						<line number="2348" hits="0"/>
						<line number="2349" hits="0"/>
						<line number="2350" hits="0"/>
						<line number="2351" hits="0"/>
						<line number="2352" hits="0"/>
						<line number="2355" hits="1"/>
						<line number="2356" hits="1"/>
						<line number="2361" hits="1"/>
						<line number="2362" hits="1" branch="true" condition-coverage="100% (2/2)"/>
						<line number="2363" hits="1"/>
						<line number="2367" hits="1"/>
						<line number="2368" hits="1"/>
						<line number="2369" hits="1"/>
						<line number="2370" hits="1" branch="true" condition-coverage="100% (2/2)"/>
						<line number="2371" hits="1"/>
						<line number="2372" hits="1"/>
						<line number="2375" hits="1"/>
						<line number="2384" hits="1"/>
						<line number="2385" hits="1"/>
						<line number="2387" hits="1" branch="true" condition-coverage="100% (2/2)"/>
						<line number="2388" hits="1"/>
						<line number="2389" hits="1"/>
						<line number="2390" hits="1"/>
						<line number="2391" hits="1"/>
						<line number="2392" hits="1"/>
						<line number="2393" hits="1" branch="true" condition-coverage="100% (2/2)"/>
						<line number="2394" hits="1"/>
						<line number="2395" hits="1"/>
						<line number="2397" hits="1"/>
						<line number="2399" hits="1"/>
						<line number="2400" hits="1"/>
						<line number="2402" hits="1"/>
						<line number="2404" hits="1"/>
						<line number="2407" hits="1"/>
						<line number="2410" hits="1" branch="true" condition-coverage="50% (1/2)" missing-branches="2411"/>
						<line number="2411" hits="0"/>
						<line number="2414" hits="1"/>
						<line number="2418" hits="1" branch="true" condition-coverage="50% (1/2)" missing-branches="2441"/>
						<line number="2419" hits="1"/>
						<line number="2420" hits="1"/>
						<line number="2421" hits="1"/>
						<line number="2423" hits="1"/>
						<line number="2426" hits="1" branch="true" condition-coverage="50% (1/2)" missing-branches="2427"/>
						<line number="2427" hits="0"/>
						<line number="2431" hits="1"/>
						<line number="2434" hits="1" branch="true" condition-coverage="50% (1/2)" missing-branches="2435"/>
						<line number="2435" hits="0"/>
						<line number="2438" hits="1" branch="true" condition-coverage="50% (1/2)" missing-branches="2418"/>
						<line number="2439" hits="1"/>
						<line number="2441" hits="1"/>
						<line number="2444" hits="1"/>
						<line number="2445" hits="1"/>
						<line number="2447" hits="0"/>
						<line number="2450" hits="1"/>
						<line number="2453" hits="1"/>
						<line number="2456" hits="1"/>
						<line number="2458" hits="1"/>
						<line number="2459" hits="1"/>
						<line number="2462" hits="1"/>
						<line number="2464" hits="1"/>
						<line number="2467" hits="1"/>
						<line number="2469" hits="1"/>
						<line number="2472" hits="1"/>
						<line number="2477" hits="1"/>
						<line number="2479" hits="1" branch="true" condition-coverage="100% (2/2)"/>
						<line number="2480" hits="1"/>
						<line number="2481" hits="1"/>
						<line number="2482" hits="1" branch="true" condition-coverage="100% (2/2)"/>
						<line number="2483" hits="1" branch="true" condition-coverage="100% (2/2)"/>
						<line number="2484" hits="1" branch="true" condition-coverage="50% (1/2)" missing-branches="2485"/>
						<line number="2485" hits="0"/>
						<line number="2486" hits="1"/>
						<line number="2487" hits="0"/>
						<line number="2489" hits="0"/>
						<line number="2491" hits="1" branch="true" condition-coverage="100% (2/2)"/>
						<line number="2492" hits="1"/>
						<line number="2495" hits="1"/>
						<line number="2499" hits="1"/>
						<line number="2502" hits="1"/>
						<line number="2505" hits="1"/>
						<line number="2508" hits="0"/>
						<line number="2509" hits="0"/>
						<line number="2510" hits="0"/>
						<line number="2511" hits="0"/>
						<line number="2513" hits="0"/>
						<line number="2514" hits="0" branch="true" condition-coverage="0% (0/2)" missing-branches="2515,2517"/>
						<line number="2515" hits="0"/>
						<line number="2516" hits="0"/>
						<line number="2517" hits="0"/>
						<line number="2520" hits="1"/>
						<line number="2521" hits="1"/>
						<line number="2522" hits="0"/>
						<line number="2525" hits="1"/>
						<line number="2526" hits="1"/>
						<line number="2528" hits="0" branch="true" condition-coverage="0% (0/2)" missing-branches="2529,2532"/>
						<line number="2529" hits="0"/>
						<line number="2530" hits="0"/>
						<line number="2532" hits="0"/>
						<line number="2533" hits="0"/>
						<line number="2534" hits="0" branch="true" condition-coverage="0% (0/2)" missing-branches="2535,2538"/>
						<line number="2535" hits="0"/>
						<line number="2536" hits="0"/>
						<line number="2538" hits="0"/>
						<line number="2539" hits="0" branch="true" condition-coverage="0% (0/2)" missing-branches="2540,2542"/>
						<line number="2540" hits="0"/>
						<line number="2542" hits="0"/>
						<line number="2543" hits="0" branch="true" condition-coverage="0% (0/2)" missing-branches="2545,2550"/>
						<line number="2545" hits="0" branch="true" condition-coverage="0% (0/2)" missing-branches="2546,2547"/>
						<line number="2546" hits="0"/>
						<line number="2547" hits="0"/>
						<line number="2550" hits="0"/>
						<line number="2553" hits="1"/>
						<line number="2554" hits="1"/>
						<line number="2556" hits="0"/>
						<line number="2559" hits="1"/>
						<line number="2560" hits="1"/>
						<line number="2563" hits="1"/>
						<line number="2564" hits="1"/>
						<line number="2565" hits="0"/>
						<line number="2568" hits="1"/>
						<line number="2569" hits="1"/>
						<line number="2570" hits="0"/>
						<line number="2573" hits="1"/>
						<line number="2575" hits="1"/>
						<line number="2576" hits="1" branch="true" condition-coverage="100% (2/2)"/>
						<line number="2577" hits="1"/>
						<line number="2582" hits="1"/>
						<line number="2585" hits="1"/>
						<line number="2586" hits="1"/>
						<line number="2587" hits="1"/>
						<line number="2588" hits="1"/>
						<line number="2591" hits="1"/>
						<line number="2592" hits="1"/>
						<line number="2593" hits="1"/>
						<line number="2594" hits="1"/>
						<line number="2602" hits="1"/>
						<line number="2603" hits="1"/>
						<line number="2604" hits="0"/>
						<line number="2607" hits="1"/>
						<line number="2610" hits="1"/>
						<line number="2612" hits="1"/>
						<line number="2614" hits="1"/>
						<line number="2615" hits="1" branch="true" condition-coverage="100% (2/2)"/>
						<line number="2616" hits="1" branch="true" condition-coverage="50% (1/2)" missing-branches="2615"/>
						<line number="2617" hits="1" branch="true" condition-coverage="100% (2/2)"/>
						<line number="2618" hits="1"/>
						<line number="2620" hits="1"/>
						<line number="2621" hits="1"/>
						<line number="2624" hits="1"/>
						<line number="2628" hits="1"/>
						<line number="2629" hits="1"/>
						<line number="2630" hits="1"/>
						<line number="2631" hits="1"/>
						<line number="2632" hits="1"/>
						<line number="2633" hits="1"/>
						<line number="2634" hits="1"/>
						<line number="2635" hits="1"/>
						<line number="2636" hits="1"/>
						<line number="2637" hits="1"/>
						<line number="2638" hits="1"/>
						<line number="2641" hits="1"/>
						<line number="2642" hits="1"/>
						<line number="2643" hits="1"/>
						<line number="2644" hits="1"/>
						<line number="2646" hits="1"/>
						<line number="2647" hits="1"/>
						<line number="2648" hits="1"/>
						<line number="2660" hits="1" branch="true" condition-coverage="50% (1/2)" missing-branches="2661"/>
						<line number="2661" hits="0"/>
						<line number="2663" hits="1"/>
						<line number="2664" hits="1"/>
						<line number="2668" hits="1"/>
						<line number="2669" hits="0"/>
						<line number="2671" hits="1"/>
						<line number="2672" hits="1"/>
						<line number="2676" hits="1"/>
						<line number="2678" hits="1"/>
						<line number="2679" hits="0"/>
						<line number="2681" hits="1"/>
						<line number="2682" hits="0"/>
						<line number="2684" hits="1"/>
						<line number="2685" hits="0"/>
						<line number="2687" hits="1"/>
						<line number="2688" hits="0"/>
						<line number="2690" hits="1"/>
						<line number="2691" hits="0"/>
						<line number="2693" hits="1"/>
						<line number="2694" hits="0"/>
						<line number="2696" hits="1"/>
						<line number="2697" hits="1"/>
						<line number="2699" hits="1"/>
						<line number="2700" hits="1"/>
						<line number="2701" hits="0"/>
						<line number="2703" hits="1"/>
						<line number="2704" hits="1"/>
						<line number="2705" hits="1"/>
						<line number="2707" hits="1"/>
						<line number="2709" hits="1"/>
						<line number="2710" hits="1"/>
						<line number="2713" hits="1"/>
						<line number="2715" hits="1"/>
						<line number="2716" hits="1"/>
						<line number="2718" hits="1"/>
						<line number="2719" hits="1"/>
						<line number="2720" hits="1"/>
						<line number="2721" hits="1"/>
						<line number="2724" hits="1"/>
						<line number="2725" hits="1"/>
						<line number="2726" hits="1"/>
						<line number="2728" hits="1"/>
						<line number="2729" hits="1" branch="true" condition-coverage="100% (2/2)"/>
						<line number="2730" hits="1"/>
						<line number="2731" hits="1"/>
						<line number="2733" hits="1"/>
						<line number="2734" hits="1"/>
						<line number="2735" hits="0"/>
						<line number="2737" hits="1"/>
						<line number="2738" hits="1"/>
						<line number="2739" hits="1"/>
						<line number="2741" hits="1"/>
						<line number="2742" hits="1"/>
						<line number="2743" hits="1"/>
						<line number="2745" hits="1"/>
						<line number="2746" hits="1"/>
						<line number="2747" hits="0"/>
						<line number="2749" hits="1"/>
						<line number="2750" hits="1"/>
						<line number="2751" hits="1" branch="true" condition-coverage="50% (1/2)" missing-branches="2752"/>
						<line number="2752" hits="0"/>
						<line number="2753" hits="0" branch="true" condition-coverage="0% (0/2)" missing-branches="2754,2756"/>
						<line number="2754" hits="0"/>
						<line number="2756" hits="0"/>
						<line number="2757" hits="1"/>
						<line number="2759" hits="1"/>
						<line number="2760" hits="1"/>
						<line number="2761" hits="1" branch="true" condition-coverage="100% (2/2)"/>
						<line number="2762" hits="1"/>
						<line number="2763" hits="1" branch="true" condition-coverage="50% (1/2)" missing-branches="2765"/>
						<line number="2764" hits="1"/>
						<line number="2765" hits="0" branch="true" condition-coverage="0% (0/2)" missing-branches="2766,2768"/>
						<line number="2766" hits="0"/>
						<line number="2768" hits="0"/>
						<line number="2769" hits="1"/>
						<line number="2771" hits="1"/>
						<line number="2773" hits="1"/>
						<line number="2774" hits="1"/>
						<line number="2775" hits="1"/>
						<line number="2776" hits="1"/>
						<line number="2779" hits="1"/>
						<line number="2780" hits="1"/>
						<line number="2781" hits="1"/>
						<line number="2782" hits="1"/>
						<line number="2783" hits="1"/>
						<line number="2784" hits="1"/>
						<line number="2785" hits="1"/>
						<line number="2786" hits="1"/>
						<line number="2787" hits="1"/>
						<line number="2788" hits="1"/>
						<line number="2789" hits="1"/>
						<line number="2790" hits="1"/>
						<line number="2791" hits="1"/>
						<line number="2794" hits="1"/>
						<line number="2795" hits="1"/>
						<line number="2796" hits="1"/>
						<line number="2797" hits="1"/>
						<line number="2799" hits="1"/>
						<line number="2805" hits="1"/>
						<line number="2806" hits="1"/>
						<line number="2807" hits="1"/>
						<line number="2808" hits="1"/>
						<line number="2809" hits="1"/>
						<line number="2811" hits="1"/>
						<line number="2812" hits="1"/>
						<line number="2814" hits="1"/>
						<line number="2815" hits="1"/>
						<line number="2816" hits="0"/>
						<line number="2818" hits="1"/>
						<line number="2819" hits="0"/>
						<line number="2821" hits="1"/>
						<line number="2822" hits="0"/>
						<line number="2823" hits="0" branch="true" condition-coverage="0% (0/2)" missing-branches="2824,2825"/>
						<line number="2824" hits="0"/>
						<line number="2825" hits="0" branch="true" condition-coverage="0% (0/2)" missing-branches="2831,2832"/>
						<line number="2831" hits="0"/>
						<line number="2832" hits="0" branch="true" condition-coverage="0% (0/2)" missing-branches="2833,2834"/>
						<line number="2833" hits="0"/>
						<line number="2834" hits="0"/>
						<line number="2836" hits="1"/>
						<line number="2837" hits="1"/>
						<line number="2838" hits="0"/>
						<line number="2840" hits="1"/>
						<line number="2841" hits="1"/>
						<line number="2842" hits="0" branch="true" condition-coverage="0% (0/2)" missing-branches="2843,2844"/>
						<line number="2843" hits="0"/>
						<line number="2844" hits="0" branch="true" condition-coverage="0% (0/2)" missing-branches="2845,2847"/>
						<line number="2845" hits="0"/>
						<line number="2846" hits="0"/>
						<line number="2847" hits="0"/>
						<line number="2849" hits="1"/>
						<line number="2850" hits="0"/>
						<line number="2852" hits="1"/>
						<line number="2853" hits="0"/>
						<line number="2855" hits="0" branch="true" condition-coverage="0% (0/2)" missing-branches="2856,2858"/>
						<line number="2856" hits="0" branch="true" condition-coverage="0% (0/2)" missing-branches="2857,2865"/>
						<line number="2857" hits="0"/>
						<line number="2858" hits="0" branch="true" condition-coverage="0% (0/2)" missing-branches="2859,2862"/>
						<line number="2859" hits="0" branch="true" condition-coverage="0% (0/2)" missing-branches="2860,2865"/>
						<line number="2860" hits="0"/>
						<line number="2862" hits="0"/>
						<line number="2865" hits="0"/>
						<line number="2867" hits="0"/>
						<line number="2868" hits="0"/>
						<line number="2870" hits="0" branch="true" condition-coverage="0% (0/2)" missing-branches="2872,2875"/>
						<line number="2872" hits="0"/>
						<line number="2873" hits="0"/>
						<line number="2874" hits="0"/>
						<line number="2875" hits="0" branch="true" condition-coverage="0% (0/2)" missing-branches="2877,2880"/>
						<line number="2877" hits="0"/>
						<line number="2878" hits="0"/>
						<line number="2880" hits="0"/>
						<line number="2886" hits="0" branch="true" condition-coverage="0% (0/2)" missing-branches="2887,2890"/>
						<line number="2887" hits="0"/>
						<line number="2888" hits="0"/>
						<line number="2890" hits="0"/>
						<line number="2892" hits="0" branch="true" condition-coverage="0% (0/2)" missing-branches="2893,2897"/>
						<line number="2893" hits="0" branch="true" condition-coverage="0% (0/2)" missing-branches="2894,2896"/>
						<line number="2894" hits="0"/>
						<line number="2896" hits="0"/>
						<line number="2897" hits="0" branch="true" condition-coverage="0% (0/2)" missing-branches="2898,2902"/>
						<line number="2898" hits="0" branch="true" condition-coverage="0% (0/2)" missing-branches="2899,2901"/>
						<line number="2899" hits="0"/>
						<line number="2901" hits="0"/>
						<line number="2902" hits="0" branch="true" condition-coverage="0% (0/2)" missing-branches="2903,2907"/>
						<line number="2903" hits="0" branch="true" condition-coverage="0% (0/2)" missing-branches="2904,2906"/>
						<line number="2904" hits="0"/>
						<line number="2906" hits="0"/>
						<line number="2907" hits="0" branch="true" condition-coverage="0% (0/2)" missing-branches="2908,2912"/>
						<line number="2908" hits="0" branch="true" condition-coverage="0% (0/2)" missing-branches="2909,2911"/>
						<line number="2909" hits="0"/>
						<line number="2911" hits="0"/>
						<line number="2912" hits="0" branch="true" condition-coverage="0% (0/2)" missing-branches="2913,2918"/>
						<line number="2913" hits="0" branch="true" condition-coverage="0% (0/2)" missing-branches="2914,2916"/>
						<line number="2914" hits="0"/>
						<line number="2916" hits="0"/>
						<line number="2918" hits="0"/>
						<line number="2920" hits="0"/>
						<line number="2922" hits="1"/>
						<line number="2923" hits="0"/>
						<line number="2924" hits="0" branch="true" condition-coverage="0% (0/2)" missing-branches="2925,2927"/>
						<line number="2925" hits="0"/>
						<line number="2927" hits="0"/>
						<line number="2928" hits="0" branch="true" condition-coverage="0% (0/2)" missing-branches="2929,2930"/>
						<line number="2929" hits="0"/>
						<line number="2930" hits="0"/>
						<line number="2932" hits="1"/>
						<line number="2935" hits="0"/>
						<line number="2938" hits="1"/>
						<line number="2939" hits="1"/>
						<line number="2940" hits="1"/>
						<line number="2942" hits="1"/>
						<line number="2947" hits="1"/>
						<line number="2948" hits="1"/>
						<line number="2949" hits="1"/>
						<line number="2950" hits="1"/>
						<line number="2959" hits="1"/>
						<line number="2960" hits="1"/>
						<line number="2961" hits="1"/>
						<line number="2962" hits="1"/>
						<line number="2964" hits="1"/>
						<line number="2966" hits="1"/>
						<line number="2968" hits="1"/>
						<line number="2969" hits="1"/>
						<line number="2970" hits="0"/>
						<line number="2971" hits="0" branch="true" condition-coverage="0% (0/2)" missing-branches="2972,2973"/>
						<line number="2972" hits="0"/>
						<line number="2973" hits="0"/>
						<line number="2975" hits="1"/>
						<line number="2976" hits="1"/>
						<line number="2977" hits="0" branch="true" condition-coverage="0% (0/2)" missing-branches="2978,2979"/>
						<line number="2978" hits="0"/>
						<line number="2979" hits="0"/>
						<line number="2981" hits="1"/>
						<line number="2982" hits="1"/>
						<line number="2983" hits="1"/>
						<line number="2985" hits="1"/>
						<line number="2986" hits="1"/>
						<line number="2988" hits="0"/>
						<line number="2990" hits="1"/>
						<line number="2991" hits="1"/>
						<line number="2992" hits="0"/>
						<line number="2994" hits="1"/>
						<line number="2995" hits="0"/>
						<line number="2996" hits="0"/>
						<line number="2997" hits="0"/>
						<line number="2999" hits="1"/>
						<line number="3000" hits="0"/>
[...]
						<line number="12827" hits="1"/>
						<line number="12828" hits="1"/>
						<line number="12829" hits="1"/>
						<line number="12830" hits="1"/>
						<line number="12831" hits="1"/>
						<line number="12832" hits="1"/>
						<line number="12833" hits="1"/>
						<line number="12834" hits="1"/>
						<line number="12835" hits="1"/>
						<line number="12837" hits="1"/>
						<line number="12838" hits="0"/>
						<line number="12839" hits="0"/>
						<line number="12841" hits="1"/>
						<line number="12842" hits="0"/>
						<line number="12844" hits="1"/>
						<line number="12845" hits="1"/>
						<line number="12846" hits="1" branch="true" condition-coverage="100% (2/2)"/>
						<line number="12847" hits="1"/>
						<line number="12848" hits="1" branch="true" condition-coverage="50% (1/2)" missing-branches="12849"/>
						<line number="12849" hits="0"/>
						<line number="12850" hits="1" branch="true" condition-coverage="100% (2/2)"/>
						<line number="12851" hits="1"/>
						<line number="12852" hits="1"/>
						<line number="12853" hits="1" branch="true" condition-coverage="50% (1/2)" missing-branches="12854"/>
						<line number="12854" hits="0"/>
						<line number="12855" hits="0"/>
						<line number="12856" hits="1" branch="true" condition-coverage="100% (2/2)"/>
						<line number="12857" hits="1"/>
						<line number="12858" hits="1"/>
						<line number="12859" hits="1" branch="true" condition-coverage="50% (1/2)" missing-branches="12860"/>
						<line number="12860" hits="0"/>
						<line number="12861" hits="1"/>
						<line number="12862" hits="1"/>
						<line number="12863" hits="1"/>
						<line number="12864" hits="1"/>
						<line number="12865" hits="1"/>
						<line number="12867" hits="1"/>
						<line number="12868" hits="1"/>
						<line number="12870" hits="1" branch="true" condition-coverage="100% (2/2)"/>
						<line number="12871" hits="1"/>
						<line number="12872" hits="1"/>
						<line number="12874" hits="1"/>
						<line number="12875" hits="1"/>
						<line number="12877" hits="1" branch="true" condition-coverage="100% (2/2)"/>
						<line number="12878" hits="1"/>
						<line number="12883" hits="1" branch="true" condition-coverage="100% (2/2)"/>
						<line number="12884" hits="1"/>
						<line number="12885" hits="1"/>
						<line number="12886" hits="1"/>
						<line number="12888" hits="1"/>
						<line number="12889" hits="1"/>
						<line number="12891" hits="1" branch="true" condition-coverage="100% (2/2)"/>
						<line number="12892" hits="1"/>
						<line number="12893" hits="1"/>
						<line number="12894" hits="1"/>
						<line number="12895" hits="1"/>
						<line number="12896" hits="1" branch="true" condition-coverage="100% (2/2)"/>
						<line number="12897" hits="1"/>
						<line number="12898" hits="1"/>
						<line number="12900" hits="1"/>
						<line number="12901" hits="1"/>
						<line number="12902" hits="1" branch="true" condition-coverage="100% (2/2)"/>
						<line number="12903" hits="1"/>
						<line number="12904" hits="1"/>
						<line number="12906" hits="1"/>
						<line number="12907" hits="1"/>
						<line number="12909" hits="1"/>
						<line number="12910" hits="1" branch="true" condition-coverage="100% (2/2)"/>
						<line number="12911" hits="1"/>
						<line number="12912" hits="1"/>
						<line number="12913" hits="1"/>
						<line number="12915" hits="1"/>
						<line number="12916" hits="1"/>
						<line number="12920" hits="1"/>
						<line number="12921" hits="1"/>
						<line number="12922" hits="1"/>
						<line number="12923" hits="1"/>
						<line number="12926" hits="1"/>
						<line number="12927" hits="1"/>
						<line number="12929" hits="1"/>
						<line number="12930" hits="1"/>
						<line number="12933" hits="1"/>
						<line number="12934" hits="1" branch="true" condition-coverage="100% (2/2)"/>
						<line number="12935" hits="1"/>
						<line number="12936" hits="1"/>
						<line number="12937" hits="1"/>
						<line number="12938" hits="1"/>
						<line number="12939" hits="1"/>
						<line number="12941" hits="1"/>
						<line number="12942" hits="1"/>
						<line number="12944" hits="1" branch="true" condition-coverage="100% (2/2)"/>
						<line number="12945" hits="1"/>
						<line number="12946" hits="1" branch="true" condition-coverage="100% (2/2)"/>
						<line number="12947" hits="1" branch="true" condition-coverage="100% (2/2)"/>
						<line number="12948" hits="1"/>
						<line number="12950" hits="1"/>
						<line number="12951" hits="1"/>
						<line number="12953" hits="1"/>
						<line number="12954" hits="1"/>
						<line number="12956" hits="1" branch="true" condition-coverage="100% (2/2)"/>
						<line number="12957" hits="1"/>
						<line number="12958" hits="1" branch="true" condition-coverage="100% (2/2)"/>
						<line number="12959" hits="1"/>
						<line number="12960" hits="1"/>
						<line number="12963" hits="1"/>
						<line number="12967" hits="1"/>
						<line number="12968" hits="1"/>
						<line number="12969" hits="1"/>
						<line number="12970" hits="1"/>
						<line number="12972" hits="1"/>
						<line number="12973" hits="1"/>
						<line number="12975" hits="1"/>
						<line number="12976" hits="0"/>
						<line number="12978" hits="1"/>
						<line number="12979" hits="0"/>
						<line number="12980" hits="0" branch="true" condition-coverage="0% (0/2)" missing-branches="12981,12982"/>
						<line number="12981" hits="0"/>
						<line number="12982" hits="0" branch="true" condition-coverage="0% (0/2)" missing-branches="12983,12984"/>
						<line number="12983" hits="0"/>
						<line number="12984" hits="0" branch="true" condition-coverage="0% (0/2)" missing-branches="12985,12986"/>
						<line number="12985" hits="0"/>
						<line number="12986" hits="0"/>
						<line number="12988" hits="1"/>
						<line number="12991" hits="1"/>
						<line number="12992" hits="1"/>
						<line number="12993" hits="1"/>
						<line number="12994" hits="1"/>
						<line number="12995" hits="1"/>
						<line number="12996" hits="1"/>
						<line number="12997" hits="1" branch="true" condition-coverage="50% (1/2)" missing-branches="12998"/>
						<line number="12998" hits="0"/>
						<line number="13000" hits="1" branch="true" condition-coverage="100% (2/2)"/>
						<line number="13001" hits="1"/>
						<line number="13002" hits="1" branch="true" condition-coverage="50% (1/2)" missing-branches="13003"/>
						<line number="13003" hits="0"/>
						<line number="13005" hits="1"/>
						<line number="13007" hits="1"/>
						<line number="13008" hits="1"/>
						<line number="13009" hits="1"/>
						<line number="13010" hits="1"/>
						<line number="13011" hits="1"/>
						<line number="13012" hits="0"/>
						<line number="13013" hits="0"/>
						<line number="13014" hits="0"/>
						<line number="13016" hits="1"/>
						<line number="13017" hits="1"/>
						<line number="13019" hits="1"/>
						<line number="13020" hits="0"/>
						<line number="13022" hits="1"/>
						<line number="13023" hits="1"/>
						<line number="13024" hits="1"/>
						<line number="13026" hits="1"/>
						<line number="13027" hits="1"/>
						<line number="13028" hits="1"/>
						<line number="13030" hits="1"/>
						<line number="13031" hits="1"/>
						<line number="13033" hits="1" branch="true" condition-coverage="100% (2/2)"/>
						<line number="13034" hits="1"/>
						<line number="13035" hits="1" branch="true" condition-coverage="50% (1/2)" missing-branches="13036"/>
						<line number="13036" hits="0"/>
						<line number="13037" hits="1"/>
						<line number="13038" hits="1" branch="true" condition-coverage="50% (1/2)" missing-branches="13039"/>
						<line number="13039" hits="0"/>
						<line number="13040" hits="1"/>
						<line number="13041" hits="1"/>
						<line number="13042" hits="1"/>
						<line number="13044" hits="1"/>
						<line number="13045" hits="1"/>
						<line number="13047" hits="1"/>
						<line number="13049" hits="1"/>
						<line number="13050" hits="1"/>
						<line number="13051" hits="1" branch="true" condition-coverage="100% (2/2)"/>
						<line number="13052" hits="1"/>
						<line number="13053" hits="1"/>
						<line number="13055" hits="1"/>
						<line number="13056" hits="1"/>
						<line number="13057" hits="1"/>
						<line number="13059" hits="1"/>
						<line number="13062" hits="1" branch="true" condition-coverage="100% (2/2)"/>
						<line number="13063" hits="1"/>
						<line number="13064" hits="1"/>
						<line number="13065" hits="1" branch="true" condition-coverage="50% (1/2)" missing-branches="13066"/>
						<line number="13066" hits="0"/>
						<line number="13067" hits="1"/>
						<line number="13068" hits="1"/>
						<line number="13069" hits="1"/>
						<line number="13070" hits="1"/>
						<line number="13072" hits="1"/>
						<line number="13075" hits="1"/>
						<line number="13076" hits="1"/>
						<line number="13077" hits="1"/>
						<line number="13078" hits="1"/>
						<line number="13080" hits="1"/>
						<line number="13082" hits="1"/>
						<line number="13085" hits="1"/>
						<line number="13086" hits="1"/>
						<line number="13087" hits="1"/>
						<line number="13088" hits="1"/>
						<line number="13089" hits="1"/>
						<line number="13090" hits="1"/>
						<line number="13091" hits="1"/>
						<line number="13092" hits="1" branch="true" condition-coverage="50% (1/2)" missing-branches="13093"/>
						<line number="13093" hits="0"/>
						<line number="13094" hits="1"/>
						<line number="13095" hits="1"/>
						<line number="13096" hits="1"/>
						<line number="13099" hits="1"/>
						<line number="13101" hits="1"/>
						<line number="13103" hits="1"/>
						<line number="13104" hits="1" branch="true" condition-coverage="100% (2/2)"/>
						<line number="13105" hits="1"/>
						<line number="13106" hits="1"/>
						<line number="13107" hits="1" branch="true" condition-coverage="50% (1/2)" missing-branches="13108"/>
						<line number="13108" hits="0"/>
						<line number="13109" hits="0"/>
						<line number="13110" hits="1" branch="true" condition-coverage="50% (1/2)" missing-branches="13113"/>
						<line number="13111" hits="1"/>
						<line number="13112" hits="1"/>
						<line number="13113" hits="0"/>
						<line number="13114" hits="0"/>
						<line number="13117" hits="1"/>
						<line number="13118" hits="1"/>
						<line number="13119" hits="1"/>
						<line number="13120" hits="1"/>
						<line number="13122" hits="1"/>
						<line number="13124" hits="1"/>
						<line number="13125" hits="1"/>
						<line number="13126" hits="1"/>
						<line number="13127" hits="1"/>
						<line number="13128" hits="1"/>
						<line number="13129" hits="1"/>
						<line number="13132" hits="1"/>
						<line number="13133" hits="1"/>
						<line number="13136" hits="1"/>
						<line number="13137" hits="1" branch="true" condition-coverage="50% (1/2)" missing-branches="13142"/>
						<line number="13138" hits="1"/>
						<line number="13139" hits="1"/>
						<line number="13142" hits="1"/>
						<line number="13143" hits="1" branch="true" condition-coverage="50% (1/2)" missing-branches="13148"/>
						<line number="13144" hits="1"/>
						<line number="13145" hits="1"/>
						<line number="13148" hits="1"/>
						<line number="13149" hits="1" branch="true" condition-coverage="50% (1/2)" missing-branches="13160"/>
						<line number="13150" hits="1"/>
						<line number="13151" hits="1"/>
						<line number="13152" hits="1"/>
						<line number="13157" hits="1"/>
						<line number="13160" hits="1"/>
						<line number="13162" hits="1"/>
						<line number="13164" hits="1"/>
						<line number="13165" hits="1" branch="true" condition-coverage="50% (1/2)" missing-branches="13166"/>
						<line number="13166" hits="0"/>
						<line number="13167" hits="0"/>
						<line number="13170" hits="1" branch="true" condition-coverage="100% (2/2)"/>
						<line number="13171" hits="1"/>
						<line number="13172" hits="1" branch="true" condition-coverage="50% (1/2)" missing-branches="13173"/>
						<line number="13173" hits="0"/>
						<line number="13174" hits="0"/>
						<line number="13176" hits="1"/>
						<line number="13178" hits="1"/>
						<line number="13183" hits="0"/>
						<line number="13184" hits="0"/>
						<line number="13186" hits="1"/>
						<line number="13187" hits="1"/>
						<line number="13190" hits="1" branch="true" condition-coverage="50% (1/2)" missing-branches="13191"/>
						<line number="13191" hits="0"/>
						<line number="13192" hits="1" branch="true" condition-coverage="100% (2/2)"/>
						<line number="13195" hits="1"/>
						<line number="13196" hits="1"/>
						<line number="13197" hits="1" branch="true" condition-coverage="100% (2/2)"/>
						<line number="13198" hits="1"/>
						<line number="13199" hits="1" branch="true" condition-coverage="50% (1/2)" missing-branches="13200"/>
						<line number="13200" hits="0"/>
						<line number="13201" hits="1"/>
						<line number="13204" hits="1"/>
						<line number="13207" hits="1"/>
						<line number="13208" hits="1"/>
						<line number="13209" hits="1"/>
						<line number="13210" hits="1"/>
						<line number="13211" hits="1"/>
						<line number="13212" hits="1"/>
						<line number="13213" hits="1"/>
						<line number="13214" hits="1"/>
						<line number="13217" hits="1"/>
						<line number="13220" hits="1"/>
						<line number="13221" hits="1"/>
						<line number="13223" hits="1"/>
						<line number="13224" hits="1"/>
						<line number="13225" hits="1"/>
						<line number="13226" hits="1"/>
						<line number="13227" hits="1"/>
						<line number="13229" hits="1"/>
						<line number="13230" hits="0"/>
						<line number="13232" hits="1"/>
						<line number="13233" hits="1"/>
						<line number="13234" hits="1" branch="true" condition-coverage="100% (2/2)"/>
						<line number="13235" hits="1"/>
						<line number="13237" hits="1" branch="true" condition-coverage="100% (2/2)"/>
						<line number="13238" hits="1"/>
						<line number="13241" hits="1" branch="true" condition-coverage="50% (1/2)" missing-branches="13242"/>
						<line number="13242" hits="0" branch="true" condition-coverage="0% (0/2)" missing-branches="13243,13247"/>
						<line number="13243" hits="0"/>
						<line number="13244" hits="0"/>
						<line number="13245" hits="0"/>
						<line number="13247" hits="1"/>
						<line number="13249" hits="1"/>
						<line number="13250" hits="1"/>
						<line number="13251" hits="1"/>
						<line number="13253" hits="1"/>
						<line number="13258" hits="1" branch="true" condition-coverage="50% (1/2)" missing-branches="13275"/>
						<line number="13260" hits="1"/>
						<line number="13263" hits="1" branch="true" condition-coverage="50% (1/2)" missing-branches="13264"/>
						<line number="13264" hits="0"/>
						<line number="13267" hits="1"/>
						<line number="13268" hits="1"/>
						<line number="13269" hits="1"/>
						<line number="13270" hits="1" branch="true" condition-coverage="100% (2/2)"/>
						<line number="13271" hits="1"/>
						<line number="13272" hits="0"/>
						<line number="13273" hits="0"/>
						<line number="13275" hits="0"/>
						<line number="13278" hits="1"/>
						<line number="13282" hits="1"/>
						<line number="13283" hits="1"/>
						<line number="13284" hits="1"/>
						<line number="13285" hits="1"/>
						<line number="13286" hits="1"/>
						<line number="13287" hits="1"/>
						<line number="13288" hits="1"/>
						<line number="13289" hits="1"/>
						<line number="13290" hits="1"/>
						<line number="13292" hits="1"/>
						<line number="13293" hits="1"/>
						<line number="13294" hits="1"/>
						<line number="13297" hits="1"/>
						<line number="13298" hits="1"/>
						<line number="13299" hits="1"/>
						<line number="13300" hits="1"/>
						<line number="13301" hits="1"/>
						<line number="13303" hits="1"/>
						<line number="13304" hits="0"/>
						<line number="13306" hits="1"/>
						<line number="13308" hits="1"/>
						<line number="13309" hits="1"/>
						<line number="13310" hits="1"/>
						<line number="13311" hits="1"/>
						<line number="13313" hits="1"/>
						<line number="13315" hits="1"/>
						<line number="13316" hits="1"/>
						<line number="13317" hits="1"/>
						<line number="13318" hits="1"/>
						<line number="13319" hits="1"/>
						<line number="13321" hits="1"/>
						<line number="13324" hits="1" branch="true" condition-coverage="100% (2/2)"/>
						<line number="13325" hits="1"/>
						<line number="13326" hits="1"/>
						<line number="13329" hits="1"/>
						<line number="13330" hits="1" branch="true" condition-coverage="100% (2/2)"/>
						<line number="13331" hits="1"/>
						<line number="13333" hits="1"/>
						<line number="13334" hits="1" branch="true" condition-coverage="50% (1/2)" missing-branches="13335"/>
						<line number="13335" hits="0"/>
						<line number="13340" hits="1" branch="true" condition-coverage="50% (1/2)" missing-branches="exit"/>
						<line number="13341" hits="1" branch="true" condition-coverage="50% (1/2)" missing-branches="13342"/>
						<line number="13342" hits="0"/>
						<line number="13345" hits="0"/>
						<line number="13348" hits="0"/>
						<line number="13350" hits="1" branch="true" condition-coverage="50% (1/2)" missing-branches="13351"/>
						<line number="13351" hits="0"/>
						<line number="13356" hits="0"/>
						<line number="13359" hits="1"/>
						<line number="13371" hits="1" branch="true" condition-coverage="100% (2/2)"/>
						<line number="13372" hits="1"/>
						<line number="13373" hits="1"/>
						<line number="13374" hits="0"/>
						<line number="13375" hits="0"/>
						<line number="13378" hits="1"/>
						<line number="13379" hits="1"/>
						<line number="13380" hits="1"/>
						<line number="13381" hits="1"/>
						<line number="13382" hits="1" branch="true" condition-coverage="50% (1/2)" missing-branches="13383"/>
						<line number="13383" hits="0"/>
						<line number="13384" hits="1" branch="true" condition-coverage="50% (1/2)" missing-branches="13385"/>
						<line number="13385" hits="0"/>
						<line number="13386" hits="0"/>
						<line number="13387" hits="0"/>
						<line number="13388" hits="0"/>
						<line number="13389" hits="0"/>
						<line number="13392" hits="1"/>
						<line number="13393" hits="1"/>
						<line number="13394" hits="1"/>
						<line number="13395" hits="1"/>
						<line number="13396" hits="1"/>
						<line number="13399" hits="1" branch="true" condition-coverage="50% (1/2)" missing-branches="13401"/>
						<line number="13401" hits="0"/>
						<line number="13404" hits="1"/>
						<line number="13407" hits="1"/>
						<line number="13408" hits="1"/>
						<line number="13409" hits="1"/>
						<line number="13410" hits="1"/>
						<line number="13411" hits="1"/>
						<line number="13412" hits="1"/>
						<line number="13414" hits="1"/>
						<line number="13415" hits="1" branch="true" condition-coverage="50% (1/2)" missing-branches="13419"/>
						<line number="13417" hits="1"/>
						<line number="13419" hits="1"/>
						<line number="13421" hits="1" branch="true" condition-coverage="50% (1/2)" missing-branches="13453"/>
						<line number="13422" hits="1"/>
						<line number="13424" hits="1" branch="true" condition-coverage="50% (1/2)" missing-branches="13443"/>
						<line number="13425" hits="1"/>
						<line number="13431" hits="1"/>
						<line number="13440" hits="1"/>
						<line number="13441" hits="1"/>
						<line number="13443" hits="0"/>
						<line number="13448" hits="0"/>
						<line number="13449" hits="0"/>
						<line number="13450" hits="0"/>
						<line number="13453" hits="1"/>
						<line number="13458" hits="1" branch="true" condition-coverage="50% (1/2)" missing-branches="13459"/>
						<line number="13459" hits="0"/>
						<line number="13463" hits="1"/>
					</lines>
				</class>
			</classes>
		</package>
	</packages>
</coverage>
