{"meta": {"format": 2, "version": "7.5.4", "timestamp": "2024-06-24T20:02:13.484415", "branch_coverage": true, "show_contexts": false}, "files": {"gef.py": {"executed_lines": [52, 53, 54, 55, 56, 57, 58, 59, 60, 61, 62, 63, 64, 65, 66, 67, 68, 69, 70, 71, 72, 73, 74, 75, 76, 77, 78, 79, 80, 81, 82, 83, 84, 85, 88, 91, 92, 94, 97, 98, 99, 100, 101, 104, 109, 110, 118, 119, 120, 121, 123, 124, 126, 129, 130, 132, 133, 135, 136, 137, 138, 139, 140, 141, 142, 143, 144, 145, 147, 148, 149, 150, 152, 155, 159, 160, 161, 162, 164, 165, 168, 171, 172, 177, 178, 180, 182, 185, 198, 199, 201, 206, 208, 209, 210, 211, 212, 213, 214, 215, 217, 220, 222, 223, 227, 228, 231, 234, 235, 238, 239, 241, 242, 243, 245, 246, 260, 261, 263, 269, 270, 271, 272, 274, 277, 283, 285, 287, 293, 299, 305, 311, 313, 314, 317, 319, 320, 323, 325, 326, 329, 331, 332, 335, 337, 338, 343, 345, 346, 351, 353, 354, 355, 363, 366, 367, 368, 369, 371, 373, 376, 379, 380, 381, 382, 386, 389, 391, 392, 393, 394, 395, 396, 397, 398, 400, 401, 402, 403, 404, 406, 407, 408, 409, 410, 413, 416, 417, 418, 419, 421, 424, 426, 427, 428, 429, 431, 432, 435, 436, 437, 438, 439, 442, 446, 449, 453, 455, 456, 457, 458, 459, 460, 461, 462, 464, 465, 466, 473, 474, 475, 477, 479, 481, 482, 485, 486, 487, 488, 489, 490, 491, 492, 493, 494, 498, 500, 501, 502, 503, 504, 507, 508, 516, 535, 536, 537, 538, 539, 540, 541, 542, 543, 544, 545, 546, 547, 548, 549, 550, 551, 552, 553, 554, 555, 556, 557, 558, 560, 561, 563, 565, 566, 567, 568, 569, 570, 571, 572, 575, 576, 577, 578, 579, 580, 581, 583, 584, 585, 586, 587, 588, 589, 590, 591, 592, 593, 594, 596, 599, 600, 603, 604, 606, 607, 609, 610, 611, 612, 614, 615, 616, 619, 620, 621, 622, 623, 624, 625, 627, 628, 629, 630, 631, 632, 634, 635, 636, 637, 638, 639, 640, 641, 643, 644, 645, 646, 647, 648, 649, 651, 652, 653, 656, 657, 658, 660, 661, 662, 663, 664, 665, 666, 669, 670, 672, 673, 674, 675, 676, 677, 678, 679, 681, 684, 685, 687, 688, 690, 691, 692, 694, 696, 697, 699, 701, 705, 708, 709, 715, 718, 722, 725, 726, 727, 729, 730, 732, 733, 735, 739, 740, 743, 744, 745, 746, 747, 748, 750, 753, 755, 756, 757, 758, 760, 761, 763, 764, 767, 771, 772, 778, 779, 780, 782, 784, 785, 786, 787, 788, 789, 790, 791, 792, 793, 794, 795, 796, 798, 799, 800, 801, 802, 804, 805, 806, 807, 808, 809, 810, 811, 812, 813, 815, 816, 817, 818, 819, 820, 821, 822, 823, 824, 825, 826, 827, 828, 829, 830, 831, 832, 833, 834, 836, 837, 838, 839, 841, 843, 846, 847, 848, 849, 853, 856, 858, 860, 861, 865, 867, 870, 873, 874, 877, 880, 881, 884, 885, 889, 890, 892, 893, 894, 896, 897, 898, 899, 901, 902, 904, 905, 906, 907, 909, 910, 912, 915, 918, 919, 920, 922, 923, 924, 926, 927, 936, 937, 938, 939, 940, 941, 942, 943, 944, 945, 947, 948, 949, 950, 951, 952, 955, 956, 957, 958, 959, 961, 962, 963, 965, 966, 967, 969, 970, 971, 973, 974, 975, 977, 978, 979, 981, 982, 983, 985, 986, 987, 989, 990, 991, 993, 994, 995, 997, 998, 999, 1002, 1003, 1004, 1005, 1006, 1007, 1008, 1009, 1010, 1011, 1012, 1013, 1014, 1015, 1016, 1017, 1018, 1019, 1020, 1021, 1022, 1023, 1024, 1025, 1027, 1028, 1031, 1032, 1033, 1034, 1036, 1037, 1038, 1039, 1040, 1041, 1042, 1043, 1045, 1046, 1048, 1049, 1050, 1051, 1052, 1053, 1054, 1060, 1061, 1063, 1069, 1070, 1071, 1072, 1073, 1074, 1075, 1076, 1077, 1078, 1079, 1080, 1081, 1082, 1083, 1084, 1085, 1086, 1087, 1088, 1089, 1090, 1091, 1092, 1093, 1094, 1095, 1096, 1097, 1098, 1099, 1100, 1101, 1102, 1103, 1104, 1105, 1106, 1107, 1108, 1109, 1110, 1112, 1113, 1116, 1117, 1118, 1119, 1120, 1121, 1122, 1123, 1124, 1125, 1126, 1127, 1128, 1129, 1130, 1131, 1132, 1134, 1135, 1136, 1138, 1139, 1140, 1141, 1142, 1143, 1144, 1145, 1146, 1147, 1148, 1150, 1151, 1153, 1154, 1155, 1156, 1157, 1158, 1159, 1166, 1167, 1168, 1170, 1171, 1172, 1176, 1177, 1178, 1179, 1180, 1181, 1182, 1183, 1185, 1191, 1192, 1194, 1195, 1197, 1201, 1202, 1205, 1208, 1210, 1211, 1212, 1213, 1216, 1217, 1219, 1220, 1222, 1223, 1225, 1230, 1231, 1232, 1234, 1235, 1237, 1238, 1239, 1240, 1241, 1242, 1243, 1244, 1249, 1250, 1253, 1254, 1255, 1258, 1259, 1262, 1263, 1265, 1266, 1267, 1268, 1270, 1271, 1272, 1273, 1274, 1276, 1277, 1278, 1281, 1284, 1287, 1288, 1289, 1291, 1292, 1295, 1296, 1299, 1300, 1302, 1307, 1308, 1309, 1310, 1316, 1317, 1318, 1321, 1322, 1324, 1325, 1326, 1327, 1328, 1329, 1331, 1332, 1333, 1334, 1338, 1340, 1344, 1353, 1355, 1358, 1362, 1363, 1364, 1366, 1367, 1368, 1373, 1374, 1376, 1377, 1378, 1379, 1380, 1382, 1385, 1386, 1388, 1389, 1390, 1392, 1393, 1395, 1396, 1397, 1399, 1400, 1401, 1403, 1404, 1406, 1407, 1410, 1412, 1415, 1416, 1417, 1419, 1420, 1421, 1423, 1424, 1425, 1427, 1428, 1429, 1431, 1432, 1433, 1435, 1436, 1437, 1439, 1440, 1441, 1443, 1444, 1447, 1448, 1449, 1451, 1452, 1455, 1456, 1459, 1460, 1461, 1463, 1464, 1465, 1467, 1469, 1470, 1471, 1472, 1474, 1475, 1476, 1477, 1478, 1480, 1485, 1486, 1488, 1489, 1490, 1491, 1493, 1494, 1495, 1497, 1499, 1500, 1502, 1503, 1504, 1508, 1510, 1511, 1514, 1517, 1518, 1519, 1520, 1521, 1523, 1524, 1539, 1540, 1544, 1545, 1546, 1547, 1549, 1550, 1556, 1557, 1558, 1559, 1560, 1562, 1570, 1572, 1573, 1574, 1575, 1576, 1577, 1578, 1579, 1580, 1581, 1583, 1584, 1585, 1587, 1588, 1590, 1591, 1594, 1595, 1596, 1598, 1599, 1600, 1602, 1603, 1604, 1606, 1607, 1610, 1611, 1614, 1615, 1618, 1620, 1621, 1622, 1623, 1624, 1626, 1627, 1628, 1630, 1631, 1633, 1634, 1635, 1636, 1638, 1639, 1641, 1642, 1644, 1647, 1649, 1652, 1653, 1656, 1657, 1659, 1660, 1661, 1663, 1664, 1666, 1667, 1669, 1670, 1672, 1673, 1675, 1679, 1682, 1683, 1685, 1686, 1687, 1689, 1690, 1691, 1692, 1696, 1697, 1698, 1699, 1703, 1704, 1706, 1708, 1725, 1726, 1729, 1730, 1734, 1736, 1738, 1739, 1740, 1741, 1742, 1743, 1745, 1748, 1750, 1751, 1752, 1753, 1755, 1757, 1764, 1766, 1767, 1769, 1771, 1772, 1774, 1775, 1778, 1780, 1781, 1782, 1783, 1785, 1788, 1791, 1792, 1793, 1794, 1797, 1798, 1799, 1802, 1803, 1804, 1807, 1808, 1809, 1812, 1813, 1814, 1817, 1819, 1822, 1823, 1826, 1829, 1835, 1836, 1838, 1839, 1840, 1842, 1843, 1845, 1848, 1849, 1851, 1852, 1853, 1854, 1855, 1856, 1857, 1858, 1860, 1861, 1862, 1866, 1867, 1868, 1871, 1873, 1874, 1875, 1876, 1879, 1881, 1884, 1885, 1887, 1888, 1889, 1890, 1891, 1893, 1896, 1897, 1904, 1905, 1906, 1908, 1909, 1910, 1911, 1913, 1914, 1915, 1916, 1919, 1927, 1928, 1930, 1931, 1932, 1934, 1935, 1936, 1938, 1939, 1940, 1941, 1945, 1946, 1949, 1951, 1954, 1956, 1959, 1961, 1962, 1965, 1967, 1968, 1971, 1972, 1973, 1974, 1976, 1977, 1978, 1981, 1982, 1983, 1984, 1985, 1987, 1989, 1990, 1991, 1993, 1994, 1997, 1999, 2001, 2002, 2005, 2006, 2009, 2023, 2032, 2033, 2041, 2042, 2050, 2051, 2056, 2057, 2058, 2062, 2063, 2064, 2065, 2066, 2067, 2070, 2079, 2080, 2082, 2083, 2084, 2085, 2086, 2087, 2088, 2089, 2090, 2092, 2094, 2095, 2097, 2099, 2102, 2105, 2109, 2113, 2114, 2115, 2116, 2118, 2121, 2126, 2129, 2133, 2134, 2136, 2139, 2140, 2145, 2148, 2151, 2153, 2154, 2157, 2159, 2162, 2164, 2167, 2170, 2172, 2173, 2174, 2175, 2176, 2177, 2178, 2183, 2184, 2187, 2189, 2190, 2193, 2208, 2209, 2213, 2214, 2241, 2242, 2247, 2248, 2251, 2252, 2256, 2257, 2261, 2263, 2264, 2265, 2266, 2269, 2270, 2271, 2272, 2275, 2276, 2277, 2278, 2285, 2286, 2289, 2290, 2291, 2293, 2295, 2296, 2297, 2298, 2299, 2301, 2302, 2305, 2306, 2309, 2310, 2311, 2312, 2313, 2314, 2315, 2316, 2317, 2318, 2319, 2322, 2323, 2324, 2325, 2327, 2328, 2329, 2332, 2335, 2336, 2338, 2341, 2342, 2346, 2348, 2351, 2354, 2357, 2360, 2363, 2366, 2367, 2369, 2370, 2373, 2374, 2375, 2377, 2379, 2380, 2381, 2383, 2384, 2386, 2387, 2388, 2389, 2392, 2393, 2394, 2396, 2397, 2398, 2399, 2401, 2402, 2405, 2406, 2407, 2409, 2410, 2411, 2413, 2414, 2417, 2418, 2419, 2425, 2427, 2428, 2429, 2430, 2431, 2432, 2437, 2439, 2441, 2442, 2443, 2444, 2447, 2448, 2449, 2450, 2451, 2452, 2453, 2454, 2455, 2456, 2457, 2458, 2459, 2462, 2463, 2464, 2465, 2466, 2471, 2472, 2473, 2474, 2475, 2477, 2478, 2480, 2481, 2484, 2487, 2498, 2499, 2502, 2503, 2511, 2514, 2570, 2580, 2585, 2586, 2587, 2588, 2592, 2593, 2594, 2595, 2604, 2605, 2606, 2607, 2609, 2611, 2613, 2614, 2620, 2621, 2626, 2627, 2628, 2630, 2631, 2635, 2636, 2639, 2644, 2656, 2663, 2667, 2700, 2724, 2725, 2742, 2743, 2744, 2745, 2747, 2753, 2754, 2755, 2766, 2767, 2768, 2769, 2771, 2776, 2783, 2787, 2791, 2792, 2802, 2803, 2826, 2833, 2864, 2865, 2866, 2867, 2869, 2870, 2871, 2872, 2873, 2874, 2875, 2876, 2877, 2891, 2892, 2893, 2894, 2896, 2897, 2898, 2899, 2900, 2902, 2903, 2904, 2905, 2907, 2908, 2910, 2911, 2912, 2918, 2920, 2965, 2966, 2967, 2968, 2973, 2975, 2977, 2978, 2993, 3004, 3005, 3006, 3007, 3009, 3012, 3013, 3014, 3015, 3016, 3018, 3019, 3021, 3022, 3047, 3048, 3050, 3051, 3052, 3053, 3055, 3061, 3062, 3063, 3064, 3065, 3076, 3077, 3078, 3079, 3082, 3089, 3092, 3095, 3100, 3113, 3123, 3124, 3149, 3150, 3151, 3152, 3153, 3156, 3157, 3160, 3161, 3162, 3164, 3170, 3171, 3172, 3173, 3174, 3182, 3183, 3184, 3186, 3193, 3196, 3199, 3208, 3232, 3242, 3243, 3262, 3263, 3267, 3268, 3269, 3271, 3278, 3279, 3286, 3288, 3289, 3308, 3309, 3310, 3311, 3314, 3320, 3321, 3322, 3323, 3324, 3325, 3326, 3327, 3328, 3330, 3333, 3336, 3339, 3344, 3366, 3376, 3377, 3393, 3394, 3395, 3396, 3397, 3399, 3400, 3401, 3403, 3406, 3425, 3426, 3427, 3431, 3432, 3433, 3437, 3443, 3449, 3451, 3452, 3455, 3462, 3463, 3467, 3468, 3469, 3470, 3471, 3472, 3475, 3476, 3483, 3484, 3485, 3486, 3487, 3488, 3491, 3493, 3494, 3495, 3496, 3500, 3508, 3509, 3511, 3512, 3513, 3514, 3515, 3518, 3519, 3521, 3522, 3523, 3524, 3526, 3527, 3529, 3531, 3532, 3535, 3538, 3542, 3543, 3546, 3547, 3548, 3550, 3553, 3554, 3557, 3561, 3562, 3563, 3565, 3566, 3567, 3569, 3571, 3572, 3574, 3582, 3585, 3586, 3589, 3590, 3591, 3595, 3596, 3599, 3600, 3601, 3602, 3605, 3606, 3609, 3610, 3611, 3613, 3614, 3617, 3619, 3620, 3623, 3625, 3626, 3627, 3630, 3632, 3635, 3637, 3638, 3639, 3642, 3644, 3645, 3646, 3647, 3648, 3649, 3652, 3653, 3656, 3657, 3658, 3659, 3660, 3661, 3662, 3663, 3665, 3666, 3670, 3674, 3677, 3681, 3684, 3685, 3686, 3687, 3688, 3689, 3692, 3693, 3694, 3708, 3710, 3711, 3714, 3716, 3717, 3720, 3722, 3723, 3748, 3749, 3751, 3754, 3755, 3757, 3760, 3761, 3763, 3766, 3767, 3769, 3772, 3773, 3774, 3777, 3778, 3782, 3790, 3793, 3794, 3795, 3796, 3799, 3802, 3803, 3804, 3805, 3811, 3812, 3813, 3814, 3817, 3822, 3823, 3824, 3825, 3826, 3827, 3830, 3831, 3850, 3853, 3854, 3855, 3868, 3870, 3871, 3872, 3875, 3877, 3878, 3880, 3883, 3886, 3888, 3891, 3896, 3902, 3904, 3905, 3906, 3909, 3910, 3911, 3912, 3915, 3917, 3920, 3922, 3923, 3925, 3926, 3927, 3928, 3929, 3931, 3932, 3934, 3935, 3936, 3938, 3941, 3943, 3944, 3947, 3950, 3951, 3952, 3953, 3954, 3957, 3958, 3960, 3961, 3965, 3967, 3968, 3970, 3971, 3972, 3973, 3974, 3977, 3980, 3981, 3982, 3983, 3984, 3985, 3986, 3989, 3992, 3994, 3995, 3998, 3999, 4013, 4014, 4018, 4019, 4023, 4024, 4028, 4029, 4034, 4035, 4039, 4040, 4044, 4045, 4049, 4050, 4055, 4056, 4060, 4061, 4065, 4066, 4070, 4071, 4078, 4079, 4080, 4083, 4084, 4088, 4089, 4090, 4093, 4094, 4098, 4099, 4100, 4103, 4104, 4105, 4108, 4109, 4110, 4113, 4114, 4115, 4118, 4119, 4123, 4124, 4128, 4129, 4130, 4133, 4134, 4138, 4139, 4140, 4143, 4144, 4152, 4153, 4155, 4158, 4159, 4161, 4162, 4164, 4165, 4168, 4170, 4171, 4174, 4175, 4176, 4181, 4185, 4186, 4187, 4188, 4190, 4203, 4204, 4205, 4206, 4207, 4208, 4209, 4211, 4212, 4213, 4214, 4215, 4217, 4220, 4221, 4222, 4223, 4224, 4225, 4227, 4228, 4233, 4234, 4236, 4237, 4238, 4239, 4241, 4242, 4243, 4244, 4245, 4247, 4248, 4249, 4250, 4252, 4255, 4256, 4259, 4265, 4273, 4274, 4276, 4277, 4278, 4279, 4280, 4282, 4283, 4284, 4285, 4286, 4287, 4290, 4291, 4293, 4294, 4295, 4296, 4297, 4298, 4300, 4301, 4302, 4306, 4307, 4308, 4311, 4321, 4331, 4333, 4335, 4336, 4337, 4338, 4339, 4341, 4355, 4356, 4359, 4360, 4362, 4363, 4364, 4365, 4367, 4368, 4369, 4370, 4371, 4372, 4375, 4376, 4378, 4379, 4380, 4381, 4382, 4383, 4385, 4386, 4387, 4391, 4392, 4393, 4394, 4399, 4401, 4403, 4405, 4411, 4413, 4416, 4417, 4419, 4420, 4421, 4422, 4424, 4425, 4426, 4427, 4428, 4429, 4430, 4431, 4433, 4434, 4443, 4454, 4456, 4457, 4469, 4471, 4472, 4474, 4475, 4478, 4479, 4481, 4482, 4483, 4484, 4485, 4487, 4488, 4489, 4490, 4491, 4494, 4495, 4497, 4498, 4499, 4500, 4501, 4502, 4504, 4525, 4526, 4528, 4529, 4530, 4531, 4533, 4534, 4535, 4538, 4539, 4541, 4542, 4543, 4544, 4545, 4547, 4553, 4554, 4556, 4557, 4558, 4559, 4566, 4587, 4595, 4596, 4600, 4601, 4605, 4606, 4612, 4613, 4615, 4617, 4618, 4619, 4620, 4622, 4623, 4625, 4626, 4627, 4628, 4630, 4631, 4636, 4637, 4639, 4640, 4641, 4642, 4644, 4645, 4646, 4647, 4650, 4651, 4652, 4653, 4654, 4655, 4656, 4657, 4658, 4659, 4660, 4661, 4662, 4663, 4664, 4665, 4667, 4668, 4670, 4671, 4672, 4673, 4674, 4675, 4678, 4679, 4680, 4681, 4684, 4686, 4687, 4688, 4690, 4693, 4694, 4696, 4697, 4699, 4700, 4701, 4703, 4704, 4705, 4706, 4708, 4709, 4711, 4713, 4714, 4717, 4718, 4719, 4721, 4722, 4725, 4726, 4728, 4729, 4732, 4734, 4735, 4736, 4737, 4739, 4740, 4741, 4744, 4747, 4749, 4750, 4751, 4753, 4754, 4757, 4761, 4762, 4763, 4764, 4765, 4774, 4775, 4776, 4778, 4779, 4780, 4782, 4783, 4784, 4786, 4791, 4792, 4793, 4795, 4796, 4797, 4799, 4800, 4801, 4804, 4805, 4806, 4808, 4809, 4810, 4812, 4813, 4815, 4819, 4820, 4821, 4823, 4824, 4825, 4827, 4828, 4829, 4830, 4831, 4833, 4834, 4835, 4836, 4839, 4840, 4841, 4843, 4844, 4845, 4847, 4848, 4849, 4850, 4851, 4853, 4854, 4855, 4856, 4861, 4862, 4863, 4864, 4866, 4867, 4868, 4871, 4872, 4873, 4875, 4876, 4878, 4879, 4880, 4886, 4888, 4889, 4890, 4891, 4893, 4894, 4896, 4903, 4904, 4905, 4907, 4908, 4910, 4911, 4915, 4916, 4917, 4919, 4920, 4921, 4922, 4923, 4925, 4926, 4927, 4928, 4929, 4931, 4933, 4934, 4935, 4936, 4937, 4938, 4939, 4942, 4943, 4944, 4947, 4948, 4952, 4958, 4959, 4962, 4963, 4964, 4966, 4967, 4969, 4970, 4971, 4973, 4974, 4975, 4976, 4979, 4980, 4981, 4983, 4984, 4986, 4987, 4988, 4989, 4993, 4994, 4997, 5002, 5004, 5005, 5006, 5007, 5008, 5011, 5012, 5013, 5015, 5016, 5018, 5019, 5020, 5021, 5023, 5025, 5029, 5030, 5033, 5034, 5037, 5038, 5039, 5041, 5042, 5044, 5045, 5047, 5048, 5053, 5056, 5059, 5060, 5062, 5064, 5067, 5068, 5071, 5072, 5073, 5075, 5076, 5078, 5080, 5081, 5085, 5089, 5093, 5094, 5095, 5096, 5097, 5098, 5099, 5100, 5103, 5104, 5106, 5107, 5111, 5114, 5115, 5116, 5118, 5119, 5121, 5138, 5139, 5140, 5142, 5143, 5145, 5162, 5163, 5164, 5166, 5167, 5168, 5171, 5172, 5173, 5174, 5175, 5177, 5178, 5179, 5181, 5182, 5183, 5184, 5185, 5187, 5188, 5189, 5190, 5191, 5192, 5193, 5194, 5197, 5199, 5200, 5201, 5202, 5203, 5204, 5208, 5209, 5210, 5211, 5216, 5218, 5219, 5220, 5221, 5222, 5225, 5228, 5229, 5230, 5232, 5233, 5235, 5236, 5237, 5239, 5240, 5241, 5242, 5246, 5247, 5251, 5252, 5253, 5256, 5257, 5258, 5261, 5262, 5263, 5265, 5266, 5267, 5269, 5270, 5271, 5272, 5273, 5274, 5275, 5276, 5277, 5279, 5280, 5281, 5282, 5283, 5284, 5285, 5286, 5288, 5289, 5290, 5292, 5293, 5295, 5296, 5297, 5298, 5299, 5300, 5302, 5303, 5304, 5305, 5306, 5309, 5311, 5312, 5313, 5314, 5315, 5316, 5318, 5320, 5321, 5322, 5323, 5324, 5325, 5334, 5335, 5336, 5338, 5339, 5340, 5344, 5345, 5346, 5347, 5348, 5350, 5351, 5352, 5353, 5354, 5355, 5356, 5359, 5361, 5365, 5367, 5382, 5386, 5387, 5388, 5389, 5390, 5391, 5413, 5414, 5415, 5417, 5418, 5420, 5421, 5422, 5423, 5424, 5425, 5426, 5427, 5428, 5429, 5430, 5431, 5432, 5433, 5434, 5435, 5436, 5437, 5438, 5439, 5441, 5442, 5443, 5445, 5446, 5447, 5448, 5449, 5450, 5452, 5453, 5454, 5455, 5457, 5458, 5459, 5460, 5462, 5463, 5464, 5467, 5468, 5469, 5470, 5471, 5472, 5473, 5475, 5477, 5479, 5480, 5482, 5483, 5484, 5485, 5486, 5487, 5488, 5489, 5490, 5491, 5492, 5494, 5496, 5497, 5498, 5499, 5500, 5501, 5502, 5503, 5505, 5507, 5512, 5513, 5514, 5516, 5517, 5523, 5524, 5527, 5528, 5529, 5530, 5531, 5532, 5534, 5540, 5541, 5542, 5543, 5544, 5546, 5548, 5550, 5552, 5553, 5554, 5555, 5556, 5557, 5558, 5560, 5561, 5575, 5576, 5577, 5578, 5579, 5580, 5582, 5583, 5584, 5585, 5587, 5589, 5590, 5591, 5592, 5593, 5594, 5595, 5597, 5600, 5601, 5602, 5603, 5604, 5607, 5608, 5609, 5612, 5615, 5617, 5618, 5619, 5620, 5622, 5623, 5624, 5625, 5626, 5627, 5628, 5630, 5637, 5638, 5639, 5641, 5642, 5643, 5644, 5646, 5647, 5648, 5649, 5650, 5652, 5653, 5654, 5655, 5656, 5658, 5659, 5665, 5666, 5668, 5669, 5670, 5671, 5674, 5675, 5676, 5683, 5684, 5686, 5688, 5689, 5690, 5691, 5692, 5693, 5696, 5698, 5699, 5700, 5701, 5705, 5707, 5708, 5709, 5711, 5715, 5716, 5717, 5718, 5719, 5720, 5722, 5723, 5724, 5726, 5727, 5728, 5729, 5732, 5733, 5734, 5736, 5737, 5739, 5740, 5741, 5743, 5745, 5746, 5747, 5748, 5749, 5750, 5751, 5752, 5753, 5756, 5757, 5758, 5760, 5761, 5762, 5764, 5765, 5766, 5768, 5769, 5773, 5774, 5775, 5776, 5777, 5778, 5780, 5781, 5784, 5785, 5786, 5788, 5789, 5790, 5792, 5793, 5794, 5796, 5805, 5817, 5830, 5831, 5832, 5834, 5835, 5836, 5838, 5839, 5840, 5901, 5907, 5908, 5909, 5912, 5913, 5914, 5915, 5917, 5918, 5919, 5923, 5924, 5926, 5929, 5931, 5932, 5934, 5937, 5938, 5940, 5944, 5948, 5949, 5951, 5952, 5953, 5954, 5956, 5957, 5959, 5960, 5962, 5963, 5964, 5968, 5969, 5970, 5971, 5972, 5973, 5974, 5975, 5979, 5982, 5983, 5984, 5987, 5988, 5989, 5990, 5995, 5996, 5997, 5998, 5999, 6001, 6002, 6003, 6004, 6006, 6007, 6008, 6009, 6011, 6012, 6013, 6015, 6017, 6018, 6019, 6021, 6022, 6023, 6027, 6028, 6032, 6033, 6034, 6035, 6036, 6037, 6041, 6043, 6045, 6047, 6050, 6051, 6053, 6054, 6055, 6059, 6060, 6063, 6064, 6065, 6066, 6067, 6068, 6069, 6070, 6071, 6072, 6074, 6076, 6078, 6080, 6081, 6082, 6083, 6085, 6086, 6087, 6089, 6090, 6091, 6092, 6093, 6094, 6096, 6097, 6099, 6100, 6101, 6102, 6106, 6107, 6108, 6110, 6111, 6113, 6114, 6116, 6118, 6119, 6121, 6125, 6131, 6150, 6151, 6152, 6155, 6156, 6157, 6159, 6160, 6161, 6162, 6165, 6166, 6170, 6171, 6174, 6175, 6177, 6181, 6185, 6186, 6187, 6188, 6189, 6190, 6191, 6192, 6194, 6196, 6198, 6199, 6202, 6203, 6204, 6210, 6211, 6212, 6216, 6217, 6218, 6220, 6221, 6222, 6227, 6228, 6233, 6234, 6235, 6236, 6237, 6247, 6248, 6250, 6251, 6252, 6253, 6254, 6256, 6257, 6258, 6259, 6260, 6263, 6264, 6265, 6267, 6268, 6272, 6277, 6278, 6279, 6281, 6282, 6283, 6284, 6285, 6286, 6288, 6289, 6290, 6292, 6293, 6294, 6297, 6298, 6299, 6301, 6302, 6304, 6305, 6307, 6308, 6309, 6311, 6312, 6313, 6314, 6315, 6316, 6319, 6320, 6321, 6324, 6325, 6331, 6339, 6340, 6341, 6343, 6344, 6345, 6346, 6347, 6348, 6349, 6350, 6351, 6352, 6354, 6355, 6356, 6358, 6359, 6360, 6361, 6362, 6364, 6365, 6366, 6367, 6368, 6369, 6370, 6372, 6373, 6376, 6377, 6378, 6380, 6381, 6382, 6383, 6384, 6385, 6386, 6388, 6390, 6391, 6394, 6395, 6396, 6398, 6399, 6400, 6405, 6406, 6408, 6411, 6412, 6413, 6416, 6417, 6420, 6422, 6423, 6424, 6426, 6427, 6428, 6429, 6430, 6431, 6432, 6435, 6436, 6437, 6439, 6440, 6442, 6443, 6444, 6446, 6447, 6452, 6453, 6454, 6456, 6457, 6458, 6460, 6461, 6462, 6464, 6465, 6466, 6469, 6471, 6475, 6479, 6480, 6485, 6486, 6488, 6492, 6495, 6496, 6497, 6499, 6500, 6502, 6503, 6504, 6505, 6506, 6509, 6510, 6511, 6514, 6515, 6517, 6518, 6519, 6521, 6522, 6523, 6524, 6525, 6530, 6531, 6533, 6534, 6535, 6538, 6539, 6540, 6541, 6543, 6544, 6547, 6549, 6550, 6553, 6554, 6555, 6556, 6557, 6559, 6560, 6561, 6564, 6565, 6566, 6567, 6568, 6574, 6575, 6577, 6578, 6579, 6580, 6581, 6583, 6584, 6585, 6587, 6590, 6591, 6592, 6593, 6594, 6596, 6597, 6598, 6599, 6601, 6602, 6603, 6604, 6605, 6606, 6607, 6608, 6609, 6611, 6612, 6613, 6616, 6617, 6618, 6621, 6622, 6623, 6624, 6626, 6627, 6628, 6629, 6630, 6631, 6632, 6633, 6634, 6635, 6636, 6637, 6638, 6639, 6644, 6645, 6646, 6649, 6651, 6652, 6653, 6655, 6656, 6657, 6659, 6661, 6662, 6663, 6664, 6665, 6666, 6667, 6669, 6670, 6671, 6673, 6675, 6679, 6680, 6682, 6683, 6685, 6686, 6688, 6689, 6690, 6691, 6693, 6695, 6696, 6698, 6700, 6701, 6702, 6704, 6705, 6707, 6710, 6711, 6712, 6715, 6716, 6717, 6719, 6720, 6721, 6723, 6724, 6738, 6739, 6741, 6742, 6746, 6748, 6751, 6753, 6754, 6755, 6756, 6758, 6760, 6761, 6762, 6763, 6764, 6765, 6767, 6768, 6769, 6772, 6773, 6774, 6777, 6778, 6780, 6782, 6783, 6784, 6786, 6787, 6789, 6793, 6794, 6799, 6800, 6801, 6802, 6806, 6808, 6809, 6810, 6812, 6814, 6815, 6819, 6820, 6821, 6822, 6823, 6824, 6825, 6828, 6829, 6830, 6832, 6833, 6834, 6835, 6837, 6841, 6843, 6844, 6845, 6847, 6852, 6853, 6854, 6855, 6856, 6857, 6858, 6860, 6861, 6863, 6864, 6866, 6868, 6871, 6882, 6884, 6889, 6891, 6897, 6908, 6912, 6916, 6917, 6919, 6920, 6921, 6924, 6925, 6926, 6929, 6930, 6932, 6933, 6934, 6936, 6937, 6938, 6939, 6940, 6942, 6943, 6947, 6948, 6949, 6951, 6952, 6956, 6957, 6958, 6959, 6960, 6962, 6963, 6964, 6965, 6967, 6968, 6969, 6973, 6976, 6978, 6979, 6980, 6986, 6987, 6990, 6991, 6992, 6995, 6996, 6998, 6999, 7000, 7002, 7003, 7004, 7005, 7006, 7010, 7011, 7012, 7013, 7014, 7015, 7016, 7017, 7020, 7021, 7022, 7024, 7025, 7027, 7028, 7029, 7031, 7032, 7033, 7034, 7035, 7039, 7040, 7041, 7042, 7043, 7044, 7045, 7046, 7048, 7049, 7050, 7051, 7054, 7055, 7056, 7058, 7059, 7061, 7062, 7063, 7065, 7066, 7067, 7068, 7069, 7073, 7074, 7075, 7076, 7077, 7078, 7079, 7080, 7082, 7083, 7084, 7085, 7088, 7089, 7090, 7092, 7093, 7094, 7097, 7098, 7099, 7100, 7101, 7102, 7103, 7105, 7106, 7107, 7108, 7109, 7110, 7113, 7114, 7115, 7116, 7117, 7119, 7120, 7121, 7124, 7126, 7131, 7132, 7133, 7134, 7135, 7136, 7138, 7141, 7142, 7143, 7144, 7146, 7148, 7149, 7150, 7151, 7153, 7154, 7155, 7157, 7158, 7160, 7161, 7162, 7163, 7166, 7167, 7168, 7169, 7170, 7171, 7172, 7173, 7175, 7177, 7178, 7179, 7182, 7183, 7184, 7187, 7188, 7190, 7191, 7192, 7194, 7195, 7196, 7197, 7200, 7201, 7202, 7204, 7205, 7206, 7208, 7209, 7211, 7212, 7217, 7218, 7220, 7222, 7224, 7225, 7229, 7232, 7233, 7235, 7236, 7237, 7238, 7239, 7240, 7241, 7242, 7243, 7245, 7246, 7249, 7250, 7251, 7253, 7254, 7255, 7257, 7258, 7260, 7261, 7266, 7271, 7272, 7274, 7275, 7276, 7277, 7278, 7279, 7281, 7282, 7283, 7284, 7285, 7286, 7287, 7290, 7291, 7292, 7295, 7296, 7297, 7298, 7300, 7301, 7302, 7303, 7305, 7306, 7307, 7308, 7309, 7310, 7311, 7313, 7314, 7315, 7317, 7318, 7320, 7326, 7331, 7332, 7334, 7336, 7337, 7338, 7340, 7341, 7342, 7344, 7345, 7346, 7348, 7350, 7352, 7355, 7356, 7357, 7360, 7361, 7362, 7364, 7365, 7366, 7368, 7369, 7370, 7372, 7376, 7377, 7380, 7381, 7386, 7403, 7404, 7406, 7407, 7409, 7412, 7413, 7414, 7416, 7419, 7420, 7421, 7424, 7425, 7426, 7428, 7430, 7433, 7434, 7435, 7439, 7440, 7441, 7443, 7444, 7445, 7446, 7448, 7449, 7450, 7454, 7458, 7459, 7460, 7462, 7463, 7465, 7466, 7467, 7473, 7474, 7478, 7481, 7484, 7486, 7488, 7489, 7490, 7491, 7497, 7498, 7499, 7500, 7502, 7503, 7504, 7505, 7506, 7507, 7508, 7509, 7510, 7511, 7514, 7515, 7516, 7518, 7519, 7520, 7521, 7523, 7524, 7525, 7527, 7528, 7529, 7530, 7535, 7536, 7539, 7540, 7541, 7546, 7547, 7548, 7550, 7552, 7553, 7554, 7555, 7556, 7557, 7558, 7559, 7560, 7561, 7562, 7563, 7564, 7565, 7566, 7567, 7568, 7569, 7570, 7571, 7572, 7573, 7574, 7575, 7576, 7578, 7591, 7592, 7594, 7595, 7596, 7597, 7599, 7600, 7601, 7610, 7611, 7612, 7613, 7615, 7619, 7622, 7624, 7627, 7629, 7630, 7633, 7634, 7636, 7637, 7640, 7641, 7642, 7645, 7647, 7655, 7657, 7659, 7661, 7663, 7666, 7667, 7670, 7671, 7672, 7674, 7675, 7676, 7677, 7678, 7679, 7680, 7681, 7682, 7684, 7685, 7686, 7689, 7690, 7691, 7692, 7693, 7755, 7756, 7758, 7759, 7761, 7762, 7763, 7767, 7772, 7774, 7775, 7777, 7778, 7779, 7780, 7781, 7782, 7783, 7784, 7786, 7790, 7792, 7793, 7795, 7797, 7800, 7801, 7802, 7803, 7804, 7806, 7807, 7809, 7810, 7812, 7813, 7815, 7816, 7818, 7827, 7829, 7830, 7833, 7835, 7837, 7838, 7839, 7843, 7848, 7849, 7850, 7852, 7853, 7854, 7855, 7890, 7910, 7972, 7973, 7974, 7976, 7977, 7978, 7979, 7980, 7982, 7983, 7986, 7987, 7988, 7990, 7991, 7993, 7994, 7995, 7996, 7998, 7999, 8001, 8002, 8003, 8008, 8009, 8010, 8011, 8013, 8014, 8015, 8017, 8019, 8020, 8022, 8023, 8024, 8025, 8026, 8027, 8028, 8029, 8031, 8032, 8033, 8034, 8035, 8036, 8038, 8039, 8040, 8041, 8042, 8043, 8044, 8045, 8046, 8047, 8048, 8056, 8057, 8061, 8062, 8063, 8065, 8066, 8069, 8071, 8072, 8074, 8075, 8079, 8083, 8084, 8085, 8086, 8091, 8092, 8093, 8095, 8096, 8097, 8100, 8101, 8102, 8103, 8104, 8105, 8106, 8107, 8108, 8110, 8111, 8112, 8113, 8116, 8117, 8118, 8122, 8124, 8125, 8126, 8127, 8128, 8129, 8130, 8131, 8132, 8133, 8135, 8136, 8138, 8139, 8140, 8141, 8144, 8145, 8146, 8147, 8148, 8150, 8152, 8153, 8154, 8159, 8161, 8162, 8163, 8166, 8169, 8173, 8174, 8176, 8177, 8178, 8179, 8180, 8182, 8183, 8184, 8185, 8186, 8189, 8190, 8191, 8195, 8200, 8201, 8203, 8204, 8205, 8207, 8208, 8209, 8211, 8212, 8213, 8214, 8217, 8219, 8220, 8221, 8222, 8223, 8226, 8228, 8229, 8230, 8231, 8232, 8233, 8234, 8235, 8237, 8238, 8239, 8242, 8243, 8244, 8245, 8246, 8248, 8249, 8250, 8252, 8253, 8258, 8259, 8260, 8261, 8262, 8263, 8266, 8267, 8268, 8270, 8271, 8272, 8276, 8277, 8278, 8280, 8281, 8282, 8287, 8289, 8290, 8292, 8293, 8294, 8297, 8298, 8299, 8300, 8301, 8302, 8305, 8306, 8307, 8309, 8310, 8311, 8315, 8316, 8317, 8318, 8321, 8324, 8325, 8326, 8327, 8328, 8330, 8331, 8332, 8333, 8334, 8337, 8338, 8339, 8340, 8341, 8343, 8344, 8345, 8346, 8347, 8355, 8356, 8357, 8359, 8360, 8361, 8363, 8364, 8365, 8366, 8367, 8368, 8370, 8371, 8372, 8373, 8374, 8378, 8379, 8380, 8381, 8383, 8384, 8385, 8386, 8387, 8389, 8390, 8392, 8393, 8395, 8396, 8397, 8399, 8400, 8402, 8403, 8405, 8411, 8412, 8413, 8414, 8416, 8417, 8418, 8419, 8420, 8421, 8422, 8423, 8424, 8426, 8428, 8430, 8433, 8434, 8435, 8437, 8438, 8439, 8441, 8442, 8443, 8444, 8447, 8448, 8449, 8451, 8452, 8453, 8455, 8456, 8457, 8458, 8461, 8462, 8463, 8465, 8466, 8467, 8469, 8470, 8471, 8472, 8475, 8476, 8477, 8479, 8480, 8481, 8483, 8484, 8485, 8486, 8489, 8490, 8491, 8493, 8494, 8496, 8503, 8504, 8505, 8506, 8508, 8509, 8510, 8511, 8512, 8516, 8520, 8521, 8522, 8524, 8525, 8526, 8527, 8528, 8533, 8534, 8535, 8536, 8537, 8538, 8539, 8542, 8543, 8544, 8546, 8547, 8548, 8550, 8551, 8552, 8553, 8556, 8557, 8558, 8560, 8561, 8562, 8564, 8565, 8566, 8567, 8570, 8571, 8572, 8574, 8575, 8576, 8578, 8579, 8580, 8581, 8584, 8585, 8586, 8588, 8589, 8590, 8592, 8593, 8594, 8595, 8598, 8599, 8600, 8602, 8603, 8604, 8609, 8610, 8611, 8612, 8616, 8617, 8619, 8620, 8621, 8624, 8627, 8628, 8629, 8632, 8633, 8634, 8635, 8636, 8637, 8639, 8640, 8641, 8642, 8643, 8645, 8649, 8650, 8652, 8653, 8655, 8656, 8657, 8658, 8659, 8662, 8663, 8664, 8665, 8666, 8667, 8669, 8670, 8671, 8672, 8673, 8674, 8675, 8677, 8679, 8680, 8683, 8684, 8686, 8689, 8690, 8691, 8694, 8695, 8696, 8697, 8699, 8700, 8701, 8702, 8704, 8705, 8706, 8707, 8709, 8710, 8712, 8713, 8714, 8715, 8716, 8717, 8722, 8724, 8725, 8726, 8727, 8729, 8730, 8731, 8733, 8734, 8736, 8737, 8738, 8739, 8740, 8742, 8743, 8745, 8746, 8748, 8749, 8750, 8752, 8756, 8765, 8766, 8767, 8768, 8770, 8771, 8773, 8774, 8776, 8777, 8778, 8779, 8781, 8784, 8785, 8786, 8789, 8790, 8792, 8793, 8795, 8796, 8797, 8798, 8801, 8802, 8803, 8805, 8807, 8808, 8810, 8811, 8812, 8813, 8814, 8826, 8827, 8828, 8831, 8832, 8834, 8835, 8836, 8839, 8840, 8841, 8844, 8845, 8846, 8848, 8849, 8850, 8851, 8855, 8858, 8860, 8861, 8863, 8864, 8865, 8866, 8867, 8868, 8869, 8874, 8875, 8876, 8877, 8879, 8880, 8881, 8882, 8883, 8885, 8886, 8888, 8893, 8896, 8898, 8899, 8901, 8902, 8904, 8911, 8912, 8913, 8914, 8915, 8919, 8920, 8921, 8926, 8927, 8928, 8930, 8931, 8932, 8933, 8934, 8936, 8937, 8939, 8940, 8946, 8952, 8953, 8956, 8957, 8958, 8960, 8961, 8962, 8964, 8965, 8966, 8968, 8969, 8970, 8971, 8972, 8973, 8975, 8976, 8977, 8978, 8979, 8983, 8985, 8986, 8987, 8991, 8992, 8994, 8995, 9002, 9003, 9007, 9008, 9009, 9010, 9011, 9012, 9013, 9015, 9018, 9019, 9020, 9023, 9024, 9026, 9027, 9028, 9030, 9035, 9036, 9037, 9040, 9041, 9042, 9044, 9045, 9046, 9050, 9051, 9052, 9053, 9054, 9056, 9057, 9059, 9060, 9061, 9064, 9065, 9066, 9069, 9070, 9071, 9073, 9074, 9075, 9079, 9080, 9081, 9082, 9083, 9084, 9085, 9086, 9089, 9090, 9091, 9095, 9096, 9097, 9099, 9100, 9101, 9102, 9103, 9105, 9106, 9107, 9111, 9114, 9116, 9117, 9118, 9123, 9124, 9126, 9127, 9128, 9129, 9130, 9131, 9132, 9134, 9135, 9136, 9137, 9138, 9139, 9140, 9141, 9142, 9143, 9145, 9146, 9147, 9149, 9157, 9158, 9159, 9161, 9162, 9164, 9166, 9167, 9169, 9170, 9174, 9176, 9179, 9180, 9181, 9185, 9186, 9188, 9189, 9190, 9191, 9193, 9198, 9199, 9200, 9204, 9205, 9206, 9211, 9212, 9213, 9214, 9215, 9216, 9217, 9218, 9219, 9220, 9223, 9224, 9225, 9230, 9231, 9232, 9235, 9237, 9238, 9239, 9240, 9241, 9245, 9246, 9247, 9250, 9251, 9253, 9254, 9257, 9258, 9259, 9260, 9261, 9263, 9264, 9265, 9266, 9269, 9270, 9272, 9273, 9274, 9275, 9276, 9278, 9280, 9281, 9286, 9287, 9290, 9291, 9292, 9300, 9301, 9302, 9304, 9305, 9306, 9308, 9309, 9311, 9312, 9313, 9325, 9326, 9327, 9329, 9330, 9331, 9332, 9333, 9334, 9335, 9339, 9341, 9342, 9343, 9344, 9347, 9350, 9351, 9352, 9354, 9355, 9356, 9358, 9359, 9360, 9362, 9364, 9366, 9367, 9368, 9369, 9371, 9372, 9373, 9374, 9375, 9376, 9377, 9380, 9381, 9383, 9385, 9386, 9388, 9389, 9391, 9392, 9393, 9394, 9397, 9398, 9399, 9400, 9402, 9403, 9404, 9406, 9410, 9411, 9413, 9415, 9416, 9419, 9420, 9421, 9423, 9426, 9427, 9430, 9433, 9434, 9436, 9438, 9439, 9440, 9443, 9444, 9445, 9446, 9447, 9448, 9450, 9451, 9452, 9454, 9458, 9459, 9460, 9461, 9462, 9463, 9465, 9476, 9480, 9481, 9482, 9483, 9484, 9485, 9487, 9491, 9492, 9493, 9494, 9495, 9496, 9497, 9499, 9500, 9503, 9504, 9505, 9508, 9509, 9510, 9511, 9512, 9513, 9520, 9522, 9530, 9531, 9532, 9536, 9537, 9538, 9540, 9541, 9549, 9551, 9552, 9553, 9554, 9555, 9557, 9559, 9562, 9563, 9564, 9571, 9572, 9574, 9575, 9576, 9577, 9578, 9579, 9580, 9582, 9583, 9584, 9585, 9586, 9588, 9589, 9590, 9591, 9592, 9593, 9599, 9600, 9601, 9602, 9603, 9604, 9605, 9606, 9608, 9609, 9611, 9613, 9617, 9618, 9620, 9638, 9641, 9642, 9643, 9644, 9645, 9646, 9649, 9651, 9653, 9654, 9656, 9657, 9658, 9660, 9661, 9663, 9664, 9670, 9671, 9676, 9677, 9679, 9680, 9681, 9683, 9684, 9686, 9687, 9688, 9689, 9691, 9692, 9693, 9694, 9695, 9696, 9698, 9702, 9703, 9704, 9705, 9706, 9708, 9709, 9710, 9713, 9716, 9717, 9718, 9719, 9720, 9722, 9723, 9724, 9728, 9731, 9732, 9733, 9735, 9736, 9737, 9739, 9740, 9741, 9742, 9743, 9744, 9745, 9750, 9751, 9752, 9753, 9757, 9760, 9761, 9762, 9763, 9764, 9765, 9767, 9768, 9769, 9771, 9774, 9775, 9776, 9777, 9778, 9779, 9781, 9782, 9783, 9785, 9788, 9789, 9790, 9791, 9792, 9794, 9795, 9796, 9797, 9798, 9800, 9802, 9803, 9805, 9806, 9807, 9808, 9809, 9810, 9811, 9813, 9816, 9817, 9818, 9819, 9821, 9823, 9824, 9826, 9827, 9828, 9829, 9830, 9831, 9833, 9834, 9835, 9836, 9838, 9839, 9845, 9846, 9848, 9849, 9851, 9852, 9853, 9854, 9855, 9856, 9857, 9858, 9859, 9860, 9861, 9862, 9863, 9864, 9865, 9866, 9867, 9868, 9870, 9871, 9872, 9873, 9875, 9876, 9877, 9878, 9880, 9881, 9882, 9883, 9885, 9886, 9887, 9888, 9890, 9891, 9893, 9894, 9895, 9896, 9897, 9898, 9899, 9903, 9904, 9906, 9908, 9919, 9941, 9942, 9943, 9950, 9951, 9952, 9953, 9955, 9956, 9957, 9958, 9960, 9968, 9979, 9981, 9982, 9983, 9984, 9985, 9986, 9989, 9990, 9991, 9992, 9993, 9994, 9997, 9998, 9999, 10000, 10001, 10002, 10005, 10006, 10007, 10008, 10010, 10011, 10016, 10017, 10020, 10021, 10025, 10026, 10031, 10032, 10036, 10039, 10040, 10041, 10042, 10044, 10045, 10046, 10047, 10048, 10049, 10051, 10052, 10053, 10054, 10055, 10057, 10059, 10060, 10062, 10063, 10064, 10065, 10066, 10067, 10069, 10071, 10072, 10074, 10075, 10076, 10077, 10078, 10079, 10081, 10084, 10087, 10088, 10089, 10092, 10093, 10099, 10100, 10102, 10103, 10104, 10106, 10107, 10108, 10109, 10111, 10115, 10116, 10117, 10118, 10120, 10121, 10122, 10123, 10124, 10125, 10126, 10130, 10132, 10133, 10134, 10135, 10136, 10139, 10140, 10142, 10143, 10144, 10145, 10147, 10150, 10151, 10152, 10153, 10155, 10157, 10159, 10160, 10161, 10162, 10164, 10165, 10166, 10167, 10169, 10171, 10173, 10177, 10178, 10179, 10183, 10187, 10190, 10191, 10192, 10193, 10194, 10196, 10198, 10200, 10202, 10203, 10205, 10220, 10221, 10223, 10224, 10226, 10227, 10228, 10230, 10231, 10232, 10233, 10236, 10237, 10238, 10240, 10241, 10242, 10244, 10247, 10248, 10249, 10251, 10252, 10254, 10255, 10258, 10259, 10261, 10262, 10264, 10265, 10266, 10267, 10269, 10276, 10277, 10278, 10280, 10281, 10283, 10284, 10285, 10288, 10291, 10292, 10293, 10294, 10297, 10298, 10299, 10300, 10302, 10304, 10307, 10308, 10312, 10313, 10315, 10316, 10317, 10319, 10331, 10332, 10333, 10334, 10336, 10337, 10338, 10340, 10341, 10342, 10343, 10344, 10345, 10346, 10347, 10351, 10352, 10355, 10356, 10358, 10359, 10361, 10362, 10363, 10365, 10377, 10378, 10380, 10381, 10382, 10385, 10386, 10388, 10389, 10390, 10391, 10392, 10393, 10394, 10395, 10397, 10400, 10401, 10402, 10404, 10407, 10410, 10411, 10412, 10414, 10416, 10417, 10418, 10420, 10423, 10424, 10425, 10427, 10428, 10430, 10431, 10432, 10434, 10439, 10440, 10441, 10443, 10444, 10445, 10447, 10448, 10449, 10451, 10452, 10455, 10456, 10459, 10460, 10461, 10463, 10464, 10466, 10467, 10468, 10470, 10472, 10475, 10476, 10477, 10481, 10482, 10485, 10486, 10487, 10489, 10490, 10492, 10493, 10494, 10496, 10497, 10498, 10499, 10500, 10503, 10504, 10506, 10507, 10508, 10509, 10511, 10527, 10544, 10573, 10574, 10576, 10577, 10579, 10580, 10581, 10582, 10584, 10585, 10586, 10590, 10592, 10596, 10597, 10601, 10602, 10603, 10605, 10608, 10609, 10610, 10611, 10612, 10613, 10614, 10618, 10619, 10620, 10622, 10623, 10624, 10625, 10626, 10627, 10634, 10643, 10644, 10646, 10647, 10648, 10649, 10650, 10652, 10653, 10654, 10657, 10658, 10659, 10660, 10661, 10663, 10664, 10665, 10666, 10668, 10670, 10671, 10673, 10675, 10677, 10679, 10680, 10681, 10682, 10684, 10689, 10690, 10692, 10693, 10697, 10698, 10700, 10701, 10706, 10707, 10708, 10709, 10710, 10712, 10714, 10715, 10716, 10717, 10719, 10720, 10721, 10722, 10723, 10725, 10730, 10733, 10734, 10735, 10736, 10738, 10739, 10740, 10741, 10743, 10744, 10745, 10746, 10748, 10750, 10751, 10753, 10754, 10755, 10756, 10758, 10759, 10760, 10761, 10762, 10763, 10764, 10765, 10767, 10768, 10770, 10771, 10772, 10773, 10774, 10780, 10782, 10783, 10785, 10788, 10789, 10792, 10793, 10794, 10796, 10797, 10798, 10819, 10820, 10821, 10824, 10825, 10826, 10830, 10831, 10832, 10839, 10841, 10842, 10847, 10863, 10864, 10884, 10897, 10901, 10902, 10903, 10904, 10905, 10907, 10908, 10909, 10910, 10911, 10913, 10914, 10915, 10916, 10917, 10918, 10921, 10925, 10927, 10928, 10932, 10933, 10934, 10935, 10936, 10939, 10954, 10955, 11008, 11009, 11010, 11013, 11015, 11016, 11017, 11018, 11020, 11021, 11022, 11024, 11026, 11027, 11028, 11029, 11030, 11031, 11032, 11036, 11038, 11039, 11041, 11042, 11047, 11048, 11049, 11051, 11052, 11053, 11054, 11055, 11061, 11063, 11064, 11066, 11067, 11069, 11071, 11072, 11073, 11076, 11077, 11079, 11080, 11081, 11082, 11083, 11084, 11085, 11087, 11088, 11089, 11091, 11096, 11097, 11099, 11100, 11102, 11103, 11105, 11106, 11107, 11108, 11110, 11111, 11115, 11116, 11117, 11120, 11121, 11125, 11126, 11127, 11128, 11130, 11132, 11134, 11135, 11136, 11137, 11138, 11139, 11140, 11141, 11144, 11145, 11146, 11147, 11148, 11149, 11150, 11151, 11153, 11156, 11157, 11159, 11160, 11162, 11164, 11165, 11166, 11167, 11168, 11171, 11172, 11173, 11176, 11177, 11178, 11179, 11180, 11181, 11182, 11183, 11184, 11185, 11186, 11187, 11188, 11189, 11190, 11191, 11192, 11193, 11194, 11196, 11197, 11198, 11199, 11200, 11201, 11202, 11203, 11204, 11205, 11207, 11211, 11214, 11215, 11216, 11217, 11218, 11220, 11221, 11222, 11223, 11226, 11227, 11228, 11229, 11230, 11231, 11232, 11233, 11234, 11235, 11237, 11238, 11240, 11241, 11242, 11244, 11245, 11247, 11248, 11249, 11250, 11251, 11252, 11254, 11255, 11257, 11258, 11259, 11260, 11261, 11262, 11263, 11264, 11266, 11267, 11268, 11269, 11270, 11272, 11273, 11275, 11276, 11277, 11278, 11279, 11281, 11282, 11286, 11287, 11288, 11289, 11292, 11293, 11295, 11296, 11299, 11300, 11301, 11302, 11303, 11304, 11305, 11307, 11308, 11310, 11311, 11312, 11313, 11314, 11316, 11317, 11319, 11320, 11322, 11323, 11324, 11325, 11326, 11329, 11330, 11333, 11334, 11335, 11336, 11338, 11339, 11341, 11344, 11353, 11354, 11355, 11356, 11357, 11358, 11359, 11361, 11362, 11363, 11366, 11368, 11369, 11370, 11371, 11372, 11375, 11377, 11378, 11380, 11383, 11384, 11385, 11387, 11388, 11389, 11391, 11392, 11394, 11395, 11396, 11398, 11399, 11401, 11402, 11403, 11405, 11406, 11408, 11410, 11411, 11412, 11413, 11414, 11416, 11417, 11418, 11420, 11423, 11424, 11425, 11426, 11428, 11429, 11430, 11431, 11433, 11436, 11437, 11438, 11439, 11441, 11443, 11446, 11447, 11448, 11449, 11450, 11451, 11452, 11453, 11455, 11456, 11457, 11460, 11462, 11464, 11465, 11466, 11467, 11470, 11471, 11472, 11476, 11477, 11478, 11479, 11481, 11483, 11484, 11485, 11486, 11487, 11488, 11491, 11492, 11495, 11496, 11497, 11498, 11501, 11502, 11503, 11504, 11507, 11508, 11509, 11510, 11511, 11512, 11513, 11515, 11517, 11518, 11523, 11524, 11525, 11529, 11531, 11539, 11540, 11541, 11543, 11544, 11545, 11546, 11547, 11548, 11550, 11553, 11554, 11555, 11556, 11557, 11558, 11559, 11560, 11561, 11562, 11565, 11566, 11567, 11568, 11570, 11571, 11572, 11573, 11574, 11576, 11579, 11580, 11581, 11584, 11585, 11588, 11594, 11596, 11597, 11598, 11600, 11601, 11603, 11604, 11608, 11609, 11610, 11611, 11612, 11619, 11620, 11622, 11623, 11624, 11625, 11626, 11627, 11628, 11629, 11630, 11632, 11633, 11634, 11635, 11636, 11637, 11638, 11639, 11641, 11644, 11646, 11647, 11648, 11649, 11651, 11653, 11654, 11655, 11656, 11657, 11659, 11662, 11663, 11664, 11667, 11668, 11669, 11671, 11672, 11675, 11676, 11681, 11691, 11692, 11693, 11699, 11711, 11712, 11713, 11718, 11719, 11720, 11721, 11722, 11725, 11730, 11733, 11734, 11735, 11736, 11737, 11738, 11740, 11741, 11743, 11745, 11747, 11748, 11750, 11751, 11755, 11764, 11765, 11775, 11776, 11781], "summary": {"covered_lines": 6037, "num_statements": 7947, "percent_covered": 71.66494312306101, "percent_covered_display": "72", "missing_lines": 1910, "excluded_lines": 0, "num_branches": 2690, "num_partial_branches": 430, "covered_branches": 1586, "missing_branches": 1104}, "missing_lines": [106, 111, 112, 113, 114, 115, 173, 174, 175, 181, 202, 203, 204, 224, 225, 247, 249, 250, 251, 253, 254, 255, 258, 265, 266, 267, 289, 290, 295, 296, 301, 302, 307, 308, 339, 340, 347, 348, 356, 357, 384, 399, 430, 443, 468, 469, 471, 484, 495, 497, 597, 682, 693, 702, 706, 716, 719, 736, 751, 759, 765, 768, 851, 854, 863, 868, 887, 913, 916, 954, 1029, 1047, 1056, 1057, 1058, 1064, 1114, 1152, 1161, 1162, 1163, 1164, 1174, 1175, 1186, 1203, 1206, 1226, 1227, 1279, 1282, 1285, 1293, 1297, 1312, 1313, 1314, 1369, 1370, 1383, 1413, 1445, 1453, 1457, 1481, 1482, 1483, 1492, 1496, 1501, 1505, 1506, 1507, 1515, 1526, 1527, 1528, 1529, 1530, 1531, 1532, 1533, 1534, 1535, 1536, 1592, 1608, 1612, 1616, 1645, 1650, 1654, 1680, 1693, 1694, 1700, 1701, 1709, 1710, 1712, 1713, 1714, 1715, 1716, 1718, 1719, 1720, 1721, 1723, 1735, 1754, 1759, 1760, 1761, 1762, 1768, 1776, 1820, 1821, 1830, 1831, 1832, 1833, 1846, 1863, 1864, 1943, 1996, 2004, 2011, 2012, 2013, 2014, 2016, 2017, 2019, 2020, 2025, 2026, 2028, 2029, 2030, 2035, 2036, 2037, 2038, 2044, 2045, 2046, 2047, 2048, 2106, 2122, 2130, 2142, 2179, 2181, 2196, 2197, 2198, 2199, 2201, 2202, 2203, 2204, 2205, 2210, 2216, 2217, 2218, 2220, 2221, 2222, 2223, 2224, 2226, 2227, 2228, 2230, 2231, 2233, 2234, 2235, 2238, 2244, 2253, 2258, 2287, 2333, 2339, 2349, 2352, 2355, 2358, 2361, 2364, 2371, 2403, 2415, 2420, 2421, 2422, 2424, 2433, 2434, 2436, 2482, 2485, 2488, 2489, 2490, 2491, 2493, 2494, 2495, 2496, 2500, 2504, 2505, 2506, 2507, 2508, 2509, 2512, 2515, 2517, 2518, 2519, 2520, 2521, 2522, 2524, 2525, 2527, 2528, 2530, 2532, 2533, 2534, 2535, 2537, 2538, 2540, 2544, 2545, 2546, 2548, 2550, 2551, 2552, 2553, 2554, 2555, 2556, 2557, 2558, 2559, 2560, 2561, 2562, 2563, 2564, 2566, 2568, 2571, 2572, 2573, 2575, 2576, 2577, 2578, 2583, 2615, 2616, 2617, 2618, 2622, 2623, 2624, 2633, 2637, 2640, 2641, 2642, 2645, 2646, 2647, 2648, 2649, 2650, 2651, 2652, 2653, 2654, 2658, 2659, 2660, 2661, 2664, 2665, 2668, 2670, 2671, 2672, 2674, 2675, 2676, 2677, 2678, 2679, 2681, 2682, 2684, 2685, 2686, 2687, 2688, 2689, 2690, 2691, 2692, 2693, 2694, 2695, 2696, 2697, 2698, 2701, 2702, 2703, 2704, 2705, 2708, 2709, 2710, 2711, 2712, 2713, 2714, 2715, 2716, 2717, 2718, 2719, 2720, 2722, 2726, 2727, 2739, 2772, 2773, 2774, 2778, 2779, 2780, 2781, 2785, 2789, 2794, 2795, 2796, 2797, 2798, 2799, 2800, 2804, 2805, 2824, 2829, 2830, 2831, 2834, 2835, 2837, 2838, 2839, 2840, 2841, 2842, 2843, 2844, 2845, 2846, 2849, 2850, 2851, 2852, 2855, 2856, 2857, 2859, 2860, 2861, 2921, 2923, 2924, 2926, 2928, 2929, 2930, 2931, 2932, 2933, 2934, 2935, 2936, 2937, 2938, 2939, 2940, 2941, 2942, 2943, 2944, 2945, 2946, 2947, 2948, 2949, 2950, 2951, 2952, 2953, 2954, 2955, 2956, 2957, 2958, 2959, 2960, 2961, 2962, 2963, 2970, 2971, 2972, 2974, 2979, 2980, 2991, 2994, 2995, 2996, 2997, 2998, 2999, 3000, 3001, 3023, 3024, 3045, 3084, 3085, 3086, 3087, 3090, 3093, 3096, 3097, 3098, 3101, 3102, 3103, 3104, 3105, 3106, 3107, 3108, 3109, 3110, 3111, 3114, 3115, 3116, 3118, 3119, 3120, 3121, 3126, 3127, 3146, 3188, 3189, 3190, 3191, 3194, 3197, 3200, 3202, 3206, 3209, 3210, 3211, 3212, 3214, 3215, 3216, 3217, 3218, 3219, 3220, 3221, 3222, 3223, 3224, 3225, 3226, 3227, 3228, 3229, 3230, 3233, 3234, 3235, 3237, 3238, 3239, 3240, 3244, 3245, 3246, 3247, 3259, 3290, 3291, 3292, 3293, 3305, 3331, 3334, 3337, 3340, 3341, 3342, 3345, 3346, 3348, 3349, 3350, 3351, 3352, 3353, 3354, 3355, 3356, 3357, 3358, 3359, 3360, 3361, 3362, 3363, 3364, 3367, 3368, 3369, 3371, 3372, 3373, 3374, 3378, 3379, 3390, 3402, 3408, 3409, 3410, 3411, 3412, 3413, 3415, 3417, 3418, 3419, 3420, 3421, 3422, 3428, 3434, 3438, 3439, 3440, 3444, 3445, 3446, 3456, 3457, 3458, 3459, 3464, 3477, 3478, 3479, 3480, 3497, 3502, 3503, 3504, 3505, 3516, 3539, 3540, 3544, 3558, 3559, 3575, 3577, 3578, 3580, 3592, 3651, 3671, 3672, 3673, 3696, 3697, 3698, 3700, 3701, 3702, 3703, 3704, 3705, 3725, 3726, 3727, 3728, 3729, 3730, 3731, 3732, 3733, 3734, 3735, 3737, 3739, 3740, 3741, 3742, 3743, 3744, 3745, 3779, 3797, 3798, 3806, 3807, 3808, 3815, 3816, 3819, 3838, 3839, 3840, 3842, 3843, 3844, 3845, 3847, 3859, 3860, 3861, 3862, 3863, 3864, 3865, 3881, 3893, 3898, 3899, 3966, 3988, 4001, 4002, 4003, 4004, 4005, 4006, 4015, 4020, 4025, 4030, 4031, 4036, 4041, 4046, 4051, 4052, 4057, 4062, 4067, 4072, 4085, 4095, 4120, 4125, 4135, 4145, 4167, 4172, 4177, 4178, 4179, 4182, 4183, 4191, 4192, 4193, 4194, 4195, 4196, 4218, 4230, 4260, 4261, 4262, 4263, 4266, 4267, 4268, 4269, 4270, 4304, 4312, 4313, 4314, 4315, 4316, 4317, 4318, 4322, 4323, 4324, 4325, 4326, 4327, 4328, 4329, 4342, 4343, 4345, 4346, 4347, 4348, 4349, 4350, 4351, 4352, 4389, 4396, 4397, 4406, 4407, 4408, 4435, 4436, 4437, 4438, 4439, 4440, 4441, 4444, 4445, 4446, 4447, 4448, 4449, 4450, 4459, 4460, 4461, 4462, 4463, 4464, 4465, 4466, 4506, 4507, 4508, 4509, 4513, 4514, 4515, 4516, 4517, 4518, 4520, 4521, 4522, 4548, 4549, 4550, 4584, 4585, 4588, 4589, 4598, 4603, 4609, 4621, 4629, 4633, 4648, 4683, 4691, 4715, 4723, 4730, 4745, 4748, 4755, 4758, 4759, 4767, 4768, 4769, 4770, 4771, 4787, 4788, 4789, 4816, 4858, 4859, 4860, 4912, 4913, 4940, 4941, 4945, 4946, 4950, 4953, 4954, 4956, 4990, 4991, 4998, 4999, 5000, 5001, 5050, 5051, 5065, 5082, 5083, 5086, 5087, 5090, 5108, 5109, 5110, 5122, 5123, 5124, 5125, 5126, 5129, 5130, 5132, 5133, 5134, 5135, 5146, 5147, 5148, 5149, 5150, 5153, 5154, 5156, 5157, 5158, 5159, 5195, 5196, 5205, 5206, 5213, 5214, 5215, 5223, 5224, 5243, 5244, 5248, 5249, 5327, 5328, 5329, 5330, 5332, 5341, 5342, 5357, 5358, 5362, 5363, 5393, 5394, 5395, 5396, 5397, 5399, 5400, 5401, 5402, 5403, 5404, 5405, 5406, 5407, 5409, 5410, 5476, 5508, 5509, 5518, 5519, 5520, 5538, 5545, 5549, 5562, 5563, 5564, 5565, 5566, 5567, 5568, 5569, 5570, 5571, 5572, 5573, 5598, 5613, 5614, 5632, 5633, 5634, 5635, 5660, 5661, 5662, 5663, 5702, 5703, 5712, 5713, 5770, 5771, 5797, 5798, 5799, 5801, 5802, 5803, 5806, 5807, 5808, 5810, 5811, 5813, 5814, 5815, 5818, 5825, 5826, 5827, 5841, 5842, 5843, 5845, 5846, 5847, 5849, 5850, 5852, 5853, 5854, 5856, 5857, 5858, 5859, 5863, 5864, 5865, 5867, 5868, 5869, 5871, 5872, 5873, 5874, 5875, 5878, 5880, 5881, 5882, 5883, 5885, 5887, 5888, 5889, 5890, 5891, 5893, 5894, 5895, 5896, 5897, 5898, 5899, 5903, 5904, 5920, 5921, 5935, 5941, 5942, 5945, 5946, 5950, 5965, 5966, 5977, 6025, 6029, 6030, 6039, 6040, 6057, 6061, 6062, 6103, 6104, 6122, 6123, 6126, 6127, 6129, 6132, 6134, 6135, 6137, 6138, 6139, 6141, 6142, 6144, 6145, 6146, 6148, 6167, 6168, 6172, 6178, 6179, 6182, 6183, 6223, 6224, 6229, 6230, 6238, 6239, 6240, 6241, 6401, 6403, 6448, 6449, 6472, 6473, 6476, 6477, 6481, 6482, 6483, 6491, 6526, 6527, 6528, 6536, 6545, 6586, 6588, 6640, 6641, 6642, 6647, 6648, 6650, 6658, 6676, 6677, 6725, 6726, 6727, 6728, 6730, 6731, 6732, 6733, 6735, 6736, 6743, 6744, 6747, 6749, 6790, 6791, 6795, 6796, 6804, 6816, 6817, 6838, 6839, 6848, 6849, 6850, 6872, 6877, 6878, 6879, 6880, 6881, 6886, 6887, 6892, 6895, 6913, 6914, 6944, 6945, 6953, 6954, 6970, 6971, 6974, 6982, 6983, 6984, 6985, 7007, 7008, 7036, 7037, 7047, 7070, 7071, 7081, 7111, 7122, 7127, 7129, 7213, 7214, 7215, 7226, 7227, 7262, 7263, 7264, 7267, 7268, 7269, 7321, 7322, 7323, 7324, 7327, 7328, 7329, 7373, 7374, 7378, 7382, 7383, 7384, 7451, 7452, 7455, 7456, 7468, 7469, 7470, 7471, 7476, 7477, 7482, 7493, 7494, 7495, 7531, 7532, 7533, 7602, 7603, 7604, 7605, 7606, 7607, 7608, 7616, 7617, 7620, 7625, 7631, 7638, 7643, 7644, 7646, 7648, 7650, 7651, 7653, 7658, 7664, 7695, 7696, 7697, 7698, 7699, 7700, 7701, 7702, 7704, 7705, 7706, 7708, 7709, 7710, 7711, 7713, 7714, 7716, 7719, 7720, 7722, 7723, 7724, 7726, 7728, 7729, 7730, 7731, 7732, 7734, 7735, 7736, 7738, 7739, 7740, 7742, 7744, 7745, 7746, 7747, 7749, 7750, 7752, 7753, 7764, 7765, 7769, 7770, 7787, 7819, 7820, 7821, 7822, 7823, 7825, 7826, 7828, 7840, 7842, 7844, 7845, 7846, 7857, 7864, 7865, 7866, 7867, 7870, 7871, 7873, 7876, 7878, 7879, 7880, 7881, 7883, 7884, 7885, 7887, 7888, 7892, 7893, 7894, 7895, 7896, 7897, 7898, 7899, 7901, 7903, 7904, 7905, 7907, 7908, 7913, 7914, 7915, 7916, 7917, 7918, 7919, 7920, 7922, 7923, 7924, 7925, 7926, 7928, 7929, 7931, 7932, 7933, 7935, 7936, 7937, 7939, 7940, 7941, 7943, 7945, 7950, 7951, 7952, 7954, 7955, 7957, 7959, 7960, 7961, 7962, 7963, 7965, 7966, 7967, 7968, 7969, 7970, 7984, 8004, 8005, 8006, 8007, 8049, 8050, 8051, 8052, 8054, 8055, 8059, 8067, 8068, 8076, 8080, 8081, 8087, 8088, 8089, 8098, 8119, 8120, 8142, 8149, 8151, 8155, 8157, 8164, 8167, 8170, 8171, 8181, 8192, 8193, 8198, 8199, 8215, 8216, 8224, 8254, 8255, 8273, 8274, 8283, 8284, 8285, 8288, 8312, 8313, 8320, 8349, 8350, 8351, 8352, 8375, 8376, 8425, 8513, 8514, 8517, 8518, 8529, 8530, 8531, 8613, 8614, 8622, 8623, 8630, 8753, 8754, 8757, 8758, 8759, 8760, 8762, 8763, 8799, 8815, 8816, 8817, 8818, 8820, 8822, 8823, 8852, 8853, 8856, 8870, 8871, 8872, 8884, 8894, 8905, 8906, 8907, 8908, 8909, 8916, 8941, 8942, 8943, 8944, 8981, 8982, 8988, 8989, 9031, 9032, 9047, 9048, 9076, 9077, 9108, 9109, 9112, 9119, 9120, 9121, 9194, 9195, 9242, 9243, 9248, 9249, 9262, 9282, 9284, 9314, 9315, 9316, 9317, 9318, 9319, 9320, 9322, 9323, 9336, 9337, 9346, 9407, 9455, 9466, 9467, 9468, 9470, 9471, 9472, 9474, 9477, 9488, 9501, 9523, 9524, 9526, 9527, 9595, 9596, 9597, 9623, 9624, 9625, 9626, 9628, 9630, 9631, 9632, 9633, 9635, 9636, 9673, 9699, 9711, 9725, 9726, 9727, 9746, 9747, 9748, 9754, 9755, 9756, 9770, 9784, 9804, 9814, 9909, 9910, 9911, 9912, 9913, 9914, 9915, 9916, 9917, 9920, 9921, 9922, 9923, 9924, 9926, 9927, 9928, 9929, 9930, 9931, 9932, 9934, 9935, 9937, 9938, 9939, 9944, 9945, 9946, 9947, 9948, 9962, 9963, 9966, 9970, 9971, 9974, 9975, 9977, 10013, 10014, 10033, 10082, 10112, 10113, 10128, 10129, 10148, 10174, 10175, 10180, 10181, 10184, 10185, 10206, 10208, 10210, 10212, 10214, 10217, 10270, 10271, 10272, 10273, 10274, 10286, 10287, 10295, 10296, 10303, 10320, 10321, 10322, 10323, 10324, 10326, 10327, 10328, 10349, 10366, 10367, 10368, 10369, 10371, 10372, 10373, 10374, 10383, 10398, 10405, 10408, 10435, 10436, 10453, 10454, 10473, 10474, 10478, 10479, 10480, 10512, 10514, 10515, 10516, 10517, 10519, 10520, 10521, 10522, 10524, 10525, 10530, 10531, 10533, 10534, 10536, 10537, 10539, 10540, 10541, 10542, 10546, 10547, 10548, 10549, 10550, 10551, 10553, 10554, 10555, 10556, 10557, 10558, 10560, 10562, 10563, 10564, 10565, 10566, 10567, 10568, 10569, 10570, 10587, 10588, 10593, 10594, 10598, 10599, 10604, 10615, 10616, 10636, 10637, 10638, 10639, 10640, 10651, 10694, 10695, 10696, 10702, 10704, 10731, 10786, 10790, 10799, 10822, 10827, 10828, 10849, 10850, 10851, 10852, 10853, 10854, 10855, 10857, 10858, 10867, 10872, 10873, 10874, 10876, 10877, 10879, 10880, 10885, 10886, 10887, 10888, 10890, 10891, 10892, 10893, 10894, 10895, 10898, 10922, 10924, 10929, 10930, 10940, 10941, 10942, 10943, 10944, 10945, 10948, 10949, 10950, 10951, 10956, 10957, 10960, 10961, 10962, 10964, 10966, 10967, 10968, 10969, 10970, 10971, 10973, 10976, 10977, 10979, 10980, 10983, 10984, 10985, 10986, 10988, 10990, 10991, 10993, 10994, 10995, 10996, 10997, 10998, 10999, 11002, 11003, 11004, 11005, 11006, 11012, 11023, 11033, 11035, 11037, 11043, 11044, 11045, 11058, 11092, 11098, 11101, 11112, 11113, 11154, 11161, 11169, 11208, 11209, 11212, 11219, 11224, 11225, 11342, 11345, 11346, 11347, 11348, 11349, 11350, 11351, 11364, 11373, 11374, 11381, 11397, 11400, 11427, 11454, 11468, 11469, 11474, 11519, 11520, 11526, 11527, 11536, 11537, 11542, 11549, 11577, 11582, 11589, 11590, 11591, 11592, 11605, 11613, 11614, 11616, 11642, 11673, 11677, 11678, 11679, 11682, 11685, 11694, 11696, 11714, 11715, 11727, 11767, 11770, 11771, 11772, 11777], "excluded_lines": [], "executed_branches": [[159, 160], [159, 164], [161, 159], [161, 162], [172, 177], [180, 182], [198, 199], [198, 201], [201, 206], [208, 209], [208, 217], [209, 210], [211, 209], [211, 212], [222, -222], [222, 222], [222, 223], [223, 227], [238, 239], [238, 241], [246, 260], [263, 269], [368, 369], [368, 371], [381, 382], [398, 400], [400, 401], [401, 402], [401, 403], [406, 407], [406, 408], [428, 429], [453, -453], [453, 455], [458, 459], [458, 481], [461, 462], [461, 464], [466, 473], [473, 474], [473, 477], [481, 482], [481, 500], [482, 485], [487, 488], [487, 489], [489, 490], [489, 491], [491, 492], [491, 494], [494, 498], [536, -535], [536, 537], [538, -537], [538, 539], [540, -539], [540, 541], [542, -541], [542, 543], [544, 545], [546, 547], [548, -547], [548, 549], [550, 551], [552, -551], [552, 553], [554, 555], [556, 557], [558, 560], [563, -560], [563, 565], [566, -566], [566, 566], [566, 567], [588, 589], [588, 590], [590, 591], [590, 592], [592, 593], [592, 594], [616, -616], [616, -614], [637, 638], [637, 641], [692, 694], [757, 758], [757, 760], [758, 757], [846, 847], [846, 848], [848, 849], [853, 856], [858, 860], [858, 899], [861, 865], [867, 870], [884, 885], [893, 894], [893, 896], [897, 858], [897, 898], [936, 937], [942, 943], [942, 945], [943, 942], [943, 944], [951, 952], [963, -961], [963, 965], [967, -965], [967, 969], [971, -969], [971, 973], [975, -973], [975, 977], [979, -977], [979, 981], [983, -981], [983, 985], [987, -985], [987, 989], [991, -989], [991, 993], [995, -993], [995, 997], [999, -997], [999, -771], [1046, 1048], [1051, 1052], [1151, 1153], [1155, 1156], [1170, 1171], [1180, 1181], [1180, 1182], [1202, 1205], [1205, 1208], [1210, -1210], [1210, 1210], [1210, 1211], [1211, 1212], [1211, 1213], [1249, 1250], [1254, 1255], [1277, 1278], [1302, 1307], [1309, 1310], [1338, 1340], [1353, 1355], [1396, 1397], [1396, 1399], [1470, 1471], [1470, 1472], [1489, 1490], [1489, 1494], [1491, 1493], [1495, 1497], [1500, 1502], [1504, 1508], [1514, 1517], [1576, 1577], [1576, 1578], [1622, 1623], [1623, 1624], [1641, 1642], [1641, 1644], [1644, 1647], [1649, 1652], [1653, 1656], [1679, 1682], [1703, 1704], [1734, 1736], [1740, 1741], [1740, 1745], [1742, 1743], [1742, 1745], [1753, 1755], [1767, 1769], [1792, 1793], [1792, 1794], [1819, 1822], [1842, 1843], [1842, 1851], [1845, 1848], [1887, 1888], [1887, 1893], [1890, 1887], [1890, 1891], [1905, 1906], [1905, 1908], [1908, 1909], [1908, 1910], [1910, 1911], [1910, 1913], [1914, 1915], [1930, 1931], [1930, 1946], [1932, -1932], [1932, 1932], [1932, 1934], [1934, 1935], [1934, 1938], [1938, -1938], [1938, 1938], [1938, 1939], [1939, 1940], [1983, 1984], [1993, 1994], [2001, 2002], [2057, 2058], [2057, 2062], [2065, 2066], [2065, 2067], [2082, -2070], [2082, 2083], [2088, 2089], [2088, 2092], [2105, 2109], [2113, 2114], [2121, 2126], [2129, 2133], [2133, -2133], [2133, 2133], [2133, 2134], [2172, 2173], [2172, 2183], [2175, 2176], [2175, 2183], [2176, 2177], [2176, 2183], [2177, 2178], [2183, -2167], [2183, 2184], [2190, -2190], [2190, -2187], [2190, 2190], [2264, 2265], [2264, 2266], [2296, 2297], [2296, 2302], [2297, 2298], [2298, 2299], [2298, 2301], [2332, -2332], [2332, -2327], [2397, 2398], [2397, 2399], [2419, 2425], [2429, 2430], [2429, 2437], [2431, 2432], [2898, 2899], [2898, 2900], [2967, 2968], [2973, 2975], [3401, 3403], [3426, 3427], [3427, -3425], [3432, 3433], [3433, -3431], [3469, 3470], [3469, 3471], [3485, -3483], [3485, 3486], [3485, 3487], [3493, 3494], [3493, 3495], [3495, 3496], [3513, 3514], [3513, 3532], [3515, 3518], [3518, 3519], [3518, 3521], [3521, -3521], [3521, 3521], [3521, 3522], [3526, 3527], [3526, 3529], [3538, 3542], [3542, 3543], [3543, 3546], [3546, 3547], [3546, 3550], [3547, 3546], [3547, 3548], [3557, 3561], [3562, 3563], [3562, 3569], [3565, 3562], [3565, 3566], [3566, 3562], [3566, 3567], [3571, 3572], [3571, 3574], [3574, 3582], [3589, 3590], [3590, 3589], [3590, 3591], [3599, 3600], [3599, 3602], [3600, 3599], [3600, 3601], [3611, 3613], [3611, 3614], [3620, -3620], [3620, -3617], [3620, 3620], [3625, 3626], [3625, 3627], [3627, -3627], [3627, -3623], [3627, 3627], [3646, 3647], [3646, 3648], [3648, 3649], [3653, 3656], [3653, 3657], [3658, -3658], [3658, 3659], [3658, 3666], [3661, 3662], [3661, 3665], [3666, 3670], [3670, 3674], [3685, 3686], [3685, 3692], [3693, 3694], [3722, 3723], [3793, 3794], [3793, 3802], [3802, 3803], [3802, 3811], [3804, -3804], [3804, 3804], [3804, 3805], [3805, 3811], [3811, 3812], [3853, 3854], [3880, 3883], [3904, 3905], [3904, 3906], [3926, 3927], [3926, 3931], [3927, -3925], [3927, 3928], [3928, -3925], [3928, 3929], [3934, -3925], [3934, 3935], [3965, 3967], [3982, 3983], [3982, 3984], [3984, 3985], [3985, -3985], [3985, 3985], [3985, 3986], [3995, -3995], [3995, -3992], [4164, 4165], [4171, 4174], [4176, 4181], [4181, 4185], [4217, 4220], [4220, 4221], [4242, 4243], [4301, 4302], [4311, 4321], [4321, 4331], [4333, 4335], [4337, 4338], [4337, 4355], [4341, 4337], [4386, 4387], [4392, 4393], [4403, -4403], [4403, 4403], [4403, 4405], [4434, 4443], [4443, -4443], [4443, 4454], [4456, -4456], [4456, 4456], [4456, 4457], [4472, 4474], [4617, 4618], [4617, 4625], [4620, -4620], [4620, 4622], [4625, 4626], [4628, -4628], [4628, 4630], [4647, -4647], [4647, -4644], [4654, 4655], [4654, 4656], [4656, 4657], [4678, 4679], [4680, 4681], [4680, 4684], [4704, -4703], [4704, 4705], [4705, 4704], [4705, 4706], [4734, -4734], [4734, 4734], [4734, 4735], [4734, 4736], [4737, 4739], [4737, 4744], [4744, 4747], [4747, 4749], [4749, 4750], [4762, 4763], [4774, 4775], [4774, 4776], [4791, 4792], [4791, 4793], [4804, 4805], [4804, 4806], [4819, 4820], [4819, 4821], [4829, -4829], [4829, -4827], [4829, 4830], [4830, 4831], [4830, 4833], [4834, 4829], [4834, 4835], [4835, 4834], [4835, 4836], [4839, 4840], [4839, 4841], [4850, 4851], [4850, 4853], [4853, 4854], [4866, 4867], [4866, 4868], [4871, 4872], [4871, 4873], [4911, 4915], [4915, 4916], [4915, 4919], [4925, 4926], [4925, 4931], [4926, 4927], [4926, 4929], [4933, 4934], [4933, 4937], [4937, 4938], [4937, 4939], [4939, 4942], [4942, 4943], [4942, 4944], [4944, 4947], [4947, 4948], [4952, 4958], [4962, 4963], [4962, 4964], [4974, 4975], [4979, 4980], [4979, 4981], [4989, 4993], [4994, -4994], [4994, 4997], [4997, 5002], [5011, 5012], [5011, 5013], [5021, 5023], [5021, 5025], [5025, -5025], [5025, 5025], [5025, 5029], [5030, -5030], [5030, 5030], [5030, 5033], [5037, 5038], [5037, 5039], [5048, 5053], [5053, -5053], [5053, 5053], [5053, 5056], [5062, 5064], [5062, 5068], [5064, 5067], [5071, 5072], [5071, 5073], [5081, 5085], [5085, 5089], [5089, 5093], [5099, -5099], [5099, 5099], [5099, 5100], [5103, 5104], [5103, 5106], [5114, 5115], [5114, 5116], [5138, 5139], [5138, 5140], [5162, 5163], [5162, 5164], [5173, 5174], [5173, 5177], [5177, 5178], [5184, -5184], [5184, 5185], [5185, -5185], [5185, 5187], [5200, 5201], [5200, 5208], [5210, 5211], [5228, 5229], [5228, 5230], [5242, 5246], [5247, 5251], [5256, 5257], [5256, 5258], [5281, 5282], [5281, 5283], [5283, 5284], [5283, 5286], [5289, -5288], [5289, 5290], [5298, 5299], [5323, 5324], [5340, 5344], [5344, 5345], [5344, 5348], [5346, 5347], [5354, 5355], [5354, 5359], [5356, 5354], [5389, 5390], [5413, 5414], [5413, 5415], [5445, 5446], [5445, 5452], [5446, 5447], [5446, 5450], [5453, 5454], [5453, 5457], [5457, 5458], [5457, 5462], [5462, -5462], [5462, 5462], [5462, 5463], [5475, 5477], [5484, 5485], [5484, 5491], [5507, 5512], [5529, 5530], [5529, 5558], [5534, 5534], [5534, 5540], [5544, 5546], [5548, 5550], [5550, 5529], [5550, 5552], [5554, 5555], [5561, -5560], [5582, 5583], [5582, 5585], [5602, 5603], [5602, 5615], [5603, 5602], [5603, 5604], [5607, 5608], [5607, 5612], [5612, 5602], [5622, 5623], [5622, 5628], [5623, 5622], [5623, 5624], [5624, 5625], [5625, 5626], [5648, 5649], [5648, 5650], [5654, 5655], [5654, 5656], [5668, 5669], [5668, 5671], [5669, 5668], [5669, 5670], [5674, 5675], [5674, 5676], [5701, 5705], [5707, 5708], [5707, 5711], [5711, 5715], [5718, 5719], [5718, 5722], [5732, 5733], [5732, 5734], [5749, 5750], [5749, 5753], [5750, -5750], [5750, 5750], [5750, 5751], [5756, 5757], [5756, 5758], [5769, 5773], [5776, 5777], [5776, 5780], [5784, 5785], [5784, 5786], [5830, 5831], [5830, 5832], [5907, 5908], [5907, 5909], [5919, 5923], [5931, 5932], [5931, 5934], [5934, 5937], [5940, 5944], [5944, 5948], [5948, 5949], [5948, 5956], [5949, 5951], [5951, 5952], [5951, 5953], [5953, 5948], [5953, 5954], [5962, 5963], [5962, 5979], [5968, 5962], [5968, 5969], [5970, 5968], [5970, 5971], [5971, 5970], [5971, 5972], [5973, 5974], [5982, 5983], [5982, 5984], [6003, 6004], [6021, 6022], [6021, 6045], [6022, 6023], [6032, 6033], [6032, 6043], [6035, 6036], [6053, 6054], [6053, 6076], [6054, 6055], [6065, 6066], [6065, 6074], [6069, 6070], [6080, 6081], [6080, 6097], [6081, 6080], [6081, 6082], [6082, 6080], [6082, 6083], [6083, 6085], [6089, 6080], [6089, 6090], [6091, 6092], [6092, 6093], [6102, 6106], [6106, 6107], [6106, 6118], [6113, 6114], [6113, 6116], [6121, 6125], [6125, 6131], [6131, 6150], [6155, 6156], [6155, 6157], [6166, 6170], [6170, 6171], [6170, 6198], [6171, 6174], [6177, 6181], [6181, 6185], [6185, 6170], [6185, 6186], [6186, 6187], [6186, 6188], [6189, 6190], [6189, 6191], [6191, 6192], [6191, 6194], [6202, 6203], [6202, 6204], [6222, 6227], [6228, 6233], [6234, 6235], [6234, 6247], [6237, 6247], [6251, 6252], [6251, 6256], [6263, 6264], [6263, 6265], [6297, 6298], [6297, 6299], [6319, 6320], [6319, 6321], [6354, 6355], [6354, 6358], [6359, 6360], [6359, 6361], [6361, 6362], [6361, 6364], [6372, 6373], [6372, 6380], [6376, 6377], [6376, 6380], [6382, 6383], [6382, 6388], [6383, 6384], [6383, 6386], [6390, 6391], [6390, 6398], [6394, 6395], [6394, 6398], [6400, 6405], [6411, 6412], [6411, 6413], [6435, 6436], [6435, 6437], [6452, 6453], [6452, 6454], [6471, 6475], [6475, 6479], [6486, 6488], [6495, 6496], [6495, 6497], [6504, 6505], [6504, 6506], [6509, 6510], [6509, 6511], [6525, 6530], [6533, 6534], [6533, 6549], [6534, 6535], [6535, 6538], [6540, 6541], [6540, 6543], [6544, 6547], [6578, 6579], [6583, 6584], [6585, 6587], [6587, -6574], [6593, -6593], [6593, 6594], [6593, 6596], [6598, -6590], [6598, 6599], [6611, 6612], [6611, 6613], [6631, 6632], [6631, 6636], [6632, 6633], [6634, 6635], [6646, 6649], [6649, 6651], [6651, 6652], [6651, 6655], [6656, 6657], [6656, 6659], [6657, 6656], [6665, 6666], [6665, 6695], [6669, 6670], [6669, 6675], [6670, 6671], [6670, 6673], [6675, 6679], [6679, 6680], [6679, 6682], [6682, 6683], [6682, 6685], [6685, 6686], [6685, 6688], [6689, 6690], [6695, 6696], [6695, 6698], [6701, 6702], [6701, 6704], [6704, 6705], [6704, 6707], [6710, 6711], [6710, 6712], [6742, 6746], [6746, 6748], [6748, 6751], [6755, 6756], [6755, 6758], [6761, 6762], [6761, 6767], [6767, 6768], [6772, 6773], [6772, 6774], [6789, 6793], [6794, 6799], [6799, -6799], [6799, 6800], [6800, 6801], [6800, 6806], [6801, 6802], [6802, -6802], [6802, 6802], [6802, 6808], [6808, 6809], [6808, 6863], [6809, 6810], [6809, 6812], [6815, 6819], [6821, 6822], [6821, 6860], [6829, 6830], [6829, 6832], [6834, 6835], [6834, 6837], [6837, 6841], [6844, 6845], [6844, 6847], [6852, 6821], [6852, 6853], [6860, 6808], [6860, 6861], [6891, 6897], [6912, 6916], [6924, 6925], [6924, 6926], [6943, 6947], [6952, 6956], [6957, 6958], [6957, 6987], [6963, 6964], [6963, 6967], [6969, 6973], [6973, 6976], [6979, 6980], [6990, 6991], [6990, 6992], [7006, 7010], [7015, 7016], [7020, 7021], [7020, 7022], [7035, 7039], [7044, 7045], [7044, 7050], [7046, 7048], [7048, 7044], [7048, 7049], [7054, 7055], [7054, 7056], [7069, 7073], [7078, 7079], [7078, 7084], [7080, 7082], [7082, 7078], [7082, 7083], [7088, 7089], [7088, 7090], [7106, 7107], [7106, 7113], [7108, -7108], [7108, 7108], [7108, 7109], [7109, -7109], [7109, 7109], [7109, 7110], [7110, 7113], [7119, 7120], [7119, 7177], [7121, 7124], [7126, 7131], [7135, 7136], [7135, 7138], [7141, 7142], [7141, 7146], [7148, 7149], [7148, 7153], [7154, 7155], [7154, 7157], [7160, 7161], [7160, 7166], [7170, -7170], [7170, 7170], [7170, 7171], [7170, 7175], [7177, 7178], [7182, 7183], [7182, 7184], [7200, 7201], [7200, 7202], [7212, 7217], [7225, 7229], [7233, -7233], [7233, 7233], [7233, 7235], [7235, 7236], [7238, 7239], [7238, 7245], [7249, 7250], [7249, 7251], [7261, 7266], [7266, 7271], [7277, 7278], [7277, 7281], [7282, 7283], [7282, 7287], [7290, 7291], [7290, 7292], [7313, 7314], [7313, 7334], [7317, 7318], [7317, 7320], [7320, 7326], [7326, 7331], [7331, -7331], [7331, 7331], [7331, 7332], [7338, -7338], [7338, 7338], [7338, 7340], [7340, 7341], [7340, 7352], [7344, 7345], [7344, 7350], [7345, 7346], [7345, 7348], [7355, 7356], [7355, 7357], [7372, 7376], [7377, 7380], [7403, 7404], [7403, 7406], [7412, 7413], [7412, 7419], [7424, 7425], [7424, 7430], [7433, 7434], [7433, 7435], [7450, 7454], [7454, 7458], [7458, 7459], [7458, 7462], [7465, 7466], [7465, 7481], [7474, 7478], [7481, 7484], [7488, 7489], [7510, -7510], [7510, 7510], [7510, 7511], [7514, 7515], [7514, 7516], [7530, 7535], [7539, 7540], [7539, 7541], [7600, 7601], [7612, 7613], [7612, 7615], [7615, -7615], [7615, 7619], [7619, 7622], [7624, 7627], [7630, 7633], [7633, 7634], [7636, 7637], [7636, 7655], [7637, 7640], [7642, 7645], [7645, 7647], [7657, 7659], [7663, 7666], [7670, 7671], [7670, 7674], [7689, 7690], [7690, -7690], [7690, 7690], [7690, 7691], [7763, 7767], [7775, -7775], [7775, -7774], [7775, 7775], [7786, 7790], [7790, -7790], [7790, 7790], [7790, 7792], [7800, 7801], [7800, 7850], [7806, 7807], [7806, 7809], [7812, 7813], [7812, 7815], [7815, 7816], [7815, 7833], [7818, 7827], [7827, 7829], [7829, 7830], [7829, 7835], [7837, 7800], [7837, 7838], [7843, 7848], [7854, 7855], [7974, -7974], [7974, -7972], [7983, 7986], [7983, 7990], [7987, 7988], [7987, 7990], [7987, 7993], [7988, -7988], [7988, 7987], [7988, 7988], [7995, -7995], [7995, 7995], [7995, 7996], [8003, 8008], [8013, 8014], [8013, 8036], [8014, 8015], [8014, 8017], [8019, 8020], [8019, 8022], [8022, 8023], [8022, 8031], [8025, 8026], [8027, 8028], [8027, 8029], [8031, 8013], [8031, 8032], [8041, 8042], [8043, 8044], [8043, 8065], [8044, 8045], [8044, 8063], [8046, 8044], [8046, 8047], [8048, 8056], [8056, 8057], [8061, 8062], [8065, 8066], [8065, 8069], [8066, -8066], [8066, -8038], [8066, 8066], [8075, 8079], [8079, 8083], [8086, 8091], [8095, 8096], [8097, 8100], [8104, 8105], [8104, 8110], [8106, -8106], [8106, 8106], [8106, 8107], [8118, 8122], [8129, 8130], [8129, 8131], [8131, 8132], [8131, 8133], [8141, 8144], [8144, 8145], [8146, 8147], [8146, 8148], [8148, 8150], [8150, 8152], [8152, 8153], [8152, 8154], [8154, 8144], [8163, 8166], [8166, 8169], [8169, 8173], [8176, 8177], [8176, 8203], [8178, 8179], [8178, 8180], [8180, 8182], [8182, 8183], [8189, 8190], [8189, 8195], [8191, 8195], [8208, 8209], [8208, 8211], [8212, 8213], [8212, 8217], [8213, 8214], [8214, 8212], [8220, -8219], [8220, 8221], [8223, 8226], [8230, 8231], [8230, 8235], [8242, 8243], [8242, 8244], [8258, 8259], [8258, 8260], [8272, 8276], [8280, 8281], [8280, 8287], [8282, 8292], [8287, 8289], [8289, 8290], [8297, 8298], [8297, 8299], [8311, 8315], [8317, 8318], [8324, 8325], [8324, 8326], [8337, 8338], [8337, 8339], [8345, 8346], [8355, 8356], [8355, 8357], [8374, 8378], [8383, 8384], [8383, 8389], [8392, 8393], [8392, 8395], [8418, 8419], [8418, 8430], [8424, 8426], [8433, 8434], [8433, 8435], [8447, 8448], [8447, 8449], [8461, 8462], [8461, 8463], [8475, 8476], [8475, 8477], [8489, 8490], [8489, 8491], [8512, 8516], [8516, 8520], [8524, 8525], [8524, 8533], [8525, 8526], [8525, 8533], [8534, 8535], [8534, 8539], [8542, 8543], [8542, 8544], [8556, 8557], [8556, 8558], [8570, 8571], [8570, 8572], [8584, 8585], [8584, 8586], [8598, 8599], [8598, 8600], [8612, 8616], [8629, 8632], [8639, 8640], [8639, 8686], [8640, 8641], [8640, 8643], [8650, 8652], [8650, 8655], [8656, 8657], [8656, 8662], [8662, 8663], [8663, 8664], [8663, 8669], [8669, 8670], [8670, 8671], [8670, 8683], [8672, 8673], [8672, 8674], [8674, 8675], [8674, 8677], [8689, 8690], [8689, 8691], [8724, 8725], [8724, 8729], [8726, 8724], [8726, 8727], [8729, 8730], [8729, 8733], [8748, 8749], [8748, 8752], [8752, 8756], [8756, 8765], [8766, 8767], [8766, 8770], [8778, 8779], [8778, 8781], [8784, 8785], [8784, 8786], [8795, 8796], [8795, 8810], [8798, 8801], [8802, 8803], [8802, 8805], [8810, 8811], [8811, 8812], [8826, 8827], [8826, 8828], [8839, 8840], [8839, 8841], [8851, 8855], [8855, 8858], [8863, 8864], [8863, 8877], [8864, 8865], [8864, 8867], [8867, 8868], [8867, 8869], [8869, 8874], [8875, 8863], [8875, 8876], [8881, 8882], [8881, 8883], [8883, 8885], [8885, 8886], [8885, 8888], [8893, 8896], [8919, 8920], [8919, 8921], [8939, 8940], [8939, 8953], [8940, 8946], [8956, 8957], [8956, 8958], [8970, 8971], [8970, 8975], [8975, 8976], [8975, 8983], [8987, 8991], [8994, 8995], [9002, 9003], [9002, 9007], [9008, 9009], [9008, 9015], [9011, 9012], [9018, 9019], [9018, 9020], [9035, 9036], [9035, 9037], [9046, 9050], [9064, 9065], [9064, 9066], [9075, 9079], [9089, 9090], [9089, 9091], [9107, 9111], [9111, 9114], [9129, 9130], [9129, 9132], [9137, 9138], [9137, 9141], [9157, 9158], [9161, 9162], [9161, 9164], [9179, 9180], [9179, 9181], [9198, 9199], [9198, 9200], [9223, 9224], [9223, 9225], [9241, 9245], [9247, 9250], [9258, 9259], [9258, 9269], [9261, 9263], [9275, 9276], [9275, 9280], [9281, 9286], [9290, 9291], [9290, 9292], [9311, 9312], [9313, 9325], [9331, 9332], [9331, 9341], [9332, 9331], [9332, 9333], [9335, 9339], [9341, 9342], [9341, 9343], [9343, 9344], [9350, 9351], [9350, 9352], [9375, 9376], [9375, 9383], [9377, -9377], [9377, 9377], [9377, 9380], [9380, -9371], [9380, 9381], [9393, -9393], [9393, 9393], [9393, 9394], [9394, -9394], [9394, 9394], [9394, 9397], [9402, 9403], [9402, 9410], [9406, 9410], [9411, -9411], [9411, 9411], [9411, 9413], [9415, 9416], [9415, 9440], [9419, 9420], [9420, -9420], [9420, 9421], [9420, 9423], [9426, 9427], [9433, 9434], [9433, 9436], [9443, 9444], [9443, 9445], [9458, 9459], [9458, 9460], [9480, 9481], [9480, 9482], [9491, 9492], [9491, 9493], [9500, 9503], [9508, 9509], [9508, 9510], [9530, 9531], [9530, 9532], [9551, 9552], [9551, 9557], [9552, 9551], [9552, 9553], [9562, 9563], [9562, 9564], [9591, 9592], [9642, 9643], [9642, 9653], [9643, 9644], [9653, 9654], [9653, 9656], [9687, 9688], [9687, 9689], [9702, 9703], [9702, 9704], [9710, 9713], [9716, 9717], [9716, 9718], [9724, 9728], [9731, 9732], [9731, 9733], [9743, 9744], [9752, 9753], [9760, 9761], [9760, 9762], [9769, 9771], [9774, 9775], [9774, 9776], [9783, 9785], [9788, 9789], [9788, 9790], [9803, 9805], [9808, 9809], [9808, 9810], [9817, 9818], [9823, 9824], [9823, 9826], [9859, 9860], [9942, 9943], [9982, -9982], [9982, 9982], [9982, 9983], [9984, -9984], [9984, 9984], [9984, 9985], [9989, 9990], [9989, 9997], [9990, 9991], [9991, 9990], [9991, 9992], [9997, 9998], [9997, 10016], [9999, 10000], [10000, 9999], [10000, 10001], [10005, 10006], [10007, 10008], [10007, 10010], [10032, 10036], [10059, 10060], [10059, 10062], [10072, 10074], [10072, 10075], [10087, 10088], [10111, 10115], [10115, 10116], [10115, 10120], [10120, 10121], [10120, 10132], [10122, -10122], [10122, 10122], [10122, 10123], [10123, 10124], [10124, 10125], [10132, 10133], [10132, 10139], [10147, 10150], [10152, 10153], [10152, 10155], [10159, 10160], [10159, 10162], [10165, 10166], [10165, 10167], [10173, 10177], [10179, 10183], [10183, 10187], [10190, 10191], [10190, 10198], [10191, 10192], [10191, 10193], [10193, 10194], [10193, 10196], [10236, 10237], [10236, 10247], [10240, 10241], [10240, 10244], [10248, 10249], [10248, 10251], [10251, 10252], [10251, 10254], [10280, 10281], [10280, 10302], [10281, 10283], [10281, 10291], [10283, 10284], [10283, 10288], [10291, 10280], [10291, 10292], [10298, 10299], [10298, 10300], [10302, 10304], [10344, 10345], [10344, 10351], [10345, 10346], [10382, 10385], [10385, -10385], [10385, 10385], [10385, 10386], [10385, 10388], [10393, 10394], [10393, 10400], [10397, 10400], [10416, 10417], [10416, 10420], [10417, 10416], [10417, 10418], [10423, 10424], [10423, 10425], [10439, 10440], [10439, 10441], [10452, 10455], [10459, 10460], [10459, 10461], [10472, 10475], [10476, -10476], [10476, 10477], [10485, 10486], [10485, 10487], [10498, 10499], [10498, 10500], [10586, 10590], [10592, 10596], [10597, 10601], [10601, 10602], [10601, 10605], [10603, 10601], [10610, 10611], [10614, 10618], [10618, 10619], [10618, 10622], [10625, -10625], [10625, 10625], [10625, 10626], [10646, 10647], [10646, 10654], [10649, 10650], [10698, 10700], [10698, 10706], [10708, 10709], [10708, 10710], [10715, -10715], [10715, 10715], [10715, 10716], [10715, 10717], [10721, -10719], [10721, 10722], [10721, 10723], [10730, 10733], [10754, 10755], [10754, 10758], [10758, -10750], [10758, 10759], [10758, 10780], [10759, 10758], [10759, 10760], [10763, 10764], [10763, 10767], [10785, 10788], [10789, 10792], [10793, 10794], [10793, 10796], [10798, 10819], [10819, -10819], [10819, 10820], [10820, 10821], [10820, 10839], [10821, 10824], [10824, -10824], [10824, 10824], [10824, 10825], [10825, -10825], [10825, 10825], [10825, 10826], [10826, 10830], [10915, 10916], [10915, 10925], [10939, 10954], [11010, 11013], [11022, 11024], [11028, 11029], [11028, 11039], [11036, 11038], [11055, 11061], [11072, -11072], [11072, 11073], [11084, 11085], [11084, 11087], [11087, 11088], [11087, 11089], [11097, 11099], [11099, 11100], [11099, 11103], [11100, 11102], [11107, -11105], [11107, 11108], [11132, 11134], [11132, 11144], [11135, 11136], [11144, 11145], [11145, 11146], [11146, 11147], [11160, 11162], [11166, 11167], [11166, 11168], [11168, -11164], [11172, -11171], [11172, 11173], [11192, 11193], [11192, 11194], [11216, 11217], [11216, 11218], [11218, -11214], [11218, 11220], [11220, -11214], [11220, 11221], [11220, 11235], [11223, 11226], [11226, 11227], [11226, 11234], [11229, 11230], [11229, 11231], [11240, -11237], [11240, 11241], [11240, 11242], [11247, -11244], [11247, 11248], [11247, 11252], [11249, 11250], [11249, 11251], [11257, -11254], [11257, 11258], [11257, 11259], [11262, 11263], [11262, 11264], [11268, -11266], [11268, 11269], [11268, 11270], [11276, 11277], [11276, 11278], [11300, 11301], [11300, 11302], [11310, 11311], [11310, 11312], [11312, 11313], [11312, 11317], [11313, 11314], [11313, 11316], [11322, 11323], [11322, 11324], [11324, 11325], [11324, 11326], [11361, 11362], [11361, 11363], [11363, 11366], [11394, -11391], [11394, 11395], [11394, 11403], [11396, 11398], [11399, 11401], [11412, -11410], [11412, 11413], [11412, 11414], [11423, 11424], [11423, 11425], [11426, 11428], [11449, 11450], [11449, 11455], [11449, 11456], [11453, 11449], [11464, 11465], [11464, 11467], [11467, 11470], [11470, 11471], [11496, 11497], [11497, 11498], [11497, 11501], [11502, 11503], [11503, 11504], [11503, 11507], [11508, 11509], [11509, 11510], [11509, 11513], [11518, 11523], [11523, 11524], [11523, 11529], [11525, 11523], [11541, 11543], [11543, 11544], [11543, 11546], [11546, 11547], [11546, 11550], [11548, 11550], [11581, 11584], [11584, 11585], [11584, 11588], [11588, 11594], [11600, 11600], [11600, 11601], [11601, 11603], [11604, 11608], [11611, 11601], [11611, 11612], [11662, 11663], [11662, 11664], [11668, 11669], [11668, 11671], [11672, -11667], [11675, 11676], [11676, 11681], [11681, 11691], [11693, 11699], [11711, 11712], [11711, 11718], [11725, 11730], [11741, 11743], [11747, 11748], [11750, 11751], [11776, 11781]], "missing_branches": [[112, 113], [112, 114], [172, 173], [180, 181], [201, 202], [202, 203], [202, 204], [209, 214], [223, 224], [246, 247], [247, 249], [247, 251], [251, 253], [251, 258], [263, 265], [381, 384], [398, 399], [400, 404], [428, 430], [466, 468], [468, 469], [468, 471], [482, 484], [494, 495], [544, -543], [546, -545], [550, -549], [554, -553], [556, -555], [558, -557], [692, 693], [758, 759], [848, 851], [853, 854], [861, 863], [867, 868], [884, 887], [936, 959], [951, 954], [1046, 1047], [1051, 1056], [1151, 1152], [1155, 1161], [1170, 1174], [1202, 1203], [1205, 1206], [1249, 1254], [1254, 1259], [1277, 1279], [1302, 1314], [1309, 1312], [1338, 1344], [1353, 1358], [1491, 1492], [1495, 1496], [1500, 1501], [1504, 1505], [1514, 1515], [1529, 1530], [1529, 1536], [1530, 1531], [1530, 1532], [1622, -1618], [1623, -1618], [1644, 1645], [1649, 1650], [1653, 1654], [1679, 1680], [1703, 1706], [1734, 1735], [1753, 1754], [1760, 1761], [1760, 1762], [1767, 1768], [1819, 1820], [1831, 1832], [1831, 1833], [1845, 1846], [1914, 1916], [1939, 1943], [1983, -1982], [1993, 1996], [2001, 2004], [2011, -2009], [2011, 2012], [2016, 2017], [2016, 2019], [2025, 2026], [2025, 2028], [2036, 2037], [2036, 2038], [2105, 2106], [2113, 2136], [2121, 2122], [2129, 2130], [2133, 2113], [2177, 2183], [2197, 2198], [2197, 2201], [2202, 2203], [2202, 2205], [2216, 2217], [2216, 2220], [2222, 2223], [2222, 2226], [2227, 2228], [2227, 2230], [2231, 2233], [2231, 2238], [2233, 2234], [2233, 2235], [2297, 2296], [2332, 2333], [2419, 2420], [2421, 2422], [2421, 2424], [2431, 2433], [2433, 2434], [2433, 2436], [2489, 2490], [2489, 2491], [2491, 2493], [2491, 2494], [2494, 2495], [2494, 2496], [2504, 2505], [2504, 2506], [2506, 2507], [2506, 2509], [2517, 2518], [2517, 2520], [2518, 2519], [2518, 2525], [2520, 2521], [2520, 2524], [2521, 2522], [2521, 2525], [2530, 2532], [2530, 2535], [2535, 2537], [2535, 2540], [2544, 2545], [2544, 2548], [2550, 2551], [2550, 2553], [2551, 2552], [2551, 2568], [2553, 2554], [2553, 2556], [2554, 2555], [2554, 2568], [2556, 2557], [2556, 2559], [2557, 2558], [2557, 2568], [2559, 2560], [2559, 2562], [2560, 2561], [2560, 2568], [2562, 2563], [2562, 2566], [2563, 2564], [2563, 2568], [2572, 2573], [2572, 2575], [2576, 2577], [2576, 2578], [2616, 2617], [2616, 2618], [2622, 2623], [2622, 2624], [2648, 2649], [2648, 2650], [2650, 2651], [2650, 2652], [2652, 2653], [2652, 2654], [2658, 2659], [2658, 2661], [2670, -2670], [2670, 2671], [2674, 2675], [2674, 2698], [2675, 2676], [2675, 2698], [2676, 2677], [2676, 2678], [2678, 2679], [2678, 2681], [2681, 2682], [2681, 2684], [2684, 2685], [2684, 2686], [2686, 2687], [2686, 2698], [2687, 2688], [2687, 2698], [2688, 2689], [2688, 2690], [2690, 2691], [2690, 2692], [2692, 2693], [2692, 2694], [2694, 2695], [2694, 2696], [2696, 2697], [2696, 2698], [2701, 2702], [2701, 2708], [2703, 2704], [2703, 2705], [2708, 2709], [2708, 2716], [2710, 2711], [2710, 2712], [2713, 2714], [2713, 2715], [2716, 2717], [2716, 2722], [2718, 2719], [2718, 2720], [2779, 2780], [2779, 2781], [2794, 2795], [2794, 2796], [2796, 2797], [2796, 2798], [2798, 2799], [2798, 2800], [2837, 2838], [2837, 2859], [2840, 2841], [2840, 2843], [2841, 2842], [2841, 2859], [2843, 2844], [2843, 2846], [2844, 2845], [2844, 2859], [2846, 2849], [2846, 2852], [2850, 2851], [2850, 2859], [2852, 2855], [2852, 2859], [2856, 2857], [2856, 2859], [2859, 2860], [2859, 2861], [2923, -2923], [2923, 2924], [2928, 2929], [2928, 2930], [2930, 2931], [2930, 2932], [2932, 2933], [2932, 2934], [2934, 2935], [2934, 2936], [2936, 2937], [2936, 2939], [2939, 2940], [2939, 2941], [2941, 2942], [2941, 2943], [2943, 2944], [2943, 2945], [2945, 2946], [2945, 2947], [2947, 2948], [2947, 2949], [2949, 2950], [2949, 2951], [2951, 2952], [2951, 2953], [2953, 2954], [2953, 2955], [2955, 2956], [2955, 2957], [2957, 2958], [2957, 2959], [2959, 2960], [2959, 2961], [2961, 2962], [2961, 2963], [2967, 2970], [2971, 2972], [2971, 2973], [2973, 2974], [2994, 2995], [2994, 2996], [3084, 3085], [3084, 3087], [3102, -3102], [3102, 3103], [3105, 3106], [3105, 3111], [3106, 3107], [3106, 3111], [3107, 3108], [3107, 3111], [3108, 3109], [3108, 3111], [3109, 3110], [3109, 3111], [3115, 3116], [3115, 3118], [3119, 3120], [3119, 3121], [3189, 3190], [3189, 3191], [3210, -3210], [3210, 3211], [3214, 3215], [3214, 3230], [3215, 3216], [3215, 3230], [3216, 3217], [3216, 3230], [3217, 3218], [3217, 3230], [3218, 3219], [3218, 3230], [3219, 3220], [3219, 3230], [3220, 3221], [3220, 3230], [3221, 3222], [3221, 3230], [3222, 3223], [3222, 3230], [3223, 3224], [3223, 3230], [3224, 3225], [3224, 3230], [3225, 3226], [3225, 3230], [3226, 3227], [3226, 3230], [3227, 3228], [3227, 3230], [3228, 3229], [3228, 3230], [3234, 3235], [3234, 3237], [3238, 3239], [3238, 3240], [3348, 3349], [3348, 3350], [3350, 3351], [3350, 3352], [3352, 3353], [3352, 3354], [3354, 3355], [3354, 3356], [3356, 3357], [3356, 3358], [3358, 3359], [3358, 3360], [3360, 3361], [3360, 3362], [3362, 3363], [3362, 3364], [3368, 3369], [3368, 3371], [3372, 3373], [3372, 3374], [3401, 3402], [3408, 3409], [3408, 3411], [3411, 3412], [3411, 3415], [3417, 3418], [3417, 3422], [3426, -3425], [3427, 3428], [3432, -3431], [3433, 3434], [3438, -3437], [3438, 3439], [3439, -3437], [3439, 3440], [3444, -3443], [3444, 3445], [3445, -3443], [3445, 3446], [3456, 3457], [3456, 3459], [3457, 3456], [3457, 3458], [3477, 3478], [3477, 3479], [3495, 3497], [3515, 3516], [3538, 3539], [3542, 3546], [3543, 3544], [3557, 3558], [3574, 3575], [3577, 3578], [3577, 3580], [3589, 3592], [3648, 3651], [3666, 3672], [3670, 3671], [3693, 3696], [3697, 3698], [3697, 3700], [3700, 3701], [3700, 3705], [3701, 3700], [3701, 3702], [3702, 3703], [3702, 3704], [3722, 3725], [3725, 3726], [3725, 3739], [3731, 3732], [3731, 3737], [3805, 3806], [3811, 3819], [3839, 3840], [3839, 3842], [3853, 3859], [3860, 3861], [3860, 3865], [3880, 3881], [3965, 3966], [3984, 3988], [4001, 4002], [4001, 4003], [4004, 4005], [4004, 4006], [4164, 4167], [4171, 4172], [4176, -4170], [4181, 4182], [4191, 4192], [4191, 4194], [4217, 4218], [4220, 4230], [4242, 4244], [4301, 4304], [4311, 4312], [4313, 4314], [4313, 4321], [4315, 4316], [4315, 4318], [4321, 4322], [4323, 4324], [4323, 4331], [4325, 4326], [4325, 4329], [4333, 4355], [4341, 4342], [4343, 4337], [4343, 4345], [4386, 4389], [4392, 4396], [4407, 4408], [4407, 4411], [4434, 4435], [4435, 4436], [4435, 4441], [4443, 4444], [4444, 4445], [4444, 4450], [4460, 4461], [4460, 4466], [4472, 4475], [4508, 4509], [4508, 4513], [4620, 4621], [4625, 4633], [4628, 4629], [4647, 4648], [4656, 4658], [4678, 4683], [4744, 4745], [4747, 4748], [4749, 4751], [4762, 4767], [4787, 4788], [4787, 4789], [4816, -4816], [4816, -4815], [4853, 4858], [4911, 4912], [4939, 4940], [4944, 4945], [4947, 4950], [4952, 4953], [4953, 4954], [4953, 4956], [4974, 4976], [4989, 4990], [4997, 4998], [4999, -4999], [4999, 5000], [5000, 5001], [5000, 5002], [5048, 5050], [5064, 5065], [5081, 5082], [5085, 5086], [5089, 5090], [5130, -5130], [5130, 5132], [5132, 5133], [5132, 5134], [5154, -5154], [5154, 5156], [5156, 5157], [5156, 5158], [5177, 5179], [5210, 5213], [5242, 5243], [5247, 5248], [5298, -5298], [5298, -5295], [5323, 5327], [5327, -5320], [5327, 5328], [5340, 5341], [5346, 5344], [5356, 5357], [5389, 5393], [5394, 5395], [5394, 5396], [5395, -5395], [5395, 5394], [5396, 5397], [5396, 5399], [5397, -5397], [5397, 5396], [5399, 5400], [5399, 5410], [5400, 5399], [5400, 5401], [5403, 5400], [5403, 5404], [5475, 5476], [5507, 5508], [5534, 5538], [5544, 5545], [5548, 5549], [5554, 5529], [5561, 5562], [5563, 5564], [5563, 5573], [5564, 5563], [5564, 5565], [5565, 5566], [5565, 5567], [5568, 5563], [5568, 5569], [5569, -5560], [5569, 5570], [5612, 5613], [5624, 5622], [5625, 5622], [5632, 5633], [5632, 5635], [5633, 5632], [5633, 5634], [5660, 5661], [5660, 5663], [5661, 5660], [5661, 5662], [5701, 5702], [5711, 5712], [5769, 5770], [5797, 5798], [5797, 5801], [5807, 5808], [5807, 5810], [5825, 5826], [5825, 5827], [5841, 5842], [5841, 5845], [5845, 5846], [5845, 5849], [5852, 5853], [5852, 5887], [5864, -5864], [5864, 5865], [5873, 5874], [5873, 5878], [5881, 5882], [5881, 5885], [5888, 5889], [5888, 5891], [5919, 5920], [5934, 5935], [5940, 5941], [5944, 5945], [5949, 5950], [5973, 5977], [6003, 6006], [6022, 6025], [6035, 6039], [6054, 6057], [6069, 6071], [6083, 6080], [6091, 6096], [6092, 6096], [6102, 6103], [6121, 6122], [6122, 6123], [6122, 6125], [6125, 6126], [6126, 6127], [6126, 6129], [6127, -6127], [6127, 6131], [6129, -6129], [6129, 6131], [6131, 6132], [6134, 6135], [6134, 6144], [6138, 6139], [6138, 6141], [6141, 6142], [6141, 6152], [6145, 6146], [6145, 6148], [6166, 6167], [6171, 6172], [6177, 6178], [6181, 6182], [6222, 6223], [6228, 6229], [6237, 6238], [6400, 6401], [6471, 6472], [6475, 6476], [6486, 6491], [6525, 6526], [6534, 6550], [6535, 6536], [6544, 6545], [6578, 6581], [6583, 6585], [6585, 6586], [6587, 6588], [6632, 6636], [6634, 6632], [6646, 6647], [6649, 6650], [6657, 6658], [6675, 6676], [6689, 6691], [6725, 6726], [6725, 6730], [6726, 6727], [6726, 6728], [6731, 6732], [6731, 6735], [6742, 6743], [6746, 6747], [6748, 6749], [6767, 6769], [6789, 6790], [6794, 6795], [6801, 6804], [6804, -6804], [6804, 6808], [6815, 6816], [6837, 6838], [6878, 6879], [6878, 6881], [6886, -6886], [6886, 6887], [6891, 6892], [6912, 6913], [6943, 6944], [6952, 6953], [6969, 6970], [6973, 6974], [6979, 6982], [7006, 7007], [7015, 7017], [7035, 7036], [7046, 7047], [7069, 7070], [7080, 7081], [7110, 7111], [7121, 7122], [7126, 7127], [7177, 7179], [7212, 7213], [7225, 7226], [7235, 7246], [7261, 7262], [7266, 7267], [7320, 7321], [7321, 7313], [7321, 7322], [7322, 7313], [7322, 7323], [7323, 7313], [7323, 7324], [7324, 7313], [7324, 7326], [7326, 7327], [7372, 7373], [7377, 7378], [7450, 7451], [7454, 7455], [7474, 7476], [7481, 7482], [7488, 7493], [7530, 7531], [7600, 7602], [7615, 7616], [7619, 7620], [7624, 7625], [7630, 7631], [7633, 7636], [7637, 7638], [7642, 7643], [7643, 7644], [7643, 7645], [7645, 7646], [7648, 7650], [7648, 7651], [7657, 7658], [7663, 7664], [7689, 7695], [7704, 7705], [7704, 7749], [7705, 7706], [7705, 7708], [7710, 7711], [7710, 7713], [7716, 7719], [7716, 7722], [7731, 7732], [7731, 7734], [7735, 7736], [7735, 7738], [7739, 7740], [7739, 7742], [7744, 7745], [7744, 7747], [7749, 7750], [7749, 7752], [7763, 7764], [7786, 7787], [7787, -7787], [7787, 7792], [7818, 7819], [7820, 7821], [7820, 7825], [7827, 7828], [7843, 7844], [7843, 7846], [7854, 7857], [7864, 7865], [7864, 7866], [7866, 7867], [7866, 7870], [7871, 7873], [7871, 7876], [7879, 7880], [7879, 7883], [7883, 7884], [7883, 7887], [7894, 7895], [7894, 7901], [7903, 7904], [7903, 7907], [7925, 7926], [7925, 7928], [7931, 7932], [7931, 7954], [7932, 7933], [7932, 7935], [7935, 7936], [7935, 7939], [7936, 7931], [7936, 7937], [7940, 7941], [7940, 7943], [7943, 7931], [7943, 7945], [7950, 7931], [7950, 7951], [7951, 7950], [7951, 7952], [7954, 7955], [7954, 7957], [7957, -7957], [7957, 7959], [7960, 7961], [7960, 7965], [7967, 7968], [7967, 7969], [7983, 7984], [8003, 8004], [8005, 8006], [8005, 8007], [8025, 8029], [8041, -8038], [8048, 8049], [8051, 8052], [8051, 8054], [8056, 8059], [8061, 8044], [8075, 8076], [8079, 8080], [8086, 8087], [8088, 8089], [8088, 8091], [8095, 8135], [8097, 8098], [8118, 8119], [8141, 8142], [8144, 8157], [8148, 8149], [8150, 8151], [8154, 8155], [8163, 8164], [8166, 8167], [8169, 8170], [8180, 8181], [8182, 8198], [8191, 8192], [8198, 8199], [8198, 8200], [8213, 8212], [8214, 8215], [8215, 8212], [8215, 8216], [8223, 8224], [8272, 8273], [8282, 8283], [8287, 8288], [8289, 8292], [8311, 8312], [8317, 8320], [8345, 8349], [8350, 8351], [8350, 8352], [8374, 8375], [8424, 8425], [8425, -8425], [8425, 8426], [8512, 8513], [8516, 8517], [8612, 8613], [8629, 8630], [8662, 8683], [8669, 8683], [8752, 8753], [8756, 8757], [8758, 8759], [8758, 8762], [8798, 8799], [8810, 8822], [8811, 8815], [8815, 8816], [8815, 8820], [8851, 8852], [8855, 8856], [8869, 8870], [8871, 8863], [8871, 8872], [8883, 8884], [8893, 8894], [8940, 8941], [8941, 8942], [8941, 8943], [8943, 8944], [8943, 8946], [8987, 8988], [8994, 9002], [9011, 9013], [9046, 9047], [9075, 9076], [9107, 9108], [9111, 9112], [9157, 9176], [9241, 9242], [9247, 9248], [9261, 9262], [9281, 9282], [9311, 9316], [9313, 9314], [9316, 9317], [9316, 9322], [9318, 9319], [9318, 9325], [9335, 9336], [9343, 9346], [9406, 9407], [9419, 9423], [9426, 9430], [9466, 9467], [9466, 9470], [9471, 9472], [9471, 9474], [9500, 9501], [9523, 9524], [9523, 9526], [9591, 9595], [9595, 9596], [9595, 9597], [9623, 9624], [9623, 9628], [9625, 9626], [9625, 9630], [9630, 9631], [9630, 9635], [9632, 9633], [9632, 9636], [9643, 9651], [9710, 9711], [9724, 9725], [9726, 9727], [9726, 9728], [9743, 9746], [9752, 9757], [9769, 9770], [9783, 9784], [9803, 9804], [9817, 9819], [9859, -9859], [9912, 9913], [9912, 9914], [9923, 9924], [9923, 9926], [9928, 9929], [9928, 9939], [9934, 9935], [9934, 9939], [9942, 9944], [9945, 9946], [9945, 9947], [9990, 9989], [9999, 9997], [10005, 10010], [10032, 10033], [10087, 10089], [10111, 10112], [10123, 10130], [10124, 10128], [10147, 10148], [10173, 10174], [10179, 10180], [10183, 10184], [10208, 10210], [10208, 10212], [10210, -10210], [10210, -10205], [10212, 10214], [10212, 10217], [10214, -10214], [10214, -10205], [10217, -10217], [10217, -10205], [10271, 10272], [10271, 10274], [10302, 10303], [10322, 10323], [10322, 10326], [10326, 10327], [10326, 10328], [10345, 10349], [10367, 10368], [10367, 10371], [10382, 10383], [10397, 10398], [10452, 10453], [10472, 10473], [10515, 10516], [10515, 10519], [10520, 10521], [10520, 10524], [10534, -10534], [10534, 10536], [10553, 10554], [10553, 10560], [10563, 10564], [10563, 10565], [10586, 10587], [10592, 10593], [10597, 10598], [10603, 10604], [10610, 10622], [10614, 10615], [10636, -10634], [10636, 10637], [10637, -10634], [10637, 10638], [10649, 10651], [10730, 10731], [10785, 10786], [10789, 10790], [10798, 10799], [10821, 10822], [10826, 10827], [10849, -10841], [10849, 10850], [10853, -10853], [10853, 10857], [10867, -10863], [10867, 10872], [10873, 10874], [10873, 10876], [10876, 10877], [10876, 10879], [10885, 10886], [10885, 10887], [10887, 10888], [10887, 10890], [10891, 10892], [10891, 10894], [10892, 10891], [10892, 10893], [10939, 10940], [10943, 10944], [10943, 10954], [10948, 10949], [10948, 10954], [10960, 10961], [10960, 10983], [10966, 10967], [10966, 10968], [10968, 10969], [10968, 10970], [10970, 10971], [10970, 10973], [10976, 10977], [10976, 10983], [10983, 10984], [10983, 11002], [10988, -10988], [10988, 10990], [10990, 10991], [10990, 11002], [10993, 10994], [10993, 10997], [10994, 10993], [10994, 10995], [11003, 11004], [11003, 11005], [11010, 11012], [11022, 11023], [11036, 11037], [11043, 11044], [11043, 11045], [11055, 11058], [11097, 11098], [11100, 11101], [11112, -11110], [11112, 11113], [11135, -11130], [11144, -11130], [11145, -11130], [11146, -11130], [11160, 11161], [11168, 11169], [11218, 11219], [11223, 11224], [11345, 11346], [11345, 11347], [11347, 11348], [11347, 11349], [11349, 11350], [11349, 11351], [11363, 11364], [11396, 11397], [11399, 11400], [11426, 11427], [11453, 11454], [11467, 11468], [11470, 11474], [11496, 11501], [11502, 11507], [11508, 11513], [11518, 11519], [11525, 11526], [11541, 11542], [11548, 11549], [11581, 11582], [11588, 11589], [11589, 11590], [11589, 11594], [11590, -11590], [11590, 11591], [11600, -11600], [11601, 11616], [11604, 11605], [11672, 11673], [11675, -52], [11676, 11677], [11681, 11682], [11693, 11694], [11725, 11727], [11741, 11745], [11747, 11775], [11750, 11767], [11776, 11777]]}}, "totals": {"covered_lines": 6037, "num_statements": 7947, "percent_covered": 71.66494312306101, "percent_covered_display": "72", "missing_lines": 1910, "excluded_lines": 0, "num_branches": 2690, "num_partial_branches": 430, "covered_branches": 1586, "missing_branches": 1104}}